#
# There is insufficient memory for the Java Runtime Environment to continue.
# Native memory allocation (malloc) failed to allocate 1303136 bytes for Chunk::new
# Possible reasons:
#   The system is out of physical RAM or swap space
#   The process is running with CompressedOops enabled, and the Java Heap may be blocking the growth of the native heap
# Possible solutions:
#   Reduce memory load on the system
#   Increase physical memory or swap space
#   Check if swap backing store is full
#   Decrease Java heap size (-Xmx/-Xms)
#   Decrease number of Java threads
#   Decrease Java thread stack sizes (-Xss)
#   Set larger code cache with -XX:ReservedCodeCacheSize=
#   JVM is running with Unscaled Compressed Oops mode in which the Java heap is
#     placed in the first 4GB address space. The Java Heap base address is the
#     maximum limit for the native heap growth. Please use -XX:HeapBaseMinAddress
#     to set the Java Heap base and to place the Java Heap above 4GB virtual address.
# This output file may be truncated or incomplete.
#
#  Out of Memory Error (allocation.cpp:389), pid=16660, tid=0x000000000000222c
#
# JRE version: OpenJDK Runtime Environment (8.0_242-b01) (build 1.8.0_242-release-1644-b01)
# Java VM: OpenJDK 64-Bit Server VM (25.242-b01 mixed mode windows-amd64 compressed oops)
# Failed to write core dump. Minidumps are not enabled by default on client versions of Windows
#

---------------  T H R E A D  ---------------

Current thread (0x0000000015f85800):  JavaThread "C2 CompilerThread0" daemon [_thread_in_native, id=8748, stack(0x00000000175c0000,0x00000000176c0000)]

Stack: [0x00000000175c0000,0x00000000176c0000]
[error occurred during error reporting (printing stack bounds), id 0xc0000005]

Native frames: (J=compiled Java code, j=interpreted, Vv=VM code, C=native code)


Current CompileTask:
C2:  88584 6717       4       sun.reflect.generics.parser.SignatureParser::parseFieldTypeSignature (73 bytes)


---------------  P R O C E S S  ---------------

Java Threads: ( => current thread )
  0x00000000189d5800 JavaThread "Cache worker for file content cache (E:\Cairo Cart\Cairo Cart\.gradle\6.1.1\fileContent)" [_thread_blocked, id=1512, stack(0x0000000024600000,0x0000000024700000)]
  0x00000000189d5000 JavaThread "Cache worker for file content cache (C:\Users\Ahmed\.gradle\caches\6.1.1\fileContent)" [_thread_blocked, id=3612, stack(0x0000000024500000,0x0000000024600000)]
  0x000000001f7c4000 JavaThread "Memory manager" [_thread_blocked, id=17388, stack(0x0000000024400000,0x0000000024500000)]
  0x000000001f7c2800 JavaThread "Cache worker for Build Output Cleanup Cache (E:\Cairo Cart\Cairo Cart\.gradle\buildOutputCleanup)" [_thread_blocked, id=17328, stack(0x0000000024300000,0x0000000024400000)]
  0x000000001f7c2000 JavaThread "pool-2-thread-1" [_thread_blocked, id=11244, stack(0x0000000024200000,0x0000000024300000)]
  0x000000001f7c1000 JavaThread "Build operations Thread 4" [_thread_blocked, id=1796, stack(0x0000000024100000,0x0000000024200000)]
  0x000000001f7c0800 JavaThread "Build operations Thread 3" [_thread_blocked, id=10572, stack(0x0000000024000000,0x0000000024100000)]
  0x000000001f7bf000 JavaThread "Build operations Thread 2" [_thread_blocked, id=3084, stack(0x0000000023f00000,0x0000000024000000)]
  0x000000001f7b9000 JavaThread "Build operations" [_thread_blocked, id=16084, stack(0x0000000023e00000,0x0000000023f00000)]
  0x000000001f7bf800 JavaThread "Cache worker for cache directory md-rule (C:\Users\Ahmed\.gradle\caches\6.1.1\md-rule)" [_thread_blocked, id=2568, stack(0x0000000023d00000,0x0000000023e00000)]
  0x000000001f7b7800 JavaThread "Cache worker for cache directory md-supplier (C:\Users\Ahmed\.gradle\caches\6.1.1\md-supplier)" [_thread_blocked, id=5464, stack(0x0000000023c00000,0x0000000023d00000)]
  0x000000001f7b8000 JavaThread "Cache worker for file hash cache (E:\Cairo Cart\Cairo Cart\.gradle\6.1.1\fileHashes)" [_thread_blocked, id=14192, stack(0x0000000023b00000,0x0000000023c00000)]
  0x000000001f7be000 JavaThread "Cache worker for checksums cache (E:\Cairo Cart\Cairo Cart\.gradle\checksums)" [_thread_blocked, id=4032, stack(0x0000000023a00000,0x0000000023b00000)]
  0x000000001f7bd800 JavaThread "Thread-30" [_thread_blocked, id=7488, stack(0x0000000023900000,0x0000000023a00000)]
  0x000000001f7bc800 JavaThread "Stdin handler" [_thread_blocked, id=16104, stack(0x0000000023800000,0x0000000023900000)]
  0x000000001f7b6800 JavaThread "Asynchronous log dispatcher for DefaultDaemonConnection: socket connection from /127.0.0.1:52263 to /127.0.0.1:52437" [_thread_blocked, id=6428, stack(0x0000000023700000,0x0000000023800000)]
  0x000000001f7bb000 JavaThread "Cancel handler" [_thread_blocked, id=1404, stack(0x0000000023600000,0x0000000023700000)]
  0x000000001f7b5000 JavaThread "Handler for socket connection from /127.0.0.1:52263 to /127.0.0.1:52437" [_thread_in_native, id=5272, stack(0x0000000023500000,0x0000000023600000)]
  0x00000000189cf800 JavaThread "Cache worker for execution history cache (C:\Users\Ahmed\.gradle\caches\6.1.1\executionHistory)" [_thread_blocked, id=15816, stack(0x000000001e8e0000,0x000000001e9e0000)]
  0x00000000189d2800 JavaThread "Cache worker for file hash cache (C:\Users\Ahmed\.gradle\caches\6.1.1\fileHashes)" [_thread_blocked, id=13200, stack(0x000000001bd40000,0x000000001be40000)]
  0x00000000189d4000 JavaThread "File lock request listener" [_thread_in_native, id=16868, stack(0x000000001bc40000,0x000000001bd40000)]
  0x000000001935c000 JavaThread "Cache worker for journal cache (C:\Users\Ahmed\.gradle\caches\journal-1)" [_thread_blocked, id=7356, stack(0x000000001bb40000,0x000000001bc40000)]
  0x0000000019cde000 JavaThread "Daemon worker" [_thread_in_Java, id=16372, stack(0x000000001b540000,0x000000001b640000)]
  0x0000000019cc2000 JavaThread "Daemon" [_thread_blocked, id=8260, stack(0x000000001b040000,0x000000001b140000)]
  0x0000000019c43800 JavaThread "Daemon periodic checks" [_thread_blocked, id=16952, stack(0x000000001af40000,0x000000001b040000)]
  0x0000000019c29800 JavaThread "Incoming local TCP Connector on port 52263" [_thread_in_native, id=7820, stack(0x0000000017fc0000,0x00000000180c0000)]
  0x0000000019b23800 JavaThread "Daemon health stats" [_thread_blocked, id=16652, stack(0x0000000017ec0000,0x0000000017fc0000)]
  0x000000001792e000 JavaThread "Service Thread" daemon [_thread_blocked, id=9908, stack(0x0000000017cc0000,0x0000000017dc0000)]
  0x0000000015fd4000 JavaThread "C1 CompilerThread2" daemon [_thread_blocked, id=11904, stack(0x00000000177c0000,0x00000000178c0000)]
  0x0000000015f89000 JavaThread "C2 CompilerThread1" daemon [_thread_in_native, id=7684, stack(0x00000000176c0000,0x00000000177c0000)]
=>0x0000000015f85800 JavaThread "C2 CompilerThread0" daemon [_thread_in_native, id=8748, stack(0x00000000175c0000,0x00000000176c0000)]
  0x0000000015f84000 JavaThread "Attach Listener" daemon [_thread_blocked, id=11592, stack(0x00000000174c0000,0x00000000175c0000)]
  0x0000000015fd2800 JavaThread "Signal Dispatcher" daemon [_thread_blocked, id=16716, stack(0x00000000173c0000,0x00000000174c0000)]
  0x000000000260c000 JavaThread "Finalizer" daemon [_thread_blocked, id=4792, stack(0x00000000171d0000,0x00000000172d0000)]
  0x0000000015f69000 JavaThread "Reference Handler" daemon [_thread_blocked, id=10252, stack(0x00000000170d0000,0x00000000171d0000)]
  0x0000000000b5d800 JavaThread "main" [_thread_blocked, id=7656, stack(0x0000000002410000,0x0000000002510000)]

Other Threads:
  0x0000000015f46800 VMThread [stack: 0x0000000016fd0000,0x00000000170d0000] [id=4348]
  0x000000001792f000 WatcherThread [stack: 0x0000000017dc0000,0x0000000017ec0000] [id=14684]

VM state:not at safepoint (normal execution)

VM Mutex/Monitor currently owned by a thread: None

heap address: 0x00000000a0000000, size: 1536 MB, Compressed Oops mode: 32-bit
Narrow klass base: 0x0000000000000000, Narrow klass shift: 3
Compressed class space size: 1073741824 Address: 0x0000000100000000

Heap:
 PSYoungGen      total 226304K, used 117665K [0x00000000e0000000, 0x00000000f0c80000, 0x0000000100000000)
  eden space 205312K, 57% used [0x00000000e0000000,0x00000000e72e8408,0x00000000ec880000)
  from space 20992K, 0% used [0x00000000edc80000,0x00000000edc80000,0x00000000ef100000)
  to   space 20480K, 0% used [0x00000000ec880000,0x00000000ec880000,0x00000000edc80000)
 ParOldGen       total 217600K, used 43399K [0x00000000a0000000, 0x00000000ad480000, 0x00000000e0000000)
  object space 217600K, 19% used [0x00000000a0000000,0x00000000a2a61f78,0x00000000ad480000)
 Metaspace       used 63969K, capacity 66326K, committed 66432K, reserved 1105920K
  class space    used 8550K, capacity 9086K, committed 9088K, reserved 1048576K

Card table byte_map: [0x00000000119d0000,0x0000000011ce0000] byte_map_base: 0x00000000114d0000

Marking Bits: (ParMarkBitMap*) 0x00000000692df030
 Begin Bits: [0x00000000122e0000, 0x0000000013ae0000)
 End Bits:   [0x0000000013ae0000, 0x00000000152e0000)

Polling page: 0x0000000000af0000

CodeCache: size=245760Kb used=19521Kb max_used=19521Kb free=226238Kb
 bounds [0x0000000002610000, 0x0000000003940000, 0x0000000011610000]
 total_blobs=6738 nmethods=5952 adapters=698
 compilation: enabled

Compilation events (10 events):
Event: 88.480 Thread 0x0000000015fd4000 6788       3       java.util.logging.Logger::isLoggable (25 bytes)
Event: 88.480 Thread 0x0000000015fd4000 nmethod 6788 0x000000000392f3d0 code [0x000000000392f540, 0x000000000392f7d0]
Event: 88.482 Thread 0x0000000015fd4000 6789       3       sun.reflect.UnsafeObjectFieldAccessorImpl::set (56 bytes)
Event: 88.484 Thread 0x0000000015fd4000 nmethod 6789 0x000000000392f890 code [0x000000000392fb40, 0x0000000003931428]
Event: 88.551 Thread 0x0000000015fd4000 6790       3       java.util.EnumMap::unmaskNull (13 bytes)
Event: 88.552 Thread 0x0000000015fd4000 nmethod 6790 0x0000000003931dd0 code [0x0000000003931f20, 0x00000000039320d0]
Event: 88.575 Thread 0x0000000015fd4000 6791       3       com.sun.org.apache.xerces.internal.impl.XMLEntityScanner::peekChar (63 bytes)
Event: 88.576 Thread 0x0000000015fd4000 nmethod 6791 0x0000000003932150 code [0x00000000039322c0, 0x0000000003932608]
Event: 88.577 Thread 0x0000000015fd4000 6792       1       com.sun.xml.bind.v2.runtime.unmarshaller.UnmarshallingContext$State::access$600 (5 bytes)
Event: 88.577 Thread 0x0000000015fd4000 nmethod 6792 0x0000000003932750 code [0x00000000039328a0, 0x0000000003932990]

GC Heap History (10 events):
Event: 12.088 GC heap before
{Heap before GC invocations=9 (full 2):
 PSYoungGen      total 119296K, used 10047K [0x00000000e0000000, 0x00000000ec700000, 0x0000000100000000)
  eden space 107520K, 0% used [0x00000000e0000000,0x00000000e0000000,0x00000000e6900000)
  from space 11776K, 85% used [0x00000000e6900000,0x00000000e72cfc60,0x00000000e7480000)
  to   space 12288K, 0% used [0x00000000ebb00000,0x00000000ebb00000,0x00000000ec700000)
 ParOldGen       total 92160K, used 7200K [0x00000000a0000000, 0x00000000a5a00000, 0x00000000e0000000)
  object space 92160K, 7% used [0x00000000a0000000,0x00000000a07081a0,0x00000000a5a00000)
 Metaspace       used 34489K, capacity 35336K, committed 35416K, reserved 1079296K
  class space    used 4705K, capacity 4943K, committed 4992K, reserved 1048576K
Event: 12.196 GC heap after
Heap after GC invocations=9 (full 2):
 PSYoungGen      total 119296K, used 0K [0x00000000e0000000, 0x00000000ec700000, 0x0000000100000000)
  eden space 107520K, 0% used [0x00000000e0000000,0x00000000e0000000,0x00000000e6900000)
  from space 11776K, 0% used [0x00000000e6900000,0x00000000e6900000,0x00000000e7480000)
  to   space 12288K, 0% used [0x00000000ebb00000,0x00000000ebb00000,0x00000000ec700000)
 ParOldGen       total 142336K, used 16362K [0x00000000a0000000, 0x00000000a8b00000, 0x00000000e0000000)
  object space 142336K, 11% used [0x00000000a0000000,0x00000000a0ffa9f0,0x00000000a8b00000)
 Metaspace       used 34489K, capacity 35336K, committed 35416K, reserved 1079296K
  class space    used 4705K, capacity 4943K, committed 4992K, reserved 1048576K
}
Event: 15.174 GC heap before
{Heap before GC invocations=10 (full 2):
 PSYoungGen      total 119296K, used 107520K [0x00000000e0000000, 0x00000000ec700000, 0x0000000100000000)
  eden space 107520K, 100% used [0x00000000e0000000,0x00000000e6900000,0x00000000e6900000)
  from space 11776K, 0% used [0x00000000e6900000,0x00000000e6900000,0x00000000e7480000)
  to   space 12288K, 0% used [0x00000000ebb00000,0x00000000ebb00000,0x00000000ec700000)
 ParOldGen       total 142336K, used 16362K [0x00000000a0000000, 0x00000000a8b00000, 0x00000000e0000000)
  object space 142336K, 11% used [0x00000000a0000000,0x00000000a0ffa9f0,0x00000000a8b00000)
 Metaspace       used 43195K, capacity 44640K, committed 44928K, reserved 1087488K
  class space    used 5847K, capacity 6194K, committed 6272K, reserved 1048576K
Event: 15.201 GC heap after
Heap after GC invocations=10 (full 2):
 PSYoungGen      total 172032K, used 12285K [0x00000000e0000000, 0x00000000ec700000, 0x0000000100000000)
  eden space 159744K, 0% used [0x00000000e0000000,0x00000000e0000000,0x00000000e9c00000)
  from space 12288K, 99% used [0x00000000ebb00000,0x00000000ec6ff6a0,0x00000000ec700000)
  to   space 14336K, 0% used [0x00000000eab00000,0x00000000eab00000,0x00000000eb900000)
 ParOldGen       total 142336K, used 18480K [0x00000000a0000000, 0x00000000a8b00000, 0x00000000e0000000)
  object space 142336K, 12% used [0x00000000a0000000,0x00000000a120c330,0x00000000a8b00000)
 Metaspace       used 43195K, capacity 44640K, committed 44928K, reserved 1087488K
  class space    used 5847K, capacity 6194K, committed 6272K, reserved 1048576K
}
Event: 19.445 GC heap before
{Heap before GC invocations=11 (full 2):
 PSYoungGen      total 172032K, used 172029K [0x00000000e0000000, 0x00000000ec700000, 0x0000000100000000)
  eden space 159744K, 100% used [0x00000000e0000000,0x00000000e9c00000,0x00000000e9c00000)
  from space 12288K, 99% used [0x00000000ebb00000,0x00000000ec6ff6a0,0x00000000ec700000)
  to   space 14336K, 0% used [0x00000000eab00000,0x00000000eab00000,0x00000000eb900000)
 ParOldGen       total 142336K, used 18480K [0x00000000a0000000, 0x00000000a8b00000, 0x00000000e0000000)
  object space 142336K, 12% used [0x00000000a0000000,0x00000000a120c330,0x00000000a8b00000)
 Metaspace       used 55142K, capacity 57064K, committed 57216K, reserved 1097728K
  class space    used 7482K, capacity 7938K, committed 8064K, reserved 1048576K
Event: 19.492 GC heap after
Heap after GC invocations=11 (full 2):
 PSYoungGen      total 189440K, used 14332K [0x00000000e0000000, 0x00000000ef100000, 0x0000000100000000)
  eden space 175104K, 0% used [0x00000000e0000000,0x00000000e0000000,0x00000000eab00000)
  from space 14336K, 99% used [0x00000000eab00000,0x00000000eb8ff320,0x00000000eb900000)
  to   space 20992K, 0% used [0x00000000edc80000,0x00000000edc80000,0x00000000ef100000)
 ParOldGen       total 142336K, used 31210K [0x00000000a0000000, 0x00000000a8b00000, 0x00000000e0000000)
  object space 142336K, 21% used [0x00000000a0000000,0x00000000a1e7a818,0x00000000a8b00000)
 Metaspace       used 55142K, capacity 57064K, committed 57216K, reserved 1097728K
  class space    used 7482K, capacity 7938K, committed 8064K, reserved 1048576K
}
Event: 20.623 GC heap before
{Heap before GC invocations=12 (full 2):
 PSYoungGen      total 189440K, used 57453K [0x00000000e0000000, 0x00000000ef100000, 0x0000000100000000)
  eden space 175104K, 24% used [0x00000000e0000000,0x00000000e2a1c3e8,0x00000000eab00000)
  from space 14336K, 99% used [0x00000000eab00000,0x00000000eb8ff320,0x00000000eb900000)
  to   space 20992K, 0% used [0x00000000edc80000,0x00000000edc80000,0x00000000ef100000)
 ParOldGen       total 142336K, used 31210K [0x00000000a0000000, 0x00000000a8b00000, 0x00000000e0000000)
  object space 142336K, 21% used [0x00000000a0000000,0x00000000a1e7a818,0x00000000a8b00000)
 Metaspace       used 56825K, capacity 58850K, committed 59008K, reserved 1099776K
  class space    used 7736K, capacity 8206K, committed 8320K, reserved 1048576K
Event: 20.668 GC heap after
Heap after GC invocations=12 (full 2):
 PSYoungGen      total 226304K, used 11816K [0x00000000e0000000, 0x00000000f0c80000, 0x0000000100000000)
  eden space 205312K, 0% used [0x00000000e0000000,0x00000000e0000000,0x00000000ec880000)
  from space 20992K, 56% used [0x00000000edc80000,0x00000000ee80a370,0x00000000ef100000)
  to   space 20480K, 0% used [0x00000000ec880000,0x00000000ec880000,0x00000000edc80000)
 ParOldGen       total 142336K, used 38069K [0x00000000a0000000, 0x00000000a8b00000, 0x00000000e0000000)
  object space 142336K, 26% used [0x00000000a0000000,0x00000000a252d418,0x00000000a8b00000)
 Metaspace       used 56825K, capacity 58850K, committed 59008K, reserved 1099776K
  class space    used 7736K, capacity 8206K, committed 8320K, reserved 1048576K
}
Event: 20.668 GC heap before
{Heap before GC invocations=13 (full 3):
 PSYoungGen      total 226304K, used 11816K [0x00000000e0000000, 0x00000000f0c80000, 0x0000000100000000)
  eden space 205312K, 0% used [0x00000000e0000000,0x00000000e0000000,0x00000000ec880000)
  from space 20992K, 56% used [0x00000000edc80000,0x00000000ee80a370,0x00000000ef100000)
  to   space 20480K, 0% used [0x00000000ec880000,0x00000000ec880000,0x00000000edc80000)
 ParOldGen       total 142336K, used 38069K [0x00000000a0000000, 0x00000000a8b00000, 0x00000000e0000000)
  object space 142336K, 26% used [0x00000000a0000000,0x00000000a252d418,0x00000000a8b00000)
 Metaspace       used 56825K, capacity 58850K, committed 59008K, reserved 1099776K
  class space    used 7736K, capacity 8206K, committed 8320K, reserved 1048576K
Event: 21.022 GC heap after
Heap after GC invocations=13 (full 3):
 PSYoungGen      total 226304K, used 0K [0x00000000e0000000, 0x00000000f0c80000, 0x0000000100000000)
  eden space 205312K, 0% used [0x00000000e0000000,0x00000000e0000000,0x00000000ec880000)
  from space 20992K, 0% used [0x00000000edc80000,0x00000000edc80000,0x00000000ef100000)
  to   space 20480K, 0% used [0x00000000ec880000,0x00000000ec880000,0x00000000edc80000)
 ParOldGen       total 217600K, used 43399K [0x00000000a0000000, 0x00000000ad480000, 0x00000000e0000000)
  object space 217600K, 19% used [0x00000000a0000000,0x00000000a2a61f78,0x00000000ad480000)
 Metaspace       used 56801K, capacity 58772K, committed 59008K, reserved 1099776K
  class space    used 7729K, capacity 8193K, committed 8320K, reserved 1048576K
}

Deoptimization events (10 events):
Event: 87.244 Thread 0x000000001f7bf000 Uncommon trap: reason=unstable_if action=reinterpret pc=0x0000000002b1cfb8 method=java.util.concurrent.ConcurrentHashMap.addCount(JI)V @ 7
Event: 87.808 Thread 0x0000000019cde000 Uncommon trap: reason=bimorphic action=maybe_recompile pc=0x000000000348cf84 method=java.util.regex.Pattern$5.isSatisfiedBy(I)Z @ 16
Event: 87.808 Thread 0x0000000019cde000 Uncommon trap: reason=bimorphic action=maybe_recompile pc=0x000000000348cf84 method=java.util.regex.Pattern$5.isSatisfiedBy(I)Z @ 16
Event: 87.808 Thread 0x0000000019cde000 Uncommon trap: reason=bimorphic action=maybe_recompile pc=0x000000000348cf84 method=java.util.regex.Pattern$5.isSatisfiedBy(I)Z @ 16
Event: 87.808 Thread 0x0000000019cde000 Uncommon trap: reason=bimorphic action=maybe_recompile pc=0x000000000348cf84 method=java.util.regex.Pattern$5.isSatisfiedBy(I)Z @ 16
Event: 88.247 Thread 0x0000000019cde000 Uncommon trap: reason=unstable_if action=reinterpret pc=0x000000000384b16c method=java.lang.reflect.Constructor.newInstance([Ljava/lang/Object;)Ljava/lang/Object; @ 18
Event: 88.372 Thread 0x0000000019cde000 Uncommon trap: reason=unstable_if action=reinterpret pc=0x0000000002c3d7a8 method=java.util.regex.Pattern$BmpCharProperty.match(Ljava/util/regex/Matcher;ILjava/lang/CharSequence;)Z @ 34
Event: 88.419 Thread 0x0000000019cde000 Uncommon trap: reason=unstable_if action=reinterpret pc=0x0000000003416d28 method=com.sun.org.apache.xerces.internal.impl.XMLEntityScanner.scanLiteral(ILcom/sun/org/apache/xerces/internal/xni/XMLString;Z)I @ 660
Event: 88.430 Thread 0x0000000019cde000 Uncommon trap: reason=unstable_if action=reinterpret pc=0x0000000003885638 method=com.sun.org.apache.xerces.internal.impl.XMLEntityScanner.peekChar()I @ 14
Event: 88.448 Thread 0x0000000019cde000 Uncommon trap: reason=unstable_if action=reinterpret pc=0x0000000003418e00 method=com.sun.org.apache.xerces.internal.util.SymbolTable.addSymbol([CII)Ljava/lang/String; @ 38

Classes redefined (0 events):
No events

Internal exceptions (10 events):
Event: 86.690 Thread 0x0000000019cde000 Exception <a 'java/lang/NoSuchMethodError': <clinit>> (0x00000000e2e53890) thrown at [C:\src\AOSP-openjdk-git\hotspot\src\share\vm\prims\jni.cpp, line 1615]
Event: 86.691 Thread 0x0000000019cde000 Exception <a 'java/lang/NoSuchMethodError': <clinit>> (0x00000000e2e57938) thrown at [C:\src\AOSP-openjdk-git\hotspot\src\share\vm\prims\jni.cpp, line 1615]
Event: 86.691 Thread 0x0000000019cde000 Exception <a 'java/lang/NoSuchMethodError': <clinit>> (0x00000000e2e59270) thrown at [C:\src\AOSP-openjdk-git\hotspot\src\share\vm\prims\jni.cpp, line 1615]
Event: 86.691 Thread 0x0000000019cde000 Exception <a 'java/lang/NoSuchMethodError': <clinit>> (0x00000000e2e5a720) thrown at [C:\src\AOSP-openjdk-git\hotspot\src\share\vm\prims\jni.cpp, line 1615]
Event: 86.691 Thread 0x0000000019cde000 Exception <a 'java/lang/NoSuchMethodError': <clinit>> (0x00000000e2e5be20) thrown at [C:\src\AOSP-openjdk-git\hotspot\src\share\vm\prims\jni.cpp, line 1615]
Event: 86.693 Thread 0x0000000019cde000 Exception <a 'java/lang/NoSuchMethodError': <clinit>> (0x00000000e2e5d3d0) thrown at [C:\src\AOSP-openjdk-git\hotspot\src\share\vm\prims\jni.cpp, line 1615]
Event: 86.693 Thread 0x0000000019cde000 Exception <a 'java/lang/NoSuchMethodError': <clinit>> (0x00000000e2e5e820) thrown at [C:\src\AOSP-openjdk-git\hotspot\src\share\vm\prims\jni.cpp, line 1615]
Event: 87.367 Thread 0x0000000019cde000 Exception <a 'sun/nio/fs/WindowsException'> (0x00000000e3d02d88) thrown at [C:\src\AOSP-openjdk-git\hotspot\src\share\vm\prims\jni.cpp, line 710]
Event: 87.841 Thread 0x0000000019cde000 Exception <a 'java/lang/ClassNotFoundException': com/sun/org/glassfish/hk2/osgiresourcelocator/ServiceLoader> (0x00000000e5887068) thrown at [C:\src\AOSP-openjdk-git\hotspot\src\share\vm\classfile\systemDictionary.cpp, line 210]
Event: 87.972 Thread 0x0000000019cde000 Exception <a 'java/lang/NullPointerException'> (0x00000000e5d540a8) thrown at [C:\src\AOSP-openjdk-git\hotspot\src\share\vm\interpreter\linkResolver.cpp, line 1287]

Events (10 events):
Event: 88.476 loading class javax/xml/datatype/DatatypeConfigurationException
Event: 88.478 loading class javax/xml/datatype/DatatypeConfigurationException done
Event: 88.481 loading class com/sun/xml/bind/v2/runtime/unmarshaller/DefaultIDResolver$1
Event: 88.481 loading class com/sun/xml/bind/v2/runtime/unmarshaller/DefaultIDResolver$1 done
Event: 88.483 loading class com/android/sdklib/BuildToolInfo$PathId
Event: 88.483 loading class com/android/sdklib/BuildToolInfo$PathId done
Event: 88.553 loading class com/android/build/gradle/internal/PlatformComponents
Event: 88.553 loading class com/android/build/gradle/internal/PlatformComponents done
Event: 88.555 loading class com/android/build/gradle/internal/PlatformComponents$Companion
Event: 88.555 loading class com/android/build/gradle/internal/PlatformComponents$Companion done


Dynamic libraries:
0x00007ff70c380000 - 0x00007ff70c3b1000 	C:\Program Files\Android\Android Studio\jre\bin\java.exe
0x00007ffd05470000 - 0x00007ffd05651000 	C:\WINDOWS\SYSTEM32\ntdll.dll
0x00007ffd028f0000 - 0x00007ffd029a1000 	C:\WINDOWS\System32\KERNEL32.DLL
0x00007ffd01b40000 - 0x00007ffd01db3000 	C:\WINDOWS\System32\KERNELBASE.dll
0x00007ffd031d0000 - 0x00007ffd03271000 	C:\WINDOWS\System32\ADVAPI32.dll
0x00007ffd05130000 - 0x00007ffd051ce000 	C:\WINDOWS\System32\msvcrt.dll
0x00007ffd03c80000 - 0x00007ffd03cdb000 	C:\WINDOWS\System32\sechost.dll
0x00007ffd052e0000 - 0x00007ffd05404000 	C:\WINDOWS\System32\RPCRT4.dll
0x00007ffd03a70000 - 0x00007ffd03c00000 	C:\WINDOWS\System32\USER32.dll
0x00007ffd026c0000 - 0x00007ffd026e0000 	C:\WINDOWS\System32\win32u.dll
0x00007ffd052b0000 - 0x00007ffd052d8000 	C:\WINDOWS\System32\GDI32.dll
0x00007ffd02520000 - 0x00007ffd026b1000 	C:\WINDOWS\System32\gdi32full.dll
0x00007ffd018b0000 - 0x00007ffd0194f000 	C:\WINDOWS\System32\msvcp_win.dll
0x00007ffd026e0000 - 0x00007ffd027d8000 	C:\WINDOWS\System32\ucrtbase.dll
0x00007ffcefef0000 - 0x00007ffcf0159000 	C:\WINDOWS\WinSxS\amd64_microsoft.windows.common-controls_6595b64144ccf1df_6.0.17134.1246_none_d3ffb9d77c90723d\COMCTL32.dll
0x00007ffd02c60000 - 0x00007ffd02f81000 	C:\WINDOWS\System32\combase.dll
0x00007ffd01830000 - 0x00007ffd018a9000 	C:\WINDOWS\System32\bcryptPrimitives.dll
0x00007ffd03580000 - 0x00007ffd035ad000 	C:\WINDOWS\System32\IMM32.DLL
0x0000000068920000 - 0x00000000689f2000 	C:\Program Files\Android\Android Studio\jre\jre\bin\msvcr100.dll
0x0000000068b10000 - 0x000000006935b000 	C:\Program Files\Android\Android Studio\jre\jre\bin\server\jvm.dll
0x00007ffd05430000 - 0x00007ffd05438000 	C:\WINDOWS\System32\PSAPI.DLL
0x00007ffcfe3a0000 - 0x00007ffcfe3c3000 	C:\WINDOWS\SYSTEM32\WINMM.dll
0x00007ffcf2990000 - 0x00007ffcf299a000 	C:\WINDOWS\SYSTEM32\VERSION.dll
0x00007ffcfdb60000 - 0x00007ffcfdb69000 	C:\WINDOWS\SYSTEM32\WSOCK32.dll
0x00007ffd03390000 - 0x00007ffd033fc000 	C:\WINDOWS\System32\WS2_32.dll
0x00007ffcfe370000 - 0x00007ffcfe39a000 	C:\WINDOWS\SYSTEM32\WINMMBASE.dll
0x00007ffd024d0000 - 0x00007ffd02519000 	C:\WINDOWS\System32\cfgmgr32.dll
0x00007ffcfdb50000 - 0x00007ffcfdb5f000 	C:\Program Files\Android\Android Studio\jre\jre\bin\verify.dll
0x00007ffced780000 - 0x00007ffced7a9000 	C:\Program Files\Android\Android Studio\jre\jre\bin\java.dll
0x00007ffcee5c0000 - 0x00007ffcee5d6000 	C:\Program Files\Android\Android Studio\jre\jre\bin\zip.dll
0x00007ffd03ce0000 - 0x00007ffd05125000 	C:\WINDOWS\System32\SHELL32.dll
0x00007ffd032e0000 - 0x00007ffd03389000 	C:\WINDOWS\System32\shcore.dll
0x00007ffd01dc0000 - 0x00007ffd024d0000 	C:\WINDOWS\System32\windows.storage.dll
0x00007ffd03280000 - 0x00007ffd032d1000 	C:\WINDOWS\System32\shlwapi.dll
0x00007ffd01810000 - 0x00007ffd01821000 	C:\WINDOWS\System32\kernel.appcore.dll
0x00007ffd01770000 - 0x00007ffd0178f000 	C:\WINDOWS\System32\profapi.dll
0x00007ffd017c0000 - 0x00007ffd0180c000 	C:\WINDOWS\System32\powrprof.dll
0x00007ffd017b0000 - 0x00007ffd017ba000 	C:\WINDOWS\System32\FLTLIB.DLL
0x00007ffcee4b0000 - 0x00007ffcee4ca000 	C:\Program Files\Android\Android Studio\jre\jre\bin\net.dll
0x00007ffd00ff0000 - 0x00007ffd01056000 	C:\WINDOWS\system32\mswsock.dll
0x00007ffcee520000 - 0x00007ffcee533000 	C:\Program Files\Android\Android Studio\jre\jre\bin\nio.dll
0x00007ffcfe1e0000 - 0x00007ffcfe206000 	C:\Users\Ahmed\.gradle\native\31\windows-amd64\native-platform.dll
0x00007ffcf4eb0000 - 0x00007ffcf4ebd000 	C:\Program Files\Android\Android Studio\jre\jre\bin\management.dll
0x00007ffd011a0000 - 0x00007ffd011b7000 	C:\WINDOWS\SYSTEM32\CRYPTSP.dll
0x00007ffd00ba0000 - 0x00007ffd00bd3000 	C:\WINDOWS\system32\rsaenh.dll
0x00007ffd012d0000 - 0x00007ffd012f5000 	C:\WINDOWS\SYSTEM32\bcrypt.dll
0x00007ffd016a0000 - 0x00007ffd016c8000 	C:\WINDOWS\SYSTEM32\USERENV.dll
0x00007ffd011c0000 - 0x00007ffd011cb000 	C:\WINDOWS\SYSTEM32\CRYPTBASE.dll
0x00007ffd00d40000 - 0x00007ffd00d78000 	C:\WINDOWS\SYSTEM32\IPHLPAPI.DLL
0x00007ffd051d0000 - 0x00007ffd051d8000 	C:\WINDOWS\System32\NSI.dll
0x00007ffcf9a10000 - 0x00007ffcf9a26000 	C:\WINDOWS\SYSTEM32\dhcpcsvc6.DLL
0x00007ffcf99f0000 - 0x00007ffcf9a0a000 	C:\WINDOWS\SYSTEM32\dhcpcsvc.DLL

VM Arguments:
jvm_args: -Xmx1536m -Dfile.encoding=windows-1256 -Duser.country=GB -Duser.language=en -Duser.variant 
java_command: org.gradle.launcher.daemon.bootstrap.GradleDaemon 6.1.1
java_class_path (initial): C:\Users\Ahmed\.gradle\wrapper\dists\gradle-6.1.1-all\cfmwm155h49vnt3hynmlrsdst\gradle-6.1.1\lib\gradle-launcher-6.1.1.jar
Launcher Type: SUN_STANDARD

Environment Variables:
PATH=C:\Program Files (x86)\Common Files\Oracle\Java\javapath;C:\WINDOWS\system32;C:\WINDOWS;C:\WINDOWS\System32\Wbem;C:\WINDOWS\System32\WindowsPowerShell\v1.0\;C:\Program Files\nodejs\;C:\WINDOWS\System32\OpenSSH\;C:\Program Files\Git\cmd;C:\Users\Ahmed\AppData\Roaming\npm;%USERPROFILE%\AppData\Local\Microsoft\WindowsApps;
USERNAME=Ahmed
OS=Windows_NT
PROCESSOR_IDENTIFIER=Intel64 Family 6 Model 58 Stepping 9, GenuineIntel



---------------  S Y S T E M  ---------------

OS: Windows 10.0 , 64 bit Build 17134 (10.0.17134.753)

CPU:total 4 (initial active 4) (2 cores per cpu, 2 threads per core) family 6 model 58 stepping 9, cmov, cx8, fxsr, mmx, sse, sse2, sse3, ssse3, sse4.1, sse4.2, popcnt, avx, aes, clmul, erms, ht, tsc, tscinvbit, tscinv

Memory: 4k page, physical 16637484k(2606028k free), swap 33897608k(5816k free)

vm_info: OpenJDK 64-Bit Server VM (25.242-b01) for windows-amd64 JRE (1.8.0_242-release-1644-b01), built by "builder" with MS VC++ 10.0 (VS2010)

time: Tue Oct 20 14:06:55 2020
timezone: Egypt Standard Time
elapsed time: 88 seconds (0d 0h 1m 28s)

