#
# There is insufficient memory for the Java Runtime Environment to continue.
# Native memory allocation (malloc) failed to allocate 791616 bytes for Chunk::new
# Possible reasons:
#   The system is out of physical RAM or swap space
#   The process is running with CompressedOops enabled, and the Java Heap may be blocking the growth of the native heap
# Possible solutions:
#   Reduce memory load on the system
#   Increase physical memory or swap space
#   Check if swap backing store is full
#   Decrease Java heap size (-Xmx/-Xms)
#   Decrease number of Java threads
#   Decrease Java thread stack sizes (-Xss)
#   Set larger code cache with -XX:ReservedCodeCacheSize=
#   JVM is running with Unscaled Compressed Oops mode in which the Java heap is
#     placed in the first 4GB address space. The Java Heap base address is the
#     maximum limit for the native heap growth. Please use -XX:HeapBaseMinAddress
#     to set the Java Heap base and to place the Java Heap above 4GB virtual address.
# This output file may be truncated or incomplete.
#
#  Out of Memory Error (allocation.cpp:389), pid=21888, tid=0x0000000000004948
#
# JRE version: OpenJDK Runtime Environment (8.0_212-b04) (build 1.8.0_212-release-1586-b04)
# Java VM: OpenJDK 64-Bit Server VM (25.212-b04 mixed mode windows-amd64 compressed oops)
# Failed to write core dump. Minidumps are not enabled by default on client versions of Windows
#

---------------  T H R E A D  ---------------

Current thread (0x00000000196ea800):  JavaThread "C2 CompilerThread0" daemon [_thread_in_native, id=18760, stack(0x0000000019fc0000,0x000000001a0c0000)]

Stack: [0x0000000019fc0000,0x000000001a0c0000]
[error occurred during error reporting (printing stack bounds), id 0xc0000005]

Native frames: (J=compiled Java code, j=interpreted, Vv=VM code, C=native code)


Current CompileTask:
C2:   3096 1623       4       java.net.URLClassLoader$1::run (5 bytes)


---------------  P R O C E S S  ---------------

Java Threads: ( => current thread )
  0x000000001c2ce800 JavaThread "File lock request listener" [_thread_in_native, id=11656, stack(0x000000001e610000,0x000000001e710000)]
  0x000000001c2cb800 JavaThread "Cache worker for journal cache (C:\Users\Ahmed\.gradle\caches\journal-1)" [_thread_blocked, id=9640, stack(0x000000001e510000,0x000000001e610000)]
  0x000000001c255800 JavaThread "Thread-9" [_thread_blocked, id=7712, stack(0x000000001e210000,0x000000001e310000)]
  0x000000001c237800 JavaThread "Stdin handler" [_thread_blocked, id=14212, stack(0x000000001e110000,0x000000001e210000)]
  0x000000001c237000 JavaThread "Asynchronous log dispatcher for DefaultDaemonConnection: socket connection from /127.0.0.1:56629 to /127.0.0.1:56630" [_thread_blocked, id=10120, stack(0x000000001e010000,0x000000001e110000)]
  0x000000001c272800 JavaThread "Daemon worker" [_thread_in_Java, id=10612, stack(0x000000001df10000,0x000000001e010000)]
  0x000000001c235000 JavaThread "Cancel handler" [_thread_blocked, id=10168, stack(0x000000001d8e0000,0x000000001d9e0000)]
  0x000000001c1a7000 JavaThread "Handler for socket connection from /127.0.0.1:56629 to /127.0.0.1:56630" [_thread_in_native, id=20188, stack(0x000000001dd10000,0x000000001de10000)]
  0x000000001c1a4800 JavaThread "Daemon" [_thread_blocked, id=2260, stack(0x000000001da10000,0x000000001db10000)]
  0x000000001c1a4000 JavaThread "Daemon periodic checks" [_thread_blocked, id=26208, stack(0x000000001d7e0000,0x000000001d8e0000)]
  0x000000001c1c1000 JavaThread "Incoming local TCP Connector on port 56629" [_thread_in_native, id=17292, stack(0x000000001d5a0000,0x000000001d6a0000)]
  0x000000001c173800 JavaThread "Daemon health stats" [_thread_blocked, id=13484, stack(0x000000001cd60000,0x000000001ce60000)]
  0x000000001978e000 JavaThread "Service Thread" daemon [_thread_blocked, id=9008, stack(0x000000001a3c0000,0x000000001a4c0000)]
  0x0000000019707800 JavaThread "C1 CompilerThread3" daemon [_thread_blocked, id=744, stack(0x000000001a2c0000,0x000000001a3c0000)]
  0x000000001790b000 JavaThread "C2 CompilerThread2" daemon [_thread_blocked, id=6620, stack(0x000000001a1c0000,0x000000001a2c0000)]
  0x00000000196ed800 JavaThread "C2 CompilerThread1" daemon [_thread_blocked, id=3396, stack(0x000000001a0c0000,0x000000001a1c0000)]
=>0x00000000196ea800 JavaThread "C2 CompilerThread0" daemon [_thread_in_native, id=18760, stack(0x0000000019fc0000,0x000000001a0c0000)]
  0x00000000196e9000 JavaThread "Attach Listener" daemon [_thread_blocked, id=18184, stack(0x0000000019ec0000,0x0000000019fc0000)]
  0x00000000196f6800 JavaThread "Signal Dispatcher" daemon [_thread_blocked, id=27192, stack(0x0000000019dc0000,0x0000000019ec0000)]
  0x0000000002a4d800 JavaThread "Finalizer" daemon [_thread_blocked, id=27532, stack(0x0000000019bc0000,0x0000000019cc0000)]
  0x00000000178fc800 JavaThread "Reference Handler" daemon [_thread_blocked, id=18436, stack(0x0000000019ac0000,0x0000000019bc0000)]
  0x0000000000a5e000 JavaThread "main" [_thread_blocked, id=12256, stack(0x00000000027a0000,0x00000000028a0000)]

Other Threads:
  0x00000000178f7800 VMThread [stack: 0x00000000195c0000,0x00000000196c0000] [id=5724]
  0x000000001978e800 WatcherThread [stack: 0x000000001a4c0000,0x000000001a5c0000] [id=4804]

VM state:not at safepoint (normal execution)

VM Mutex/Monitor currently owned by a thread: None

heap address: 0x0000000083000000, size: 2000 MB, Compressed Oops mode: 32-bit
Narrow klass base: 0x0000000000000000, Narrow klass shift: 3
Compressed class space size: 1073741824 Address: 0x0000000100000000

Heap:
 PSYoungGen      total 76288K, used 14818K [0x00000000d6580000, 0x00000000dba80000, 0x0000000100000000)
  eden space 65536K, 8% used [0x00000000d6580000,0x00000000d6b14d20,0x00000000da580000)
  from space 10752K, 84% used [0x00000000db000000,0x00000000db8e3c78,0x00000000dba80000)
  to   space 10752K, 0% used [0x00000000da580000,0x00000000da580000,0x00000000db000000)
 ParOldGen       total 175104K, used 24K [0x0000000083000000, 0x000000008db00000, 0x00000000d6580000)
  object space 175104K, 0% used [0x0000000083000000,0x0000000083006000,0x000000008db00000)
 Metaspace       used 15340K, capacity 15820K, committed 16128K, reserved 1062912K
  class space    used 2025K, capacity 2194K, committed 2304K, reserved 1048576K

Card table byte_map: [0x0000000011e10000,0x0000000012200000] byte_map_base: 0x00000000119f8000

Marking Bits: (ParMarkBitMap*) 0x0000000070ff9f30
 Begin Bits: [0x0000000012ca0000, 0x0000000014be0000)
 End Bits:   [0x0000000014be0000, 0x0000000016b20000)

Polling page: 0x0000000000a40000

CodeCache: size=245760Kb used=5677Kb max_used=5677Kb free=240082Kb
 bounds [0x0000000002a50000, 0x0000000002fe0000, 0x0000000011a50000]
 total_blobs=2025 nmethods=1635 adapters=303
 compilation: enabled

Compilation events (10 events):
Event: 3.082 Thread 0x0000000019707800 1631       3       org.gradle.util.GradleVersion::compareTo (244 bytes)
Event: 3.083 Thread 0x0000000019707800 nmethod 1631 0x0000000002fd7d50 code [0x0000000002fd7fe0, 0x0000000002fd9478]
Event: 3.083 Thread 0x0000000019707800 1632       3       org.gradle.internal.file.FilePathUtil::sizeOfCommonPrefix (142 bytes)
Event: 3.084 Thread 0x0000000019707800 nmethod 1632 0x0000000002fdab50 code [0x0000000002fdadc0, 0x0000000002fdc1e8]
Event: 3.084 Thread 0x0000000019707800 1633       3       org.gradle.internal.file.DefaultFileHierarchySet$Node::sizeOfCommonPrefix (10 bytes)
Event: 3.084 Thread 0x0000000019707800 nmethod 1633 0x0000000002fd7910 code [0x0000000002fd7a80, 0x0000000002fd7c68]
Event: 3.084 Thread 0x0000000019707800 1634       3       org.gradle.internal.file.FilePathUtil::sizeOfCommonPrefix (10 bytes)
Event: 3.084 Thread 0x0000000019707800 nmethod 1634 0x0000000002fdcb50 code [0x0000000002fdccc0, 0x0000000002fdce28]
Event: 3.084 Thread 0x0000000019707800 1635       1       com.google.common.collect.RegularImmutableList::size (5 bytes)
Event: 3.084 Thread 0x0000000019707800 nmethod 1635 0x0000000002fdced0 code [0x0000000002fdd020, 0x0000000002fdd130]

GC Heap History (4 events):
Event: 1.476 GC heap before
{Heap before GC invocations=1 (full 0):
 PSYoungGen      total 76288K, used 65536K [0x00000000d6580000, 0x00000000dba80000, 0x0000000100000000)
  eden space 65536K, 100% used [0x00000000d6580000,0x00000000da580000,0x00000000da580000)
  from space 10752K, 0% used [0x00000000db000000,0x00000000db000000,0x00000000dba80000)
  to   space 10752K, 0% used [0x00000000da580000,0x00000000da580000,0x00000000db000000)
 ParOldGen       total 175104K, used 0K [0x0000000083000000, 0x000000008db00000, 0x00000000d6580000)
  object space 175104K, 0% used [0x0000000083000000,0x0000000083000000,0x000000008db00000)
 Metaspace       used 7347K, capacity 7634K, committed 7680K, reserved 1056768K
  class space    used 910K, capacity 1013K, committed 1024K, reserved 1048576K
Event: 1.485 GC heap after
Heap after GC invocations=1 (full 0):
 PSYoungGen      total 76288K, used 5772K [0x00000000d6580000, 0x00000000dba80000, 0x0000000100000000)
  eden space 65536K, 0% used [0x00000000d6580000,0x00000000d6580000,0x00000000da580000)
  from space 10752K, 53% used [0x00000000da580000,0x00000000dab23258,0x00000000db000000)
  to   space 10752K, 0% used [0x00000000db000000,0x00000000db000000,0x00000000dba80000)
 ParOldGen       total 175104K, used 16K [0x0000000083000000, 0x000000008db00000, 0x00000000d6580000)
  object space 175104K, 0% used [0x0000000083000000,0x0000000083004000,0x000000008db00000)
 Metaspace       used 7347K, capacity 7634K, committed 7680K, reserved 1056768K
  class space    used 910K, capacity 1013K, committed 1024K, reserved 1048576K
}
Event: 3.033 GC heap before
{Heap before GC invocations=2 (full 0):
 PSYoungGen      total 76288K, used 71308K [0x00000000d6580000, 0x00000000dba80000, 0x0000000100000000)
  eden space 65536K, 100% used [0x00000000d6580000,0x00000000da580000,0x00000000da580000)
  from space 10752K, 53% used [0x00000000da580000,0x00000000dab23258,0x00000000db000000)
  to   space 10752K, 0% used [0x00000000db000000,0x00000000db000000,0x00000000dba80000)
 ParOldGen       total 175104K, used 16K [0x0000000083000000, 0x000000008db00000, 0x00000000d6580000)
  object space 175104K, 0% used [0x0000000083000000,0x0000000083004000,0x000000008db00000)
 Metaspace       used 14379K, capacity 14918K, committed 15232K, reserved 1062912K
  class space    used 1973K, capacity 2129K, committed 2176K, reserved 1048576K
Event: 3.043 GC heap after
Heap after GC invocations=2 (full 0):
 PSYoungGen      total 76288K, used 9103K [0x00000000d6580000, 0x00000000dba80000, 0x0000000100000000)
  eden space 65536K, 0% used [0x00000000d6580000,0x00000000d6580000,0x00000000da580000)
  from space 10752K, 84% used [0x00000000db000000,0x00000000db8e3c78,0x00000000dba80000)
  to   space 10752K, 0% used [0x00000000da580000,0x00000000da580000,0x00000000db000000)
 ParOldGen       total 175104K, used 24K [0x0000000083000000, 0x000000008db00000, 0x00000000d6580000)
  object space 175104K, 0% used [0x0000000083000000,0x0000000083006000,0x000000008db00000)
 Metaspace       used 14379K, capacity 14918K, committed 15232K, reserved 1062912K
  class space    used 1973K, capacity 2129K, committed 2176K, reserved 1048576K
}

Deoptimization events (10 events):
Event: 2.641 Thread 0x000000001c1a4800 Uncommon trap: reason=unstable_if action=reinterpret pc=0x0000000002ee97e0 method=java.util.UUID.equals(Ljava/lang/Object;)Z @ 30
Event: 2.679 Thread 0x000000001c272800 Uncommon trap: reason=bimorphic action=maybe_recompile pc=0x0000000002cd90c0 method=java.util.HashMap.putVal(ILjava/lang/Object;Ljava/lang/Object;ZZ)Ljava/lang/Object; @ 253
Event: 2.679 Thread 0x000000001c272800 Uncommon trap: reason=bimorphic action=maybe_recompile pc=0x0000000002cd90c0 method=java.util.HashMap.putVal(ILjava/lang/Object;Ljava/lang/Object;ZZ)Ljava/lang/Object; @ 253
Event: 2.679 Thread 0x000000001c272800 Uncommon trap: reason=bimorphic action=maybe_recompile pc=0x0000000002cd90c0 method=java.util.HashMap.putVal(ILjava/lang/Object;Ljava/lang/Object;ZZ)Ljava/lang/Object; @ 253
Event: 2.679 Thread 0x000000001c272800 Uncommon trap: reason=bimorphic action=maybe_recompile pc=0x0000000002cd90c0 method=java.util.HashMap.putVal(ILjava/lang/Object;Ljava/lang/Object;ZZ)Ljava/lang/Object; @ 253
Event: 2.679 Thread 0x000000001c272800 Uncommon trap: reason=bimorphic action=maybe_recompile pc=0x0000000002cd41e0 method=java.util.HashMap.putVal(ILjava/lang/Object;Ljava/lang/Object;ZZ)Ljava/lang/Object; @ 253
Event: 2.993 Thread 0x000000001c272800 Uncommon trap: reason=class_check action=maybe_recompile pc=0x0000000002d5cd58 method=java.util.regex.Matcher.match(II)Z @ 86
Event: 3.009 Thread 0x000000001c272800 Uncommon trap: reason=class_check action=maybe_recompile pc=0x0000000002d5cd58 method=java.util.regex.Matcher.match(II)Z @ 86
Event: 3.009 Thread 0x000000001c272800 Uncommon trap: reason=class_check action=maybe_recompile pc=0x0000000002d5cd58 method=java.util.regex.Matcher.match(II)Z @ 86
Event: 3.010 Thread 0x000000001c272800 Uncommon trap: reason=class_check action=maybe_recompile pc=0x0000000002c0254c method=java.util.regex.Matcher.match(II)Z @ 86

Classes redefined (0 events):
No events

Internal exceptions (10 events):
Event: 2.534 Thread 0x000000001c1a7000 Exception <a 'java/lang/NoSuchMethodError': <clinit>> (0x00000000d865fbc0) thrown at [D:\src\AOSP-openjdk-cygwin\jdk8u\hotspot\src\share\vm\prims\jni.cpp, line 1614]
Event: 2.536 Thread 0x000000001c1a7000 Exception <a 'java/lang/NoSuchMethodError': <clinit>> (0x00000000d8675398) thrown at [D:\src\AOSP-openjdk-cygwin\jdk8u\hotspot\src\share\vm\prims\jni.cpp, line 1614]
Event: 2.542 Thread 0x000000001c1a7000 Exception <a 'java/lang/NoSuchMethodError': <clinit>> (0x00000000d8688558) thrown at [D:\src\AOSP-openjdk-cygwin\jdk8u\hotspot\src\share\vm\prims\jni.cpp, line 1614]
Event: 2.548 Thread 0x000000001c1a7000 Exception <a 'java/lang/NoSuchMethodError': <clinit>> (0x00000000d86afa38) thrown at [D:\src\AOSP-openjdk-cygwin\jdk8u\hotspot\src\share\vm\prims\jni.cpp, line 1614]
Event: 2.553 Thread 0x000000001c1a7000 Exception <a 'java/lang/NoSuchMethodError': <clinit>> (0x00000000d86c7b28) thrown at [D:\src\AOSP-openjdk-cygwin\jdk8u\hotspot\src\share\vm\prims\jni.cpp, line 1614]
Event: 2.553 Thread 0x000000001c1a7000 Exception <a 'java/lang/NoSuchMethodError': <clinit>> (0x00000000d86d07b8) thrown at [D:\src\AOSP-openjdk-cygwin\jdk8u\hotspot\src\share\vm\prims\jni.cpp, line 1614]
Event: 2.556 Thread 0x000000001c1a7000 Exception <a 'java/lang/NoSuchMethodError': <clinit>> (0x00000000d86e6ea8) thrown at [D:\src\AOSP-openjdk-cygwin\jdk8u\hotspot\src\share\vm\prims\jni.cpp, line 1614]
Event: 2.585 Thread 0x000000001c1a7000 Exception <a 'java/lang/NoSuchMethodError': <clinit>> (0x00000000d8765dd8) thrown at [D:\src\AOSP-openjdk-cygwin\jdk8u\hotspot\src\share\vm\prims\jni.cpp, line 1614]
Event: 2.597 Thread 0x000000001c1a7000 Exception <a 'java/lang/NoSuchMethodError': <clinit>> (0x00000000d87966a8) thrown at [D:\src\AOSP-openjdk-cygwin\jdk8u\hotspot\src\share\vm\prims\jni.cpp, line 1614]
Event: 2.605 Thread 0x000000001c1a7000 Exception <a 'java/lang/NoSuchMethodError': <clinit>> (0x00000000d87b5880) thrown at [D:\src\AOSP-openjdk-cygwin\jdk8u\hotspot\src\share\vm\prims\jni.cpp, line 1614]

Events (10 events):
Event: 3.091 loading class org/gradle/api/internal/changedetection/state/CrossBuildFileHashCache$Kind
Event: 3.091 loading class org/gradle/api/internal/changedetection/state/CrossBuildFileHashCache$Kind done
Event: 3.093 loading class org/gradle/internal/hash/DefaultStreamHasher
Event: 3.093 loading class org/gradle/internal/hash/DefaultStreamHasher done
Event: 3.093 loading class java/io/UncheckedIOException
Event: 3.094 loading class java/io/UncheckedIOException done
Event: 3.094 loading class org/gradle/internal/hash/Hashing
Event: 3.094 loading class org/gradle/internal/hash/Hashing done
Event: 3.094 loading class org/gradle/internal/hash/HashFunction
Event: 3.094 loading class org/gradle/internal/hash/HashFunction done


Dynamic libraries:
0x00007ff70bd70000 - 0x00007ff70bda1000 	C:\Program Files\Android\Android Studio\jre\bin\java.exe
0x00007ffbdd960000 - 0x00007ffbddb50000 	C:\Windows\SYSTEM32\ntdll.dll
0x00007ffbdc8f0000 - 0x00007ffbdc9a2000 	C:\Windows\System32\KERNEL32.DLL
0x00007ffbdb480000 - 0x00007ffbdb725000 	C:\Windows\System32\KERNELBASE.dll
0x00007ffbd8410000 - 0x00007ffbd849f000 	C:\Windows\SYSTEM32\apphelp.dll
0x00007ffbdd5d0000 - 0x00007ffbdd673000 	C:\Windows\System32\ADVAPI32.dll
0x00007ffbdd170000 - 0x00007ffbdd20e000 	C:\Windows\System32\msvcrt.dll
0x00007ffbdc720000 - 0x00007ffbdc7b7000 	C:\Windows\System32\sechost.dll
0x00007ffbdc580000 - 0x00007ffbdc6a0000 	C:\Windows\System32\RPCRT4.dll
0x00007ffbdbc00000 - 0x00007ffbdbd94000 	C:\Windows\System32\USER32.dll
0x00007ffbdb830000 - 0x00007ffbdb851000 	C:\Windows\System32\win32u.dll
0x00007ffbdd8f0000 - 0x00007ffbdd916000 	C:\Windows\System32\GDI32.dll
0x00007ffbdaa50000 - 0x00007ffbdabe6000 	C:\Windows\System32\gdi32full.dll
0x00007ffbda9b0000 - 0x00007ffbdaa4e000 	C:\Windows\System32\msvcp_win.dll
0x00007ffbdabf0000 - 0x00007ffbdacea000 	C:\Windows\System32\ucrtbase.dll
0x00007ffbcb610000 - 0x00007ffbcb894000 	C:\Windows\WinSxS\amd64_microsoft.windows.common-controls_6595b64144ccf1df_6.0.18362.1256_none_9e7e379be45e40e2\COMCTL32.dll
0x00007ffbdd210000 - 0x00007ffbdd546000 	C:\Windows\System32\combase.dll
0x00007ffbdb730000 - 0x00007ffbdb7b1000 	C:\Windows\System32\bcryptPrimitives.dll
0x00007ffbdbbd0000 - 0x00007ffbdbbfe000 	C:\Windows\System32\IMM32.DLL
0x0000000071390000 - 0x0000000071462000 	C:\Program Files\Android\Android Studio\jre\jre\bin\msvcr100.dll
0x0000000070830000 - 0x0000000071076000 	C:\Program Files\Android\Android Studio\jre\jre\bin\server\jvm.dll
0x00007ffbdbbc0000 - 0x00007ffbdbbc8000 	C:\Windows\System32\PSAPI.DLL
0x00007ffbbf370000 - 0x00007ffbbf379000 	C:\Windows\SYSTEM32\WSOCK32.dll
0x00007ffbd8140000 - 0x00007ffbd8164000 	C:\Windows\SYSTEM32\WINMM.dll
0x00007ffbd2bd0000 - 0x00007ffbd2bda000 	C:\Windows\SYSTEM32\VERSION.dll
0x00007ffbdd100000 - 0x00007ffbdd16f000 	C:\Windows\System32\WS2_32.dll
0x00007ffbd8000000 - 0x00007ffbd802d000 	C:\Windows\SYSTEM32\WINMMBASE.dll
0x00007ffbdb7c0000 - 0x00007ffbdb80a000 	C:\Windows\System32\cfgmgr32.dll
0x00007ffbd5610000 - 0x00007ffbd561f000 	C:\Program Files\Android\Android Studio\jre\jre\bin\verify.dll
0x00007ffbc3ba0000 - 0x00007ffbc3bc9000 	C:\Program Files\Android\Android Studio\jre\jre\bin\java.dll
0x00007ffbd0ff0000 - 0x00007ffbd1006000 	C:\Program Files\Android\Android Studio\jre\jre\bin\zip.dll
0x00007ffbdbe90000 - 0x00007ffbdc577000 	C:\Windows\System32\SHELL32.dll
0x00007ffbdcbe0000 - 0x00007ffbdcc89000 	C:\Windows\System32\shcore.dll
0x00007ffbdacf0000 - 0x00007ffbdb471000 	C:\Windows\System32\windows.storage.dll
0x00007ffbda810000 - 0x00007ffbda833000 	C:\Windows\System32\profapi.dll
0x00007ffbda840000 - 0x00007ffbda88a000 	C:\Windows\System32\powrprof.dll
0x00007ffbda800000 - 0x00007ffbda810000 	C:\Windows\System32\UMPDC.dll
0x00007ffbdbe30000 - 0x00007ffbdbe82000 	C:\Windows\System32\shlwapi.dll
0x00007ffbda8b0000 - 0x00007ffbda8c1000 	C:\Windows\System32\kernel.appcore.dll
0x00007ffbdb810000 - 0x00007ffbdb827000 	C:\Windows\System32\cryptsp.dll
0x00007ffbcf630000 - 0x00007ffbcf64a000 	C:\Program Files\Android\Android Studio\jre\jre\bin\net.dll
0x00007ffbcd410000 - 0x00007ffbcd5e6000 	C:\Windows\SYSTEM32\urlmon.dll
0x00007ffbcd8d0000 - 0x00007ffbcdb77000 	C:\Windows\SYSTEM32\iertutil.dll
0x00007ffbda220000 - 0x00007ffbda22c000 	C:\Windows\SYSTEM32\CRYPTBASE.DLL
0x00007ffbda050000 - 0x00007ffbda0b7000 	C:\Windows\system32\mswsock.dll
0x00007ffbce800000 - 0x00007ffbce813000 	C:\Program Files\Android\Android Studio\jre\jre\bin\nio.dll
0x00007ffbd31f0000 - 0x00007ffbd3217000 	C:\Users\Ahmed\.gradle\native\f6784746aeab05261644944871eae4fe03e0ef1612fff0a4a95f87b438bc6780\windows-amd64\native-platform.dll
0x00007ffbd5420000 - 0x00007ffbd542d000 	C:\Program Files\Android\Android Studio\jre\jre\bin\management.dll
0x00007ffbd9bc0000 - 0x00007ffbd9bf3000 	C:\Windows\system32\rsaenh.dll
0x00007ffbda980000 - 0x00007ffbda9a6000 	C:\Windows\System32\bcrypt.dll
0x00007ffbda720000 - 0x00007ffbda745000 	C:\Windows\SYSTEM32\USERENV.dll
0x00007ffbd9d60000 - 0x00007ffbd9d9a000 	C:\Windows\SYSTEM32\IPHLPAPI.DLL
0x00007ffbdd5c0000 - 0x00007ffbdd5c8000 	C:\Windows\System32\NSI.dll
0x00007ffbd2be0000 - 0x00007ffbd2bf6000 	C:\Windows\SYSTEM32\dhcpcsvc6.DLL
0x00007ffbd2bb0000 - 0x00007ffbd2bcc000 	C:\Windows\SYSTEM32\dhcpcsvc.DLL
0x00007ffbd9da0000 - 0x00007ffbd9e6b000 	C:\Windows\SYSTEM32\DNSAPI.dll
0x00007ffbd3f40000 - 0x00007ffbd3f4b000 	C:\Windows\SYSTEM32\WINNSI.DLL

VM Arguments:
jvm_args: -Xmx2000m -Dfile.encoding=windows-1252 -Duser.country=US -Duser.language=en -Duser.variant 
java_command: org.gradle.launcher.daemon.bootstrap.GradleDaemon 6.5
java_class_path (initial): C:\Users\Ahmed\.gradle\wrapper\dists\gradle-6.5-bin\6nifqtx7604sqp1q6g8wikw7p\gradle-6.5\lib\gradle-launcher-6.5.jar
Launcher Type: SUN_STANDARD

Environment Variables:
JAVA_HOME=C:\Program Files\Java\jdk-15.0.1
PATH=C:\Program Files\Common Files\Oracle\Java\javapath;C:\ProgramData\Oracle\Java\javapath;C:\Windows\system32;C:\Windows;C:\Windows\System32\Wbem;C:\Windows\System32\WindowsPowerShell\v1.0\;C:\Windows\System32\OpenSSH\;C:\Users\Ahmed\AppData\Local\Microsoft\WindowsApps;
USERNAME=Ahmed
OS=Windows_NT
PROCESSOR_IDENTIFIER=Intel64 Family 6 Model 60 Stepping 3, GenuineIntel



---------------  S Y S T E M  ---------------

OS: Windows 10.0 , 64 bit Build 18362 (10.0.18362.1110)

CPU:total 8 (initial active 8) (4 cores per cpu, 2 threads per core) family 6 model 60 stepping 3, cmov, cx8, fxsr, mmx, sse, sse2, sse3, ssse3, sse4.1, sse4.2, popcnt, avx, avx2, aes, clmul, erms, lzcnt, ht, tsc, tscinvbit, bmi1, bmi2

Memory: 4k page, physical 16655468k(270720k free), swap 45959016k(3560k free)

vm_info: OpenJDK 64-Bit Server VM (25.212-b04) for windows-amd64 JRE (1.8.0_212-release-1586-b04), built by "builder" with MS VC++ 10.0 (VS2010)

time: Thu Dec 17 13:11:44 2020
timezone: Egypt Standard Time
elapsed time: 3 seconds (0d 0h 0m 3s)

