#
# There is insufficient memory for the Java Runtime Environment to continue.
# Native memory allocation (malloc) failed to allocate 1283536 bytes for Chunk::new
# Possible reasons:
#   The system is out of physical RAM or swap space
#   The process is running with CompressedOops enabled, and the Java Heap may be blocking the growth of the native heap
# Possible solutions:
#   Reduce memory load on the system
#   Increase physical memory or swap space
#   Check if swap backing store is full
#   Decrease Java heap size (-Xmx/-Xms)
#   Decrease number of Java threads
#   Decrease Java thread stack sizes (-Xss)
#   Set larger code cache with -XX:ReservedCodeCacheSize=
#   JVM is running with Unscaled Compressed Oops mode in which the Java heap is
#     placed in the first 4GB address space. The Java Heap base address is the
#     maximum limit for the native heap growth. Please use -XX:HeapBaseMinAddress
#     to set the Java Heap base and to place the Java Heap above 4GB virtual address.
# This output file may be truncated or incomplete.
#
#  Out of Memory Error (allocation.cpp:389), pid=6796, tid=0x0000000000001f84
#
# JRE version: OpenJDK Runtime Environment (8.0_242-b01) (build 1.8.0_242-release-1644-b01)
# Java VM: OpenJDK 64-Bit Server VM (25.242-b01 mixed mode windows-amd64 compressed oops)
# Failed to write core dump. Minidumps are not enabled by default on client versions of Windows
#

---------------  T H R E A D  ---------------

Current thread (0x0000000016c05800):  JavaThread "C2 CompilerThread0" daemon [_thread_in_native, id=8068, stack(0x0000000018270000,0x0000000018370000)]

Stack: [0x0000000018270000,0x0000000018370000]
[error occurred during error reporting (printing stack bounds), id 0xc0000005]

Native frames: (J=compiled Java code, j=interpreted, Vv=VM code, C=native code)


Current CompileTask:
C2:  17359 4750   !   4       com.sun.beans.TypeResolver::resolve (274 bytes)


---------------  P R O C E S S  ---------------

Java Threads: ( => current thread )
  0x000000001b287000 JavaThread "Cache worker for Build Output Cleanup Cache (E:\Cairo Cart\Cairo Cart\.gradle\buildOutputCleanup)" [_thread_blocked, id=2972, stack(0x0000000022ee0000,0x0000000022fe0000)]
  0x000000001b28e000 JavaThread "pool-1-thread-1" [_thread_blocked, id=7848, stack(0x0000000022be0000,0x0000000022ce0000)]
  0x000000001b28d000 JavaThread "Build operations Thread 4" [_thread_blocked, id=17256, stack(0x0000000021620000,0x0000000021720000)]
  0x000000001b286800 JavaThread "Build operations Thread 3" [_thread_blocked, id=11104, stack(0x00000000212f0000,0x00000000213f0000)]
  0x000000001b28b800 JavaThread "Build operations Thread 2" [_thread_blocked, id=17028, stack(0x0000000020f60000,0x0000000021060000)]
  0x000000001b28c800 JavaThread "Build operations" [_thread_blocked, id=14188, stack(0x0000000020e60000,0x0000000020f60000)]
  0x000000001983d800 JavaThread "Cache worker for execution history cache (C:\Users\Ahmed\.gradle\caches\6.1.1\executionHistory)" [_thread_blocked, id=16104, stack(0x0000000020760000,0x0000000020860000)]
  0x0000000019840000 JavaThread "Cache worker for cache directory md-rule (C:\Users\Ahmed\.gradle\caches\6.1.1\md-rule)" [_thread_blocked, id=15896, stack(0x0000000020660000,0x0000000020760000)]
  0x000000001983f000 JavaThread "Cache worker for cache directory md-supplier (C:\Users\Ahmed\.gradle\caches\6.1.1\md-supplier)" [_thread_blocked, id=5592, stack(0x0000000020560000,0x0000000020660000)]
  0x000000001983d000 JavaThread "Cache worker for file hash cache (E:\Cairo Cart\Cairo Cart\.gradle\6.1.1\fileHashes)" [_thread_blocked, id=17248, stack(0x0000000020260000,0x0000000020360000)]
  0x000000001983a800 JavaThread "Cache worker for checksums cache (E:\Cairo Cart\Cairo Cart\.gradle\checksums)" [_thread_blocked, id=5272, stack(0x0000000020160000,0x0000000020260000)]
  0x000000001983b800 JavaThread "Cache worker for file hash cache (C:\Users\Ahmed\.gradle\caches\6.1.1\fileHashes)" [_thread_blocked, id=17172, stack(0x000000001c990000,0x000000001ca90000)]
  0x000000001983e800 JavaThread "File lock request listener" [_thread_in_native, id=10860, stack(0x000000001c890000,0x000000001c990000)]
  0x0000000019a99800 JavaThread "Cache worker for journal cache (C:\Users\Ahmed\.gradle\caches\journal-1)" [_thread_blocked, id=17188, stack(0x000000001c790000,0x000000001c890000)]
  0x000000001989f800 JavaThread "Thread-9" [_thread_blocked, id=10460, stack(0x000000001c490000,0x000000001c590000)]
  0x000000001989f000 JavaThread "Stdin handler" [_thread_blocked, id=15656, stack(0x000000001c390000,0x000000001c490000)]
  0x0000000019167000 JavaThread "Asynchronous log dispatcher for DefaultDaemonConnection: socket connection from /127.0.0.1:52129 to /127.0.0.1:52130" [_thread_blocked, id=6000, stack(0x000000001c290000,0x000000001c390000)]
  0x0000000019174800 JavaThread "Daemon worker" [_thread_in_vm, id=17328, stack(0x000000001c190000,0x000000001c290000)]
  0x000000001881e000 JavaThread "Cancel handler" [_thread_blocked, id=2000, stack(0x000000001c090000,0x000000001c190000)]
  0x0000000019524800 JavaThread "Handler for socket connection from /127.0.0.1:52129 to /127.0.0.1:52130" [_thread_in_native, id=17388, stack(0x000000001bd90000,0x000000001be90000)]
  0x00000000190eb000 JavaThread "Daemon" [_thread_blocked, id=3984, stack(0x000000001bc90000,0x000000001bd90000)]
  0x000000001a5d9000 JavaThread "Daemon periodic checks" [_thread_blocked, id=1160, stack(0x000000001bb90000,0x000000001bc90000)]
  0x000000001a5d7000 JavaThread "Incoming local TCP Connector on port 52129" [_thread_in_native, id=3860, stack(0x000000001b950000,0x000000001ba50000)]
  0x000000001a587800 JavaThread "Daemon health stats" [_thread_blocked, id=17368, stack(0x000000001b310000,0x000000001b410000)]
  0x00000000185d9800 JavaThread "Service Thread" daemon [_thread_blocked, id=17164, stack(0x0000000018970000,0x0000000018a70000)]
  0x0000000016c5e000 JavaThread "C1 CompilerThread2" daemon [_thread_blocked, id=16188, stack(0x0000000018470000,0x0000000018570000)]
  0x0000000016c09000 JavaThread "C2 CompilerThread1" daemon [_thread_in_native, id=10936, stack(0x0000000018370000,0x0000000018470000)]
=>0x0000000016c05800 JavaThread "C2 CompilerThread0" daemon [_thread_in_native, id=8068, stack(0x0000000018270000,0x0000000018370000)]
  0x0000000016c04000 JavaThread "Attach Listener" daemon [_thread_blocked, id=16092, stack(0x0000000018170000,0x0000000018270000)]
  0x0000000016c52800 JavaThread "Signal Dispatcher" daemon [_thread_blocked, id=16292, stack(0x0000000018070000,0x0000000018170000)]
  0x000000000328b000 JavaThread "Finalizer" daemon [_thread_blocked, id=448, stack(0x0000000017e80000,0x0000000017f80000)]
  0x0000000016be9000 JavaThread "Reference Handler" daemon [_thread_blocked, id=16792, stack(0x0000000017d80000,0x0000000017e80000)]
  0x000000000318d800 JavaThread "main" [_thread_blocked, id=3764, stack(0x0000000003060000,0x0000000003160000)]

Other Threads:
  0x0000000016bc6800 VMThread [stack: 0x0000000017c80000,0x0000000017d80000] [id=6848]
  0x00000000185f3000 WatcherThread [stack: 0x0000000018a70000,0x0000000018b70000] [id=6416]

VM state:not at safepoint (normal execution)

VM Mutex/Monitor currently owned by a thread: None

heap address: 0x00000000a0000000, size: 1536 MB, Compressed Oops mode: 32-bit
Narrow klass base: 0x0000000000000000, Narrow klass shift: 3
Compressed class space size: 1073741824 Address: 0x0000000100000000

Heap:
 PSYoungGen      total 125440K, used 32406K [0x00000000e0000000, 0x00000000e8680000, 0x0000000100000000)
  eden space 113664K, 18% used [0x00000000e0000000,0x00000000e1426840,0x00000000e6f00000)
  from space 11776K, 99% used [0x00000000e6f00000,0x00000000e7a7f310,0x00000000e7a80000)
  to   space 12288K, 0% used [0x00000000e7a80000,0x00000000e7a80000,0x00000000e8680000)
 ParOldGen       total 128000K, used 28173K [0x00000000a0000000, 0x00000000a7d00000, 0x00000000e0000000)
  object space 128000K, 22% used [0x00000000a0000000,0x00000000a1b835b8,0x00000000a7d00000)
 Metaspace       used 52319K, capacity 54158K, committed 54312K, reserved 1095680K
  class space    used 6997K, capacity 7447K, committed 7472K, reserved 1048576K

Card table byte_map: [0x0000000012650000,0x0000000012960000] byte_map_base: 0x0000000012150000

Marking Bits: (ParMarkBitMap*) 0x00000000692df030
 Begin Bits: [0x0000000012f60000, 0x0000000014760000)
 End Bits:   [0x0000000014760000, 0x0000000015f60000)

Polling page: 0x00000000013a0000

CodeCache: size=245760Kb used=15417Kb max_used=15417Kb free=230342Kb
 bounds [0x0000000003290000, 0x00000000041b0000, 0x0000000012290000]
 total_blobs=5285 nmethods=4517 adapters=680
 compilation: enabled

Compilation events (10 events):
Event: 17.340 Thread 0x0000000016c5e000 4865       3       java.util.concurrent.atomic.AtomicBoolean::<init> (5 bytes)
Event: 17.340 Thread 0x0000000016c5e000 nmethod 4865 0x00000000041a0310 code [0x00000000041a0460, 0x00000000041a0610]
Event: 17.340 Thread 0x0000000016c5e000 4866       3       org.gradle.api.internal.DefaultCollectionCallbackActionDecorator$OperationDetails::getApplicationId (8 bytes)
Event: 17.340 Thread 0x0000000016c5e000 nmethod 4866 0x00000000041a06d0 code [0x00000000041a0840, 0x00000000041a0a10]
Event: 17.340 Thread 0x0000000016c5e000 4867       3       org.gradle.api.internal.DefaultCollectionCallbackActionDecorator$BuildOperationEmittingAction$1::run (40 bytes)
Event: 17.341 Thread 0x0000000016c5e000 nmethod 4867 0x00000000041a0ad0 code [0x00000000041a0c60, 0x00000000041a1068]
Event: 17.341 Thread 0x0000000016c5e000 4868       3       org.gradle.api.internal.DefaultCollectionCallbackActionDecorator$BuildOperationEmittingAction$1$1::run (23 bytes)
Event: 17.341 Thread 0x0000000016c5e000 nmethod 4868 0x00000000041a12d0 code [0x00000000041a1440, 0x00000000041a1688]
Event: 17.342 Thread 0x0000000016c5e000 4869       1       org.gradle.api.internal.artifacts.configurations.DefaultConfiguration::access$2100 (5 bytes)
Event: 17.342 Thread 0x0000000016c5e000 nmethod 4869 0x00000000041a1790 code [0x00000000041a18e0, 0x00000000041a19d0]

GC Heap History (10 events):
Event: 10.421 GC heap before
{Heap before GC invocations=7 (full 1):
 PSYoungGen      total 75776K, used 73078K [0x00000000e0000000, 0x00000000e8680000, 0x0000000100000000)
  eden space 65024K, 100% used [0x00000000e0000000,0x00000000e3f80000,0x00000000e3f80000)
  from space 10752K, 74% used [0x00000000e3f80000,0x00000000e475da98,0x00000000e4a00000)
  to   space 12288K, 0% used [0x00000000e7a80000,0x00000000e7a80000,0x00000000e8680000)
 ParOldGen       total 88576K, used 7381K [0x00000000a0000000, 0x00000000a5680000, 0x00000000e0000000)
  object space 88576K, 8% used [0x00000000a0000000,0x00000000a07354c8,0x00000000a5680000)
 Metaspace       used 32119K, capacity 32912K, committed 33072K, reserved 1077248K
  class space    used 4368K, capacity 4606K, committed 4656K, reserved 1048576K
Event: 10.462 GC heap after
Heap after GC invocations=7 (full 1):
 PSYoungGen      total 125952K, used 8780K [0x00000000e0000000, 0x00000000e8680000, 0x0000000100000000)
  eden space 113664K, 0% used [0x00000000e0000000,0x00000000e0000000,0x00000000e6f00000)
  from space 12288K, 71% used [0x00000000e7a80000,0x00000000e8313380,0x00000000e8680000)
  to   space 11776K, 0% used [0x00000000e6f00000,0x00000000e6f00000,0x00000000e7a80000)
 ParOldGen       total 88576K, used 7389K [0x00000000a0000000, 0x00000000a5680000, 0x00000000e0000000)
  object space 88576K, 8% used [0x00000000a0000000,0x00000000a07374c8,0x00000000a5680000)
 Metaspace       used 32119K, capacity 32912K, committed 33072K, reserved 1077248K
  class space    used 4368K, capacity 4606K, committed 4656K, reserved 1048576K
}
Event: 11.647 GC heap before
{Heap before GC invocations=8 (full 1):
 PSYoungGen      total 125952K, used 62989K [0x00000000e0000000, 0x00000000e8680000, 0x0000000100000000)
  eden space 113664K, 47% used [0x00000000e0000000,0x00000000e34f0328,0x00000000e6f00000)
  from space 12288K, 71% used [0x00000000e7a80000,0x00000000e8313380,0x00000000e8680000)
  to   space 11776K, 0% used [0x00000000e6f00000,0x00000000e6f00000,0x00000000e7a80000)
 ParOldGen       total 88576K, used 7389K [0x00000000a0000000, 0x00000000a5680000, 0x00000000e0000000)
  object space 88576K, 8% used [0x00000000a0000000,0x00000000a07374c8,0x00000000a5680000)
 Metaspace       used 34519K, capacity 35374K, committed 35496K, reserved 1079296K
  class space    used 4722K, capacity 4966K, committed 5040K, reserved 1048576K
Event: 11.700 GC heap after
Heap after GC invocations=8 (full 1):
 PSYoungGen      total 125440K, used 9381K [0x00000000e0000000, 0x00000000e8680000, 0x0000000100000000)
  eden space 113664K, 0% used [0x00000000e0000000,0x00000000e0000000,0x00000000e6f00000)
  from space 11776K, 79% used [0x00000000e6f00000,0x00000000e7829588,0x00000000e7a80000)
  to   space 12288K, 0% used [0x00000000e7a80000,0x00000000e7a80000,0x00000000e8680000)
 ParOldGen       total 88576K, used 7397K [0x00000000a0000000, 0x00000000a5680000, 0x00000000e0000000)
  object space 88576K, 8% used [0x00000000a0000000,0x00000000a07394c8,0x00000000a5680000)
 Metaspace       used 34519K, capacity 35374K, committed 35496K, reserved 1079296K
  class space    used 4722K, capacity 4966K, committed 5040K, reserved 1048576K
}
Event: 11.700 GC heap before
{Heap before GC invocations=9 (full 2):
 PSYoungGen      total 125440K, used 9381K [0x00000000e0000000, 0x00000000e8680000, 0x0000000100000000)
  eden space 113664K, 0% used [0x00000000e0000000,0x00000000e0000000,0x00000000e6f00000)
  from space 11776K, 79% used [0x00000000e6f00000,0x00000000e7829588,0x00000000e7a80000)
  to   space 12288K, 0% used [0x00000000e7a80000,0x00000000e7a80000,0x00000000e8680000)
 ParOldGen       total 88576K, used 7397K [0x00000000a0000000, 0x00000000a5680000, 0x00000000e0000000)
  object space 88576K, 8% used [0x00000000a0000000,0x00000000a07394c8,0x00000000a5680000)
 Metaspace       used 34519K, capacity 35374K, committed 35496K, reserved 1079296K
  class space    used 4722K, capacity 4966K, committed 5040K, reserved 1048576K
Event: 11.809 GC heap after
Heap after GC invocations=9 (full 2):
 PSYoungGen      total 125440K, used 0K [0x00000000e0000000, 0x00000000e8680000, 0x0000000100000000)
  eden space 113664K, 0% used [0x00000000e0000000,0x00000000e0000000,0x00000000e6f00000)
  from space 11776K, 0% used [0x00000000e6f00000,0x00000000e6f00000,0x00000000e7a80000)
  to   space 12288K, 0% used [0x00000000e7a80000,0x00000000e7a80000,0x00000000e8680000)
 ParOldGen       total 128000K, used 16142K [0x00000000a0000000, 0x00000000a7d00000, 0x00000000e0000000)
  object space 128000K, 12% used [0x00000000a0000000,0x00000000a0fc3a78,0x00000000a7d00000)
 Metaspace       used 34519K, capacity 35374K, committed 35496K, reserved 1079296K
  class space    used 4722K, capacity 4966K, committed 5040K, reserved 1048576K
}
Event: 14.351 GC heap before
{Heap before GC invocations=10 (full 2):
 PSYoungGen      total 125440K, used 113664K [0x00000000e0000000, 0x00000000e8680000, 0x0000000100000000)
  eden space 113664K, 100% used [0x00000000e0000000,0x00000000e6f00000,0x00000000e6f00000)
  from space 11776K, 0% used [0x00000000e6f00000,0x00000000e6f00000,0x00000000e7a80000)
  to   space 12288K, 0% used [0x00000000e7a80000,0x00000000e7a80000,0x00000000e8680000)
 ParOldGen       total 128000K, used 16142K [0x00000000a0000000, 0x00000000a7d00000, 0x00000000e0000000)
  object space 128000K, 12% used [0x00000000a0000000,0x00000000a0fc3a78,0x00000000a7d00000)
 Metaspace       used 43198K, capacity 44712K, committed 44968K, reserved 1087488K
  class space    used 5840K, capacity 6220K, committed 6320K, reserved 1048576K
Event: 14.382 GC heap after
Heap after GC invocations=10 (full 2):
 PSYoungGen      total 125952K, used 12287K [0x00000000e0000000, 0x00000000e8680000, 0x0000000100000000)
  eden space 113664K, 0% used [0x00000000e0000000,0x00000000e0000000,0x00000000e6f00000)
  from space 12288K, 99% used [0x00000000e7a80000,0x00000000e867fd90,0x00000000e8680000)
  to   space 11776K, 0% used [0x00000000e6f00000,0x00000000e6f00000,0x00000000e7a80000)
 ParOldGen       total 128000K, used 18466K [0x00000000a0000000, 0x00000000a7d00000, 0x00000000e0000000)
  object space 128000K, 14% used [0x00000000a0000000,0x00000000a1208900,0x00000000a7d00000)
 Metaspace       used 43198K, capacity 44712K, committed 44968K, reserved 1087488K
  class space    used 5840K, capacity 6220K, committed 6320K, reserved 1048576K
}
Event: 16.922 GC heap before
{Heap before GC invocations=11 (full 2):
 PSYoungGen      total 125952K, used 125951K [0x00000000e0000000, 0x00000000e8680000, 0x0000000100000000)
  eden space 113664K, 100% used [0x00000000e0000000,0x00000000e6f00000,0x00000000e6f00000)
  from space 12288K, 99% used [0x00000000e7a80000,0x00000000e867fd90,0x00000000e8680000)
  to   space 11776K, 0% used [0x00000000e6f00000,0x00000000e6f00000,0x00000000e7a80000)
 ParOldGen       total 128000K, used 18466K [0x00000000a0000000, 0x00000000a7d00000, 0x00000000e0000000)
  object space 128000K, 14% used [0x00000000a0000000,0x00000000a1208900,0x00000000a7d00000)
 Metaspace       used 50970K, capacity 52668K, committed 52904K, reserved 1095680K
  class space    used 6801K, capacity 7220K, committed 7344K, reserved 1048576K
Event: 16.982 GC heap after
Heap after GC invocations=11 (full 2):
 PSYoungGen      total 125440K, used 11772K [0x00000000e0000000, 0x00000000e8680000, 0x0000000100000000)
  eden space 113664K, 0% used [0x00000000e0000000,0x00000000e0000000,0x00000000e6f00000)
  from space 11776K, 99% used [0x00000000e6f00000,0x00000000e7a7f310,0x00000000e7a80000)
  to   space 12288K, 0% used [0x00000000e7a80000,0x00000000e7a80000,0x00000000e8680000)
 ParOldGen       total 128000K, used 28173K [0x00000000a0000000, 0x00000000a7d00000, 0x00000000e0000000)
  object space 128000K, 22% used [0x00000000a0000000,0x00000000a1b835b8,0x00000000a7d00000)
 Metaspace       used 50970K, capacity 52668K, committed 52904K, reserved 1095680K
  class space    used 6801K, capacity 7220K, committed 7344K, reserved 1048576K
}

Deoptimization events (10 events):
Event: 16.135 Thread 0x0000000019174800 Uncommon trap: reason=unstable_if action=reinterpret pc=0x000000000402fec0 method=org.gradle.internal.instantiation.generator.AbstractClassGenerator$InjectionAnnotationValidator.validateMethod(Ljava/lang/reflect/Method;Lorg/gradle/internal/reflect/Propert
Event: 16.228 Thread 0x0000000019174800 Uncommon trap: reason=unstable_if action=reinterpret pc=0x000000000366e5e4 method=java.lang.String.lastIndexOf([CII[CIII)I @ 17
Event: 16.228 Thread 0x0000000019174800 Uncommon trap: reason=unstable_if action=reinterpret pc=0x0000000003f1b54c method=sun.net.www.protocol.jar.Handler.parseURL(Ljava/net/URL;Ljava/lang/String;II)V @ 116
Event: 16.541 Thread 0x0000000019174800 Uncommon trap: reason=unstable_if action=reinterpret pc=0x0000000003dd00f4 method=org.codehaus.groovy.reflection.CachedMethod.compareToMethod(Ljava/lang/reflect/Method;)I @ 111
Event: 16.687 Thread 0x0000000019174800 Uncommon trap: reason=class_check action=maybe_recompile pc=0x0000000003959568 method=java.util.WeakHashMap.eq(Ljava/lang/Object;Ljava/lang/Object;)Z @ 7
Event: 16.904 Thread 0x0000000019174800 Uncommon trap: reason=unstable_if action=reinterpret pc=0x000000000413fd98 method=groovy.lang.MetaClassImpl.checkIfStdMethod(Lgroovy/lang/MetaMethod;)V @ 55
Event: 17.007 Thread 0x0000000019174800 Uncommon trap: reason=unstable_if action=reinterpret pc=0x0000000003be836c method=org.codehaus.groovy.runtime.metaclass.MetaMethodIndex.isNonRealMethod(Lgroovy/lang/MetaMethod;)Z @ 4
Event: 17.009 Thread 0x0000000019174800 Uncommon trap: reason=unstable_if action=reinterpret pc=0x0000000003d052e0 method=groovy.lang.MetaClassImpl$1MOPIter.methodNameAction(Ljava/lang/Class;Lorg/codehaus/groovy/runtime/metaclass/MetaMethodIndex$Entry;)V @ 182
Event: 17.038 Thread 0x0000000019174800 Uncommon trap: reason=unstable_if action=reinterpret pc=0x0000000003f48dc4 method=java.lang.ClassLoader.checkCerts(Ljava/lang/String;Ljava/security/CodeSource;)V @ 29
Event: 17.053 Thread 0x0000000019174800 Uncommon trap: reason=class_check action=maybe_recompile pc=0x0000000003959568 method=java.util.WeakHashMap.eq(Ljava/lang/Object;Ljava/lang/Object;)Z @ 7

Classes redefined (0 events):
No events

Internal exceptions (10 events):
Event: 17.038 Thread 0x0000000019174800 Implicit null exception at 0x0000000003f4816e to 0x0000000003f48dad
Event: 17.046 Thread 0x0000000019174800 Exception <a 'java/lang/ClassNotFoundException': org/gradle/api/internal/plugins/DefaultPluginContainerBeanInfo> (0x00000000e053c198) thrown at [C:\src\AOSP-openjdk-git\hotspot\src\share\vm\classfile\systemDictionary.cpp, line 210]
Event: 17.047 Thread 0x0000000019174800 Exception <a 'java/lang/ClassNotFoundException': org/gradle/api/internal/plugins/DefaultPluginCollectionBeanInfo> (0x00000000e057e4f0) thrown at [C:\src\AOSP-openjdk-git\hotspot\src\share\vm\classfile\systemDictionary.cpp, line 210]
Event: 17.048 Thread 0x0000000019174800 Exception <a 'java/lang/ClassNotFoundException': org/gradle/api/internal/DefaultDomainObjectSetBeanInfo> (0x00000000e05b9fb0) thrown at [C:\src\AOSP-openjdk-git\hotspot\src\share\vm\classfile\systemDictionary.cpp, line 210]
Event: 17.050 Thread 0x0000000019174800 Exception <a 'java/lang/ClassNotFoundException': org/gradle/api/internal/DefaultDomainObjectSetCustomizer> (0x00000000e05f79b0) thrown at [C:\src\AOSP-openjdk-git\hotspot\src\share\vm\classfile\systemDictionary.cpp, line 210]
Event: 17.053 Thread 0x0000000019174800 Exception <a 'java/lang/ClassNotFoundException': org/gradle/api/internal/plugins/DefaultPluginCollectionCustomizer> (0x00000000e064bc78) thrown at [C:\src\AOSP-openjdk-git\hotspot\src\share\vm\classfile\systemDictionary.cpp, line 210]
Event: 17.061 Thread 0x0000000019174800 Exception <a 'java/lang/ClassNotFoundException': org/gradle/api/internal/plugins/DefaultPluginContainerCustomizer> (0x00000000e06c1c38) thrown at [C:\src\AOSP-openjdk-git\hotspot\src\share\vm\classfile\systemDictionary.cpp, line 210]
Event: 17.085 Thread 0x0000000019174800 Exception <a 'java/lang/ClassNotFoundException': org/gradle/api/internal/DefaultDomainObjectSet_DecoratedBeanInfo> (0x00000000e090dcd0) thrown at [C:\src\AOSP-openjdk-git\hotspot\src\share\vm\classfile\systemDictionary.cpp, line 210]
Event: 17.086 Thread 0x0000000019174800 Exception <a 'java/lang/ClassNotFoundException': org/gradle/api/internal/DefaultDomainObjectSet_DecoratedCustomizer> (0x00000000e09511d8) thrown at [C:\src\AOSP-openjdk-git\hotspot\src\share\vm\classfile\systemDictionary.cpp, line 210]
Event: 17.297 Thread 0x0000000019174800 Exception <a 'java/lang/NoSuchMethodError': java.lang.Object.lambda$comparingInt$7b0bb60$1(Ljava/util/function/ToIntFunction;Ljava/lang/Object;Ljava/lang/Object;)I> (0x00000000e10411f8) thrown at [C:\src\AOSP-openjdk-git\hotspot\src\share\vm\interpreter\l

Events (10 events):
Event: 17.333 loading class com/android/build/api/attributes/VariantAttr$Companion
Event: 17.333 loading class com/android/build/api/attributes/VariantAttr$Companion done
Event: 17.344 loading class java/util/EnumMap$EntrySet
Event: 17.345 loading class java/util/EnumMap$EntrySet done
Event: 17.345 loading class java/util/EnumMap$EntryIterator
Event: 17.345 loading class java/util/EnumMap$EnumMapIterator
Event: 17.347 loading class java/util/EnumMap$EnumMapIterator done
Event: 17.348 loading class java/util/EnumMap$EntryIterator done
Event: 17.349 loading class java/util/EnumMap$EntryIterator$Entry
Event: 17.349 loading class java/util/EnumMap$EntryIterator$Entry done


Dynamic libraries:
0x00007ff70c380000 - 0x00007ff70c3b1000 	C:\Program Files\Android\Android Studio\jre\bin\java.exe
0x00007ffd05470000 - 0x00007ffd05651000 	C:\WINDOWS\SYSTEM32\ntdll.dll
0x00007ffd028f0000 - 0x00007ffd029a1000 	C:\WINDOWS\System32\KERNEL32.DLL
0x00007ffd01b40000 - 0x00007ffd01db3000 	C:\WINDOWS\System32\KERNELBASE.dll
0x00007ffd031d0000 - 0x00007ffd03271000 	C:\WINDOWS\System32\ADVAPI32.dll
0x00007ffd05130000 - 0x00007ffd051ce000 	C:\WINDOWS\System32\msvcrt.dll
0x00007ffd03c80000 - 0x00007ffd03cdb000 	C:\WINDOWS\System32\sechost.dll
0x00007ffd052e0000 - 0x00007ffd05404000 	C:\WINDOWS\System32\RPCRT4.dll
0x00007ffd03a70000 - 0x00007ffd03c00000 	C:\WINDOWS\System32\USER32.dll
0x00007ffd026c0000 - 0x00007ffd026e0000 	C:\WINDOWS\System32\win32u.dll
0x00007ffd052b0000 - 0x00007ffd052d8000 	C:\WINDOWS\System32\GDI32.dll
0x00007ffd02520000 - 0x00007ffd026b1000 	C:\WINDOWS\System32\gdi32full.dll
0x00007ffd018b0000 - 0x00007ffd0194f000 	C:\WINDOWS\System32\msvcp_win.dll
0x00007ffd026e0000 - 0x00007ffd027d8000 	C:\WINDOWS\System32\ucrtbase.dll
0x00007ffcefef0000 - 0x00007ffcf0159000 	C:\WINDOWS\WinSxS\amd64_microsoft.windows.common-controls_6595b64144ccf1df_6.0.17134.1246_none_d3ffb9d77c90723d\COMCTL32.dll
0x00007ffd02c60000 - 0x00007ffd02f81000 	C:\WINDOWS\System32\combase.dll
0x00007ffd01830000 - 0x00007ffd018a9000 	C:\WINDOWS\System32\bcryptPrimitives.dll
0x00007ffd03580000 - 0x00007ffd035ad000 	C:\WINDOWS\System32\IMM32.DLL
0x0000000068920000 - 0x00000000689f2000 	C:\Program Files\Android\Android Studio\jre\jre\bin\msvcr100.dll
0x0000000068b10000 - 0x000000006935b000 	C:\Program Files\Android\Android Studio\jre\jre\bin\server\jvm.dll
0x00007ffd05430000 - 0x00007ffd05438000 	C:\WINDOWS\System32\PSAPI.DLL
0x00007ffcfe3a0000 - 0x00007ffcfe3c3000 	C:\WINDOWS\SYSTEM32\WINMM.dll
0x00007ffcf2990000 - 0x00007ffcf299a000 	C:\WINDOWS\SYSTEM32\VERSION.dll
0x00007ffcfdb60000 - 0x00007ffcfdb69000 	C:\WINDOWS\SYSTEM32\WSOCK32.dll
0x00007ffcfe370000 - 0x00007ffcfe39a000 	C:\WINDOWS\SYSTEM32\WINMMBASE.dll
0x00007ffd03390000 - 0x00007ffd033fc000 	C:\WINDOWS\System32\WS2_32.dll
0x00007ffd024d0000 - 0x00007ffd02519000 	C:\WINDOWS\System32\cfgmgr32.dll
0x00007ffcfdb50000 - 0x00007ffcfdb5f000 	C:\Program Files\Android\Android Studio\jre\jre\bin\verify.dll
0x00007ffced780000 - 0x00007ffced7a9000 	C:\Program Files\Android\Android Studio\jre\jre\bin\java.dll
0x00007ffcee5c0000 - 0x00007ffcee5d6000 	C:\Program Files\Android\Android Studio\jre\jre\bin\zip.dll
0x00007ffd03ce0000 - 0x00007ffd05125000 	C:\WINDOWS\System32\SHELL32.dll
0x00007ffd032e0000 - 0x00007ffd03389000 	C:\WINDOWS\System32\shcore.dll
0x00007ffd01dc0000 - 0x00007ffd024d0000 	C:\WINDOWS\System32\windows.storage.dll
0x00007ffd03280000 - 0x00007ffd032d1000 	C:\WINDOWS\System32\shlwapi.dll
0x00007ffd01810000 - 0x00007ffd01821000 	C:\WINDOWS\System32\kernel.appcore.dll
0x00007ffd01770000 - 0x00007ffd0178f000 	C:\WINDOWS\System32\profapi.dll
0x00007ffd017c0000 - 0x00007ffd0180c000 	C:\WINDOWS\System32\powrprof.dll
0x00007ffd017b0000 - 0x00007ffd017ba000 	C:\WINDOWS\System32\FLTLIB.DLL
0x00007ffcee4b0000 - 0x00007ffcee4ca000 	C:\Program Files\Android\Android Studio\jre\jre\bin\net.dll
0x00007ffd00ff0000 - 0x00007ffd01056000 	C:\WINDOWS\system32\mswsock.dll
0x00007ffcee520000 - 0x00007ffcee533000 	C:\Program Files\Android\Android Studio\jre\jre\bin\nio.dll
0x00007ffcfe1e0000 - 0x00007ffcfe206000 	C:\Users\Ahmed\.gradle\native\31\windows-amd64\native-platform.dll
0x00007ffcf4eb0000 - 0x00007ffcf4ebd000 	C:\Program Files\Android\Android Studio\jre\jre\bin\management.dll
0x00007ffd011a0000 - 0x00007ffd011b7000 	C:\WINDOWS\SYSTEM32\CRYPTSP.dll
0x00007ffd00ba0000 - 0x00007ffd00bd3000 	C:\WINDOWS\system32\rsaenh.dll
0x00007ffd012d0000 - 0x00007ffd012f5000 	C:\WINDOWS\SYSTEM32\bcrypt.dll
0x00007ffd016a0000 - 0x00007ffd016c8000 	C:\WINDOWS\SYSTEM32\USERENV.dll
0x00007ffd011c0000 - 0x00007ffd011cb000 	C:\WINDOWS\SYSTEM32\CRYPTBASE.dll
0x00007ffd00d40000 - 0x00007ffd00d78000 	C:\WINDOWS\SYSTEM32\IPHLPAPI.DLL
0x00007ffd051d0000 - 0x00007ffd051d8000 	C:\WINDOWS\System32\NSI.dll
0x00007ffcf9a10000 - 0x00007ffcf9a26000 	C:\WINDOWS\SYSTEM32\dhcpcsvc6.DLL
0x00007ffcf99f0000 - 0x00007ffcf9a0a000 	C:\WINDOWS\SYSTEM32\dhcpcsvc.DLL

VM Arguments:
jvm_args: -Xmx1536m -Dfile.encoding=windows-1256 -Duser.country=GB -Duser.language=en -Duser.variant 
java_command: org.gradle.launcher.daemon.bootstrap.GradleDaemon 6.1.1
java_class_path (initial): C:\Users\Ahmed\.gradle\wrapper\dists\gradle-6.1.1-all\cfmwm155h49vnt3hynmlrsdst\gradle-6.1.1\lib\gradle-launcher-6.1.1.jar
Launcher Type: SUN_STANDARD

Environment Variables:
PATH=C:\Program Files (x86)\Common Files\Oracle\Java\javapath;C:\WINDOWS\system32;C:\WINDOWS;C:\WINDOWS\System32\Wbem;C:\WINDOWS\System32\WindowsPowerShell\v1.0\;C:\Program Files\nodejs\;C:\WINDOWS\System32\OpenSSH\;C:\Program Files\Git\cmd;C:\Users\Ahmed\AppData\Roaming\npm;%USERPROFILE%\AppData\Local\Microsoft\WindowsApps;
USERNAME=Ahmed
OS=Windows_NT
PROCESSOR_IDENTIFIER=Intel64 Family 6 Model 58 Stepping 9, GenuineIntel



---------------  S Y S T E M  ---------------

OS: Windows 10.0 , 64 bit Build 17134 (10.0.17134.753)

CPU:total 4 (initial active 4) (2 cores per cpu, 2 threads per core) family 6 model 58 stepping 9, cmov, cx8, fxsr, mmx, sse, sse2, sse3, ssse3, sse4.1, sse4.2, popcnt, avx, aes, clmul, erms, ht, tsc, tscinvbit, tscinv

Memory: 4k page, physical 16637484k(2693004k free), swap 33627472k(6184k free)

vm_info: OpenJDK 64-Bit Server VM (25.242-b01) for windows-amd64 JRE (1.8.0_242-release-1644-b01), built by "builder" with MS VC++ 10.0 (VS2010)

time: Tue Oct 20 14:04:40 2020
timezone: Egypt Standard Time
elapsed time: 17 seconds (0d 0h 0m 17s)

