#
# There is insufficient memory for the Java Runtime Environment to continue.
# Native memory allocation (malloc) failed to allocate 2171856 bytes for Chunk::new
# Possible reasons:
#   The system is out of physical RAM or swap space
#   The process is running with CompressedOops enabled, and the Java Heap may be blocking the growth of the native heap
# Possible solutions:
#   Reduce memory load on the system
#   Increase physical memory or swap space
#   Check if swap backing store is full
#   Decrease Java heap size (-Xmx/-Xms)
#   Decrease number of Java threads
#   Decrease Java thread stack sizes (-Xss)
#   Set larger code cache with -XX:ReservedCodeCacheSize=
#   JVM is running with Unscaled Compressed Oops mode in which the Java heap is
#     placed in the first 4GB address space. The Java Heap base address is the
#     maximum limit for the native heap growth. Please use -XX:HeapBaseMinAddress
#     to set the Java Heap base and to place the Java Heap above 4GB virtual address.
# This output file may be truncated or incomplete.
#
#  Out of Memory Error (allocation.cpp:389), pid=7732, tid=0x0000000000000c0c
#
# JRE version: OpenJDK Runtime Environment (8.0_242-b01) (build 1.8.0_242-release-1644-b01)
# Java VM: OpenJDK 64-Bit Server VM (25.242-b01 mixed mode windows-amd64 compressed oops)
# Failed to write core dump. Minidumps are not enabled by default on client versions of Windows
#

---------------  T H R E A D  ---------------

Current thread (0x0000000016235800):  JavaThread "C2 CompilerThread0" daemon [_thread_in_native, id=3084, stack(0x0000000017880000,0x0000000017980000)]

Stack: [0x0000000017880000,0x0000000017980000]
[error occurred during error reporting (printing stack bounds), id 0xc0000005]

Native frames: (J=compiled Java code, j=interpreted, Vv=VM code, C=native code)


Current CompileTask:
C2:  16363 5072   !   4       java.net.URLClassLoader$1::run (63 bytes)


---------------  P R O C E S S  ---------------

Java Threads: ( => current thread )
  0x000000001ece5000 JavaThread "Cache worker for Build Output Cleanup Cache (E:\Cairo Cart\Cairo Cart\.gradle\buildOutputCleanup)" [_thread_blocked, id=17292, stack(0x0000000020e80000,0x0000000020f80000)]
  0x000000001ecdd800 JavaThread "pool-1-thread-1" [_thread_blocked, id=16548, stack(0x0000000020b10000,0x0000000020c10000)]
  0x000000001ece4000 JavaThread "Build operations Thread 4" [_thread_blocked, id=7000, stack(0x0000000020a10000,0x0000000020b10000)]
  0x000000001ece0800 JavaThread "Build operations Thread 3" [_thread_blocked, id=10008, stack(0x0000000020910000,0x0000000020a10000)]
  0x000000001ece3800 JavaThread "Build operations Thread 2" [_thread_blocked, id=15992, stack(0x0000000020810000,0x0000000020910000)]
  0x000000001ece2000 JavaThread "Build operations" [_thread_blocked, id=7284, stack(0x00000000200f0000,0x00000000201f0000)]
  0x000000001628a800 JavaThread "Cache worker for execution history cache (C:\Users\Ahmed\.gradle\caches\6.1.1\executionHistory)" [_thread_blocked, id=9944, stack(0x000000001fbf0000,0x000000001fcf0000)]
  0x0000000016286000 JavaThread "Cache worker for cache directory md-rule (C:\Users\Ahmed\.gradle\caches\6.1.1\md-rule)" [_thread_blocked, id=3540, stack(0x000000001faf0000,0x000000001fbf0000)]
  0x0000000016289800 JavaThread "Cache worker for cache directory md-supplier (C:\Users\Ahmed\.gradle\caches\6.1.1\md-supplier)" [_thread_blocked, id=11244, stack(0x000000001f9f0000,0x000000001faf0000)]
  0x0000000016289000 JavaThread "Cache worker for file hash cache (E:\Cairo Cart\Cairo Cart\.gradle\6.1.1\fileHashes)" [_thread_blocked, id=2568, stack(0x000000001f8f0000,0x000000001f9f0000)]
  0x000000001628c800 JavaThread "Cache worker for checksums cache (E:\Cairo Cart\Cairo Cart\.gradle\checksums)" [_thread_blocked, id=7576, stack(0x000000001d170000,0x000000001d270000)]
  0x0000000016286800 JavaThread "Cache worker for file hash cache (C:\Users\Ahmed\.gradle\caches\6.1.1\fileHashes)" [_thread_blocked, id=8936, stack(0x000000001bfa0000,0x000000001c0a0000)]
  0x0000000016287800 JavaThread "File lock request listener" [_thread_in_native, id=3276, stack(0x000000001bea0000,0x000000001bfa0000)]
  0x0000000019df8000 JavaThread "Cache worker for journal cache (C:\Users\Ahmed\.gradle\caches\journal-1)" [_thread_blocked, id=15448, stack(0x000000001bda0000,0x000000001bea0000)]
  0x0000000019c1b800 JavaThread "Thread-9" [_thread_blocked, id=15944, stack(0x000000001baa0000,0x000000001bba0000)]
  0x0000000019c6d000 JavaThread "Stdin handler" [_thread_blocked, id=17008, stack(0x000000001b9a0000,0x000000001baa0000)]
  0x0000000019c6c000 JavaThread "Asynchronous log dispatcher for DefaultDaemonConnection: socket connection from /127.0.0.1:53172 to /127.0.0.1:53173" [_thread_blocked, id=12032, stack(0x000000001b8a0000,0x000000001b9a0000)]
  0x0000000019c66800 JavaThread "Daemon worker" [_thread_in_Java, id=17384, stack(0x000000001b7a0000,0x000000001b8a0000)]
  0x0000000019c66000 JavaThread "Cancel handler" [_thread_blocked, id=10676, stack(0x000000001b6a0000,0x000000001b7a0000)]
  0x000000001897b000 JavaThread "Handler for socket connection from /127.0.0.1:53172 to /127.0.0.1:53173" [_thread_in_native, id=16120, stack(0x000000001b3a0000,0x000000001b4a0000)]
  0x0000000019c08000 JavaThread "Daemon" [_thread_blocked, id=10704, stack(0x000000001b2a0000,0x000000001b3a0000)]
  0x0000000019bb2800 JavaThread "Daemon periodic checks" [_thread_blocked, id=16672, stack(0x000000001b1a0000,0x000000001b2a0000)]
  0x0000000019b72800 JavaThread "Incoming local TCP Connector on port 53172" [_thread_in_native, id=5328, stack(0x000000001af60000,0x000000001b060000)]
  0x0000000019b06000 JavaThread "Daemon health stats" [_thread_blocked, id=6044, stack(0x000000001a920000,0x000000001aa20000)]
  0x000000001628e800 JavaThread "Service Thread" daemon [_thread_blocked, id=17196, stack(0x0000000017f80000,0x0000000018080000)]
  0x0000000016288000 JavaThread "C1 CompilerThread2" daemon [_thread_blocked, id=15320, stack(0x0000000017e80000,0x0000000017f80000)]
  0x0000000016239000 JavaThread "C2 CompilerThread1" daemon [_thread_in_native, id=10460, stack(0x0000000017980000,0x0000000017a80000)]
=>0x0000000016235800 JavaThread "C2 CompilerThread0" daemon [_thread_in_native, id=3084, stack(0x0000000017880000,0x0000000017980000)]
  0x0000000016234000 JavaThread "Attach Listener" daemon [_thread_blocked, id=10304, stack(0x0000000017780000,0x0000000017880000)]
  0x0000000016282800 JavaThread "Signal Dispatcher" daemon [_thread_blocked, id=11592, stack(0x0000000017680000,0x0000000017780000)]
  0x00000000028bc000 JavaThread "Finalizer" daemon [_thread_blocked, id=16748, stack(0x0000000017490000,0x0000000017590000)]
  0x0000000016219000 JavaThread "Reference Handler" daemon [_thread_blocked, id=7676, stack(0x0000000017390000,0x0000000017490000)]
  0x00000000026bd800 JavaThread "main" [_thread_blocked, id=13872, stack(0x00000000026c0000,0x00000000027c0000)]

Other Threads:
  0x00000000161f6800 VMThread [stack: 0x0000000017290000,0x0000000017390000] [id=1556]
  0x0000000017b07000 WatcherThread [stack: 0x0000000018080000,0x0000000018180000] [id=1448]

VM state:not at safepoint (normal execution)

VM Mutex/Monitor currently owned by a thread: None

heap address: 0x00000000a0000000, size: 1536 MB, Compressed Oops mode: 32-bit
Narrow klass base: 0x0000000000000000, Narrow klass shift: 3
Compressed class space size: 1073741824 Address: 0x0000000100000000

Heap:
 PSYoungGen      total 122880K, used 79842K [0x00000000e0000000, 0x00000000e8380000, 0x0000000100000000)
  eden space 111104K, 61% used [0x00000000e0000000,0x00000000e427f8a0,0x00000000e6c80000)
  from space 11776K, 99% used [0x00000000e6c80000,0x00000000e77f9310,0x00000000e7800000)
  to   space 10752K, 0% used [0x00000000e7900000,0x00000000e7900000,0x00000000e8380000)
 ParOldGen       total 89600K, used 29457K [0x00000000a0000000, 0x00000000a5780000, 0x00000000e0000000)
  object space 89600K, 32% used [0x00000000a0000000,0x00000000a1cc4578,0x00000000a5780000)
 Metaspace       used 55375K, capacity 57314K, committed 57472K, reserved 1099776K
  class space    used 7517K, capacity 7979K, committed 8064K, reserved 1048576K

Card table byte_map: [0x0000000011c80000,0x0000000011f90000] byte_map_base: 0x0000000011780000

Marking Bits: (ParMarkBitMap*) 0x00000000692df030
 Begin Bits: [0x0000000012590000, 0x0000000013d90000)
 End Bits:   [0x0000000013d90000, 0x0000000015590000)

Polling page: 0x0000000000da0000

CodeCache: size=245760Kb used=16275Kb max_used=16275Kb free=229484Kb
 bounds [0x00000000028c0000, 0x00000000038c0000, 0x00000000118c0000]
 total_blobs=5522 nmethods=4751 adapters=683
 compilation: enabled

Compilation events (10 events):
Event: 16.340 Thread 0x0000000016288000 5257       3       org.gradle.api.internal.DefaultDomainObjectCollection::decorate (16 bytes)
Event: 16.340 Thread 0x0000000016288000 nmethod 5257 0x00000000038ada10 code [0x00000000038adb80, 0x00000000038ade58]
Event: 16.341 Thread 0x0000000016288000 5258       3       java.util.ArrayList::add (54 bytes)
Event: 16.342 Thread 0x0000000016288000 nmethod 5258 0x00000000038adf50 code [0x00000000038ae140, 0x00000000038ae978]
Event: 16.342 Thread 0x0000000016288000 5259       3       java.util.ArrayList::rangeCheckForAdd (26 bytes)
Event: 16.343 Thread 0x0000000016288000 nmethod 5259 0x00000000038aed50 code [0x00000000038aef60, 0x00000000038afa78]
Event: 16.344 Thread 0x0000000016288000 5260       1       org.jetbrains.kotlin.gradle.plugin.mpp.AbstractKotlinCompilation::getCompilationName (5 bytes)
Event: 16.345 Thread 0x0000000016288000 nmethod 5260 0x00000000038b0010 code [0x00000000038b0160, 0x00000000038b0270]
Event: 16.346 Thread 0x0000000016288000 5261       3       com.google.common.collect.ImmutableSet::of (4 bytes)
Event: 16.346 Thread 0x0000000016288000 nmethod 5261 0x00000000038b02d0 code [0x00000000038b0420, 0x00000000038b0550]

GC Heap History (10 events):
Event: 9.226 GC heap before
{Heap before GC invocations=7 (full 1):
 PSYoungGen      total 75776K, used 72911K [0x00000000e0000000, 0x00000000e8500000, 0x0000000100000000)
  eden space 65024K, 100% used [0x00000000e0000000,0x00000000e3f80000,0x00000000e3f80000)
  from space 10752K, 73% used [0x00000000e3f80000,0x00000000e4733de0,0x00000000e4a00000)
  to   space 12288K, 0% used [0x00000000e7900000,0x00000000e7900000,0x00000000e8500000)
 ParOldGen       total 89600K, used 7247K [0x00000000a0000000, 0x00000000a5780000, 0x00000000e0000000)
  object space 89600K, 8% used [0x00000000a0000000,0x00000000a0713dd8,0x00000000a5780000)
 Metaspace       used 32136K, capacity 32838K, committed 33024K, reserved 1077248K
  class space    used 4374K, capacity 4580K, committed 4608K, reserved 1048576K
Event: 9.250 GC heap after
Heap after GC invocations=7 (full 1):
 PSYoungGen      total 121856K, used 9129K [0x00000000e0000000, 0x00000000e8380000, 0x0000000100000000)
  eden space 111104K, 0% used [0x00000000e0000000,0x00000000e0000000,0x00000000e6c80000)
  from space 10752K, 84% used [0x00000000e7900000,0x00000000e81ea790,0x00000000e8380000)
  to   space 11776K, 0% used [0x00000000e6c80000,0x00000000e6c80000,0x00000000e7800000)
 ParOldGen       total 89600K, used 7255K [0x00000000a0000000, 0x00000000a5780000, 0x00000000e0000000)
  object space 89600K, 8% used [0x00000000a0000000,0x00000000a0715dd8,0x00000000a5780000)
 Metaspace       used 32136K, capacity 32838K, committed 33024K, reserved 1077248K
  class space    used 4374K, capacity 4580K, committed 4608K, reserved 1048576K
}
Event: 10.048 GC heap before
{Heap before GC invocations=8 (full 1):
 PSYoungGen      total 121856K, used 61729K [0x00000000e0000000, 0x00000000e8380000, 0x0000000100000000)
  eden space 111104K, 47% used [0x00000000e0000000,0x00000000e335df98,0x00000000e6c80000)
  from space 10752K, 84% used [0x00000000e7900000,0x00000000e81ea790,0x00000000e8380000)
  to   space 11776K, 0% used [0x00000000e6c80000,0x00000000e6c80000,0x00000000e7800000)
 ParOldGen       total 89600K, used 7255K [0x00000000a0000000, 0x00000000a5780000, 0x00000000e0000000)
  object space 89600K, 8% used [0x00000000a0000000,0x00000000a0715dd8,0x00000000a5780000)
 Metaspace       used 34482K, capacity 35296K, committed 35416K, reserved 1079296K
  class space    used 4704K, capacity 4911K, committed 4992K, reserved 1048576K
Event: 10.069 GC heap after
Heap after GC invocations=8 (full 1):
 PSYoungGen      total 122880K, used 9819K [0x00000000e0000000, 0x00000000e8380000, 0x0000000100000000)
  eden space 111104K, 0% used [0x00000000e0000000,0x00000000e0000000,0x00000000e6c80000)
  from space 11776K, 83% used [0x00000000e6c80000,0x00000000e7616db8,0x00000000e7800000)
  to   space 10752K, 0% used [0x00000000e7900000,0x00000000e7900000,0x00000000e8380000)
 ParOldGen       total 89600K, used 7263K [0x00000000a0000000, 0x00000000a5780000, 0x00000000e0000000)
  object space 89600K, 8% used [0x00000000a0000000,0x00000000a0717dd8,0x00000000a5780000)
 Metaspace       used 34482K, capacity 35296K, committed 35416K, reserved 1079296K
  class space    used 4704K, capacity 4911K, committed 4992K, reserved 1048576K
}
Event: 10.070 GC heap before
{Heap before GC invocations=9 (full 2):
 PSYoungGen      total 122880K, used 9819K [0x00000000e0000000, 0x00000000e8380000, 0x0000000100000000)
  eden space 111104K, 0% used [0x00000000e0000000,0x00000000e0000000,0x00000000e6c80000)
  from space 11776K, 83% used [0x00000000e6c80000,0x00000000e7616db8,0x00000000e7800000)
  to   space 10752K, 0% used [0x00000000e7900000,0x00000000e7900000,0x00000000e8380000)
 ParOldGen       total 89600K, used 7263K [0x00000000a0000000, 0x00000000a5780000, 0x00000000e0000000)
  object space 89600K, 8% used [0x00000000a0000000,0x00000000a0717dd8,0x00000000a5780000)
 Metaspace       used 34482K, capacity 35296K, committed 35416K, reserved 1079296K
  class space    used 4704K, capacity 4911K, committed 4992K, reserved 1048576K
Event: 10.168 GC heap after
Heap after GC invocations=9 (full 2):
 PSYoungGen      total 122880K, used 0K [0x00000000e0000000, 0x00000000e8380000, 0x0000000100000000)
  eden space 111104K, 0% used [0x00000000e0000000,0x00000000e0000000,0x00000000e6c80000)
  from space 11776K, 0% used [0x00000000e6c80000,0x00000000e6c80000,0x00000000e7800000)
  to   space 10752K, 0% used [0x00000000e7900000,0x00000000e7900000,0x00000000e8380000)
 ParOldGen       total 89600K, used 16243K [0x00000000a0000000, 0x00000000a5780000, 0x00000000e0000000)
  object space 89600K, 18% used [0x00000000a0000000,0x00000000a0fdccf8,0x00000000a5780000)
 Metaspace       used 34482K, capacity 35296K, committed 35416K, reserved 1079296K
  class space    used 4704K, capacity 4911K, committed 4992K, reserved 1048576K
}
Event: 12.761 GC heap before
{Heap before GC invocations=10 (full 2):
 PSYoungGen      total 122880K, used 111104K [0x00000000e0000000, 0x00000000e8380000, 0x0000000100000000)
  eden space 111104K, 100% used [0x00000000e0000000,0x00000000e6c80000,0x00000000e6c80000)
  from space 11776K, 0% used [0x00000000e6c80000,0x00000000e6c80000,0x00000000e7800000)
  to   space 10752K, 0% used [0x00000000e7900000,0x00000000e7900000,0x00000000e8380000)
 ParOldGen       total 89600K, used 16243K [0x00000000a0000000, 0x00000000a5780000, 0x00000000e0000000)
  object space 89600K, 18% used [0x00000000a0000000,0x00000000a0fdccf8,0x00000000a5780000)
 Metaspace       used 43242K, capacity 44702K, committed 44928K, reserved 1087488K
  class space    used 5854K, capacity 6193K, committed 6272K, reserved 1048576K
Event: 12.779 GC heap after
Heap after GC invocations=10 (full 2):
 PSYoungGen      total 121856K, used 10720K [0x00000000e0000000, 0x00000000e8380000, 0x0000000100000000)
  eden space 111104K, 0% used [0x00000000e0000000,0x00000000e0000000,0x00000000e6c80000)
  from space 10752K, 99% used [0x00000000e7900000,0x00000000e8378148,0x00000000e8380000)
  to   space 11776K, 0% used [0x00000000e6c80000,0x00000000e6c80000,0x00000000e7800000)
 ParOldGen       total 89600K, used 20100K [0x00000000a0000000, 0x00000000a5780000, 0x00000000e0000000)
  object space 89600K, 22% used [0x00000000a0000000,0x00000000a13a1098,0x00000000a5780000)
 Metaspace       used 43242K, capacity 44702K, committed 44928K, reserved 1087488K
  class space    used 5854K, capacity 6193K, committed 6272K, reserved 1048576K
}
Event: 14.746 GC heap before
{Heap before GC invocations=11 (full 2):
 PSYoungGen      total 121856K, used 121824K [0x00000000e0000000, 0x00000000e8380000, 0x0000000100000000)
  eden space 111104K, 100% used [0x00000000e0000000,0x00000000e6c80000,0x00000000e6c80000)
  from space 10752K, 99% used [0x00000000e7900000,0x00000000e8378148,0x00000000e8380000)
  to   space 11776K, 0% used [0x00000000e6c80000,0x00000000e6c80000,0x00000000e7800000)
 ParOldGen       total 89600K, used 20100K [0x00000000a0000000, 0x00000000a5780000, 0x00000000e0000000)
  object space 89600K, 22% used [0x00000000a0000000,0x00000000a13a1098,0x00000000a5780000)
 Metaspace       used 50689K, capacity 52278K, committed 52480K, reserved 1095680K
  class space    used 6763K, capacity 7156K, committed 7168K, reserved 1048576K
Event: 14.773 GC heap after
Heap after GC invocations=11 (full 2):
 PSYoungGen      total 122880K, used 11748K [0x00000000e0000000, 0x00000000e8380000, 0x0000000100000000)
  eden space 111104K, 0% used [0x00000000e0000000,0x00000000e0000000,0x00000000e6c80000)
  from space 11776K, 99% used [0x00000000e6c80000,0x00000000e77f9310,0x00000000e7800000)
  to   space 10752K, 0% used [0x00000000e7900000,0x00000000e7900000,0x00000000e8380000)
 ParOldGen       total 89600K, used 29457K [0x00000000a0000000, 0x00000000a5780000, 0x00000000e0000000)
  object space 89600K, 32% used [0x00000000a0000000,0x00000000a1cc4578,0x00000000a5780000)
 Metaspace       used 50689K, capacity 52278K, committed 52480K, reserved 1095680K
  class space    used 6763K, capacity 7156K, committed 7168K, reserved 1048576K
}

Deoptimization events (10 events):
Event: 15.880 Thread 0x0000000019c66800 Uncommon trap: reason=unstable_if action=reinterpret pc=0x0000000002be8afc method=java.util.HashMap.resize()[Ljava/util/HashMap$Node; @ 206
Event: 15.881 Thread 0x0000000019c66800 Uncommon trap: reason=unstable_if action=reinterpret pc=0x00000000036473b0 method=java.util.HashMap.putVal(ILjava/lang/Object;Ljava/lang/Object;ZZ)Ljava/lang/Object; @ 109
Event: 15.881 Thread 0x0000000019c66800 Uncommon trap: reason=unstable_if action=reinterpret pc=0x000000000334b91c method=java.util.HashMap.putVal(ILjava/lang/Object;Ljava/lang/Object;ZZ)Ljava/lang/Object; @ 109
Event: 15.910 Thread 0x0000000019c66800 Uncommon trap: reason=unstable_if action=reinterpret pc=0x00000000032c24d0 method=java.io.WinNTFileSystem.normalize(Ljava/lang/String;)Ljava/lang/String; @ 74
Event: 15.910 Thread 0x0000000019c66800 Uncommon trap: reason=unstable_if action=reinterpret pc=0x0000000002e38568 method=java.io.WinNTFileSystem.normalize(Ljava/lang/String;II)Ljava/lang/String; @ 103
Event: 16.001 Thread 0x0000000019c66800 Uncommon trap: reason=bimorphic action=maybe_recompile pc=0x0000000002edb384 method=java.util.regex.Pattern$Slice.match(Ljava/util/regex/Matcher;ILjava/lang/CharSequence;)Z @ 75
Event: 16.043 Thread 0x0000000019c66800 Uncommon trap: reason=bimorphic action=maybe_recompile pc=0x0000000002edb384 method=java.util.regex.Pattern$Slice.match(Ljava/util/regex/Matcher;ILjava/lang/CharSequence;)Z @ 75
Event: 16.064 Thread 0x0000000019c66800 Uncommon trap: reason=bimorphic action=maybe_recompile pc=0x0000000002edb384 method=java.util.regex.Pattern$Slice.match(Ljava/util/regex/Matcher;ILjava/lang/CharSequence;)Z @ 75
Event: 16.134 Thread 0x0000000019c66800 Uncommon trap: reason=unstable_if action=reinterpret pc=0x00000000037747b0 method=java.lang.Class$MethodArray.removeLessSpecifics()V @ 25
Event: 16.152 Thread 0x0000000019c66800 Uncommon trap: reason=unstable_if action=reinterpret pc=0x000000000300060c method=java.util.WeakHashMap.put(Ljava/lang/Object;Ljava/lang/Object;)Ljava/lang/Object; @ 59

Classes redefined (0 events):
No events

Internal exceptions (10 events):
Event: 16.318 Thread 0x0000000019c66800 Exception <a 'java/lang/ClassNotFoundException': org/gradle/api/internal/DefaultNamedDomainObjectCollection$AbstractDomainObjectCreatingProviderBeanInfo> (0x00000000e3fa1968) thrown at [C:\src\AOSP-openjdk-git\hotspot\src\share\vm\classfile\systemDictiona
Event: 16.320 Thread 0x0000000019c66800 Exception <a 'java/lang/ClassNotFoundException': org/gradle/api/internal/DefaultNamedDomainObjectCollection$AbstractNamedDomainObjectProviderBeanInfo> (0x00000000e3fcaa30) thrown at [C:\src\AOSP-openjdk-git\hotspot\src\share\vm\classfile\systemDictionary.
Event: 16.323 Thread 0x0000000019c66800 Exception <a 'java/lang/ClassNotFoundException': org/gradle/api/internal/provider/AbstractReadOnlyProviderBeanInfo> (0x00000000e3fe9638) thrown at [C:\src\AOSP-openjdk-git\hotspot\src\share\vm\classfile\systemDictionary.cpp, line 210]
Event: 16.324 Thread 0x0000000019c66800 Exception <a 'java/lang/ClassNotFoundException': org/gradle/api/internal/provider/AbstractMinimalProviderBeanInfo> (0x00000000e4008150) thrown at [C:\src\AOSP-openjdk-git\hotspot\src\share\vm\classfile\systemDictionary.cpp, line 210]
Event: 16.325 Thread 0x0000000019c66800 Exception <a 'java/lang/ClassNotFoundException': org/gradle/api/internal/provider/AbstractMinimalProviderCustomizer> (0x00000000e4026ca0) thrown at [C:\src\AOSP-openjdk-git\hotspot\src\share\vm\classfile\systemDictionary.cpp, line 210]
Event: 16.327 Thread 0x0000000019c66800 Exception <a 'java/lang/ClassNotFoundException': org/gradle/api/internal/provider/AbstractReadOnlyProviderCustomizer> (0x00000000e4061e08) thrown at [C:\src\AOSP-openjdk-git\hotspot\src\share\vm\classfile\systemDictionary.cpp, line 210]
Event: 16.329 Thread 0x0000000019c66800 Exception <a 'java/lang/ClassNotFoundException': org/gradle/api/internal/DefaultNamedDomainObjectCollection$AbstractNamedDomainObjectProviderCustomizer> (0x00000000e4090030) thrown at [C:\src\AOSP-openjdk-git\hotspot\src\share\vm\classfile\systemDictionar
Event: 16.331 Thread 0x0000000019c66800 Exception <a 'java/lang/ClassNotFoundException': org/gradle/api/internal/DefaultNamedDomainObjectCollection$AbstractDomainObjectCreatingProviderCustomizer> (0x00000000e40c7e78) thrown at [C:\src\AOSP-openjdk-git\hotspot\src\share\vm\classfile\systemDictio
Event: 16.333 Thread 0x0000000019c66800 Exception <a 'java/lang/ClassNotFoundException': org/gradle/api/internal/tasks/DefaultTaskContainer$TaskCreatingProviderCustomizer> (0x00000000e40f9390) thrown at [C:\src\AOSP-openjdk-git\hotspot\src\share\vm\classfile\systemDictionary.cpp, line 210]
Event: 16.334 Thread 0x0000000019c66800 Exception <a 'java/lang/ClassNotFoundException': org/gradle/api/internal/tasks/DefaultTaskContainer$TaskCreatingProvider_DecoratedCustomizer> (0x00000000e4125f68) thrown at [C:\src\AOSP-openjdk-git\hotspot\src\share\vm\classfile\systemDictionary.cpp, line

Events (10 events):
Event: 16.332 loading class org/gradle/api/internal/tasks/DefaultTaskContainer$TaskCreatingProviderCustomizer
Event: 16.332 loading class org/gradle/api/internal/tasks/DefaultTaskContainer$TaskCreatingProviderCustomizer done
Event: 16.333 loading class org/gradle/api/internal/tasks/DefaultTaskContainer$TaskCreatingProviderCustomizer
Event: 16.333 loading class org/gradle/api/internal/tasks/DefaultTaskContainer$TaskCreatingProviderCustomizer done
Event: 16.333 loading class org/gradle/api/internal/tasks/DefaultTaskContainer$TaskCreatingProvider_DecoratedCustomizer
Event: 16.333 loading class org/gradle/api/internal/tasks/DefaultTaskContainer$TaskCreatingProvider_DecoratedCustomizer done
Event: 16.334 loading class org/gradle/api/internal/tasks/DefaultTaskContainer$TaskCreatingProvider_DecoratedCustomizer
Event: 16.334 loading class org/gradle/api/internal/tasks/DefaultTaskContainer$TaskCreatingProvider_DecoratedCustomizer done
Event: 16.334 loading class org/gradle/api/internal/tasks/DefaultTaskContainer$TaskCreatingProvider_DecoratedCustomizer
Event: 16.334 loading class org/gradle/api/internal/tasks/DefaultTaskContainer$TaskCreatingProvider_DecoratedCustomizer done


Dynamic libraries:
0x00007ff70c380000 - 0x00007ff70c3b1000 	C:\Program Files\Android\Android Studio\jre\bin\java.exe
0x00007ffd05470000 - 0x00007ffd05651000 	C:\WINDOWS\SYSTEM32\ntdll.dll
0x00007ffd028f0000 - 0x00007ffd029a1000 	C:\WINDOWS\System32\KERNEL32.DLL
0x00007ffd01b40000 - 0x00007ffd01db3000 	C:\WINDOWS\System32\KERNELBASE.dll
0x00007ffd031d0000 - 0x00007ffd03271000 	C:\WINDOWS\System32\ADVAPI32.dll
0x00007ffd05130000 - 0x00007ffd051ce000 	C:\WINDOWS\System32\msvcrt.dll
0x00007ffd03c80000 - 0x00007ffd03cdb000 	C:\WINDOWS\System32\sechost.dll
0x00007ffd052e0000 - 0x00007ffd05404000 	C:\WINDOWS\System32\RPCRT4.dll
0x00007ffd03a70000 - 0x00007ffd03c00000 	C:\WINDOWS\System32\USER32.dll
0x00007ffd026c0000 - 0x00007ffd026e0000 	C:\WINDOWS\System32\win32u.dll
0x00007ffd052b0000 - 0x00007ffd052d8000 	C:\WINDOWS\System32\GDI32.dll
0x00007ffd02520000 - 0x00007ffd026b1000 	C:\WINDOWS\System32\gdi32full.dll
0x00007ffd018b0000 - 0x00007ffd0194f000 	C:\WINDOWS\System32\msvcp_win.dll
0x00007ffd026e0000 - 0x00007ffd027d8000 	C:\WINDOWS\System32\ucrtbase.dll
0x00007ffcefef0000 - 0x00007ffcf0159000 	C:\WINDOWS\WinSxS\amd64_microsoft.windows.common-controls_6595b64144ccf1df_6.0.17134.1246_none_d3ffb9d77c90723d\COMCTL32.dll
0x00007ffd02c60000 - 0x00007ffd02f81000 	C:\WINDOWS\System32\combase.dll
0x00007ffd01830000 - 0x00007ffd018a9000 	C:\WINDOWS\System32\bcryptPrimitives.dll
0x00007ffd03580000 - 0x00007ffd035ad000 	C:\WINDOWS\System32\IMM32.DLL
0x0000000068920000 - 0x00000000689f2000 	C:\Program Files\Android\Android Studio\jre\jre\bin\msvcr100.dll
0x0000000068b10000 - 0x000000006935b000 	C:\Program Files\Android\Android Studio\jre\jre\bin\server\jvm.dll
0x00007ffd05430000 - 0x00007ffd05438000 	C:\WINDOWS\System32\PSAPI.DLL
0x00007ffcf2990000 - 0x00007ffcf299a000 	C:\WINDOWS\SYSTEM32\VERSION.dll
0x00007ffcfe3a0000 - 0x00007ffcfe3c3000 	C:\WINDOWS\SYSTEM32\WINMM.dll
0x00007ffcfdb60000 - 0x00007ffcfdb69000 	C:\WINDOWS\SYSTEM32\WSOCK32.dll
0x00007ffd03390000 - 0x00007ffd033fc000 	C:\WINDOWS\System32\WS2_32.dll
0x00007ffcfe370000 - 0x00007ffcfe39a000 	C:\WINDOWS\SYSTEM32\WINMMBASE.dll
0x00007ffd024d0000 - 0x00007ffd02519000 	C:\WINDOWS\System32\cfgmgr32.dll
0x00007ffcfdb50000 - 0x00007ffcfdb5f000 	C:\Program Files\Android\Android Studio\jre\jre\bin\verify.dll
0x00007ffced780000 - 0x00007ffced7a9000 	C:\Program Files\Android\Android Studio\jre\jre\bin\java.dll
0x00007ffcee5c0000 - 0x00007ffcee5d6000 	C:\Program Files\Android\Android Studio\jre\jre\bin\zip.dll
0x00007ffd03ce0000 - 0x00007ffd05125000 	C:\WINDOWS\System32\SHELL32.dll
0x00007ffd032e0000 - 0x00007ffd03389000 	C:\WINDOWS\System32\shcore.dll
0x00007ffd01dc0000 - 0x00007ffd024d0000 	C:\WINDOWS\System32\windows.storage.dll
0x00007ffd03280000 - 0x00007ffd032d1000 	C:\WINDOWS\System32\shlwapi.dll
0x00007ffd01810000 - 0x00007ffd01821000 	C:\WINDOWS\System32\kernel.appcore.dll
0x00007ffd01770000 - 0x00007ffd0178f000 	C:\WINDOWS\System32\profapi.dll
0x00007ffd017c0000 - 0x00007ffd0180c000 	C:\WINDOWS\System32\powrprof.dll
0x00007ffd017b0000 - 0x00007ffd017ba000 	C:\WINDOWS\System32\FLTLIB.DLL
0x00007ffcee4b0000 - 0x00007ffcee4ca000 	C:\Program Files\Android\Android Studio\jre\jre\bin\net.dll
0x00007ffd00ff0000 - 0x00007ffd01056000 	C:\WINDOWS\system32\mswsock.dll
0x00007ffcee520000 - 0x00007ffcee533000 	C:\Program Files\Android\Android Studio\jre\jre\bin\nio.dll
0x00007ffcfe5f0000 - 0x00007ffcfe616000 	C:\Users\Ahmed\.gradle\native\31\windows-amd64\native-platform.dll
0x00007ffcf4eb0000 - 0x00007ffcf4ebd000 	C:\Program Files\Android\Android Studio\jre\jre\bin\management.dll
0x00007ffd011a0000 - 0x00007ffd011b7000 	C:\WINDOWS\SYSTEM32\CRYPTSP.dll
0x00007ffd00ba0000 - 0x00007ffd00bd3000 	C:\WINDOWS\system32\rsaenh.dll
0x00007ffd012d0000 - 0x00007ffd012f5000 	C:\WINDOWS\SYSTEM32\bcrypt.dll
0x00007ffd016a0000 - 0x00007ffd016c8000 	C:\WINDOWS\SYSTEM32\USERENV.dll
0x00007ffd011c0000 - 0x00007ffd011cb000 	C:\WINDOWS\SYSTEM32\CRYPTBASE.dll
0x00007ffd00d40000 - 0x00007ffd00d78000 	C:\WINDOWS\SYSTEM32\IPHLPAPI.DLL
0x00007ffd051d0000 - 0x00007ffd051d8000 	C:\WINDOWS\System32\NSI.dll
0x00007ffcf9a10000 - 0x00007ffcf9a26000 	C:\WINDOWS\SYSTEM32\dhcpcsvc6.DLL
0x00007ffcf99f0000 - 0x00007ffcf9a0a000 	C:\WINDOWS\SYSTEM32\dhcpcsvc.DLL

VM Arguments:
jvm_args: -Xmx1536m -Dfile.encoding=windows-1256 -Duser.country=GB -Duser.language=en -Duser.variant 
java_command: org.gradle.launcher.daemon.bootstrap.GradleDaemon 6.1.1
java_class_path (initial): C:\Users\Ahmed\.gradle\wrapper\dists\gradle-6.1.1-all\cfmwm155h49vnt3hynmlrsdst\gradle-6.1.1\lib\gradle-launcher-6.1.1.jar
Launcher Type: SUN_STANDARD

Environment Variables:
PATH=C:\Program Files (x86)\Common Files\Oracle\Java\javapath;C:\WINDOWS\system32;C:\WINDOWS;C:\WINDOWS\System32\Wbem;C:\WINDOWS\System32\WindowsPowerShell\v1.0\;C:\Program Files\nodejs\;C:\WINDOWS\System32\OpenSSH\;C:\Program Files\Git\cmd;C:\Users\Ahmed\AppData\Roaming\npm;%USERPROFILE%\AppData\Local\Microsoft\WindowsApps;
USERNAME=Ahmed
OS=Windows_NT
PROCESSOR_IDENTIFIER=Intel64 Family 6 Model 58 Stepping 9, GenuineIntel



---------------  S Y S T E M  ---------------

OS: Windows 10.0 , 64 bit Build 17134 (10.0.17134.753)

CPU:total 4 (initial active 4) (2 cores per cpu, 2 threads per core) family 6 model 58 stepping 9, cmov, cx8, fxsr, mmx, sse, sse2, sse3, ssse3, sse4.1, sse4.2, popcnt, avx, aes, clmul, erms, ht, tsc, tscinvbit, tscinv

Memory: 4k page, physical 16637484k(3941572k free), swap 35240184k(5420k free)

vm_info: OpenJDK 64-Bit Server VM (25.242-b01) for windows-amd64 JRE (1.8.0_242-release-1644-b01), built by "builder" with MS VC++ 10.0 (VS2010)

time: Tue Oct 20 14:18:31 2020
timezone: Egypt Standard Time
elapsed time: 16 seconds (0d 0h 0m 16s)

