#
# There is insufficient memory for the Java Runtime Environment to continue.
# Native memory allocation (malloc) failed to allocate 32744 bytes for ChunkPool::allocate
# Possible reasons:
#   The system is out of physical RAM or swap space
#   The process is running with CompressedOops enabled, and the Java Heap may be blocking the growth of the native heap
# Possible solutions:
#   Reduce memory load on the system
#   Increase physical memory or swap space
#   Check if swap backing store is full
#   Decrease Java heap size (-Xmx/-Xms)
#   Decrease number of Java threads
#   Decrease Java thread stack sizes (-Xss)
#   Set larger code cache with -XX:ReservedCodeCacheSize=
#   JVM is running with Unscaled Compressed Oops mode in which the Java heap is
#     placed in the first 4GB address space. The Java Heap base address is the
#     maximum limit for the native heap growth. Please use -XX:HeapBaseMinAddress
#     to set the Java Heap base and to place the Java Heap above 4GB virtual address.
# This output file may be truncated or incomplete.
#
#  Out of Memory Error (allocation.cpp:272), pid=8764, tid=0x00000000000015b8
#
# JRE version: OpenJDK Runtime Environment (8.0_242-b01) (build 1.8.0_242-release-1644-b01)
# Java VM: OpenJDK 64-Bit Server VM (25.242-b01 mixed mode windows-amd64 compressed oops)
# Failed to write core dump. Minidumps are not enabled by default on client versions of Windows
#

---------------  T H R E A D  ---------------

Current thread (0x000000001745c800):  JavaThread "C2 CompilerThread0" daemon [_thread_in_native, id=5560, stack(0x0000000018aa0000,0x0000000018ba0000)]

Stack: [0x0000000018aa0000,0x0000000018ba0000]
[error occurred during error reporting (printing stack bounds), id 0xc0000005]

Native frames: (J=compiled Java code, j=interpreted, Vv=VM code, C=native code)


Current CompileTask:
C2:  52925 5630       4       sun.reflect.generics.parser.SignatureParser::parsePackageNameAndSimpleClassTypeSignature (139 bytes)


---------------  P R O C E S S  ---------------

Java Threads: ( => current thread )
  0x000000001ad30000 JavaThread "Cache worker for Build Output Cleanup Cache (E:\Flutter\Nkliat\.gradle\buildOutputCleanup)" [_thread_blocked, id=17320, stack(0x0000000023b80000,0x0000000023c80000)]
  0x000000001ad2f800 JavaThread "pool-1-thread-1" [_thread_blocked, id=12380, stack(0x0000000023680000,0x0000000023780000)]
  0x000000001ad28000 JavaThread "Build operations Thread 4" [_thread_blocked, id=9636, stack(0x0000000023380000,0x0000000023480000)]
  0x000000001ad28800 JavaThread "Build operations Thread 3" [_thread_blocked, id=4272, stack(0x0000000023280000,0x0000000023380000)]
  0x000000001ad2e800 JavaThread "Build operations Thread 2" [_thread_blocked, id=5320, stack(0x0000000023180000,0x0000000023280000)]
  0x000000001ad2c800 JavaThread "Build operations" [_thread_blocked, id=9656, stack(0x0000000023080000,0x0000000023180000)]
  0x000000001a394000 JavaThread "Cache worker for execution history cache (C:\Users\Ahmed\.gradle\caches\6.1.1\executionHistory)" [_thread_blocked, id=17104, stack(0x000000001eee0000,0x000000001efe0000)]
  0x000000001a397000 JavaThread "Cache worker for cache directory md-rule (C:\Users\Ahmed\.gradle\caches\6.1.1\md-rule)" [_thread_blocked, id=13980, stack(0x000000001ede0000,0x000000001eee0000)]
  0x000000001a398800 JavaThread "Cache worker for cache directory md-supplier (C:\Users\Ahmed\.gradle\caches\6.1.1\md-supplier)" [_thread_blocked, id=9936, stack(0x000000001ece0000,0x000000001ede0000)]
  0x000000001a398000 JavaThread "File lock release action executor" [_thread_blocked, id=400, stack(0x000000001e9e0000,0x000000001eae0000)]
  0x000000001a396800 JavaThread "Cache worker for file hash cache (E:\Flutter\Nkliat\.gradle\6.1.1\fileHashes)" [_thread_blocked, id=4920, stack(0x000000001e6e0000,0x000000001e7e0000)]
  0x000000001a393800 JavaThread "Cache worker for checksums cache (E:\Flutter\Nkliat\.gradle\checksums)" [_thread_blocked, id=6048, stack(0x000000001e5e0000,0x000000001e6e0000)]
  0x000000001a392800 JavaThread "Cache worker for file hash cache (C:\Users\Ahmed\.gradle\caches\6.1.1\fileHashes)" [_thread_blocked, id=6780, stack(0x000000001e1e0000,0x000000001e2e0000)]
  0x000000001a392000 JavaThread "File lock request listener" [_thread_in_native, id=16916, stack(0x000000001d110000,0x000000001d210000)]
  0x0000000018d52000 JavaThread "Cache worker for journal cache (C:\Users\Ahmed\.gradle\caches\journal-1)" [_thread_blocked, id=13788, stack(0x000000001d010000,0x000000001d110000)]
  0x000000001a9c1000 JavaThread "Thread-9" [_thread_blocked, id=8748, stack(0x000000001bd40000,0x000000001be40000)]
  0x000000001a99e800 JavaThread "Stdin handler" [_thread_blocked, id=9416, stack(0x000000001bc40000,0x000000001bd40000)]
  0x000000001a99c000 JavaThread "Asynchronous log dispatcher for DefaultDaemonConnection: socket connection from /127.0.0.1:52747 to /127.0.0.1:52748" [_thread_blocked, id=8916, stack(0x000000001bb40000,0x000000001bc40000)]
  0x000000001a997800 JavaThread "Daemon worker" [_thread_in_Java, id=1072, stack(0x000000001ba40000,0x000000001bb40000)]
  0x000000001a9a4000 JavaThread "Cancel handler" [_thread_blocked, id=17028, stack(0x000000001b940000,0x000000001ba40000)]
  0x000000001a9ad800 JavaThread "Handler for socket connection from /127.0.0.1:52747 to /127.0.0.1:52748" [_thread_in_native, id=10880, stack(0x000000001b640000,0x000000001b740000)]
  0x000000001a3fd800 JavaThread "Daemon" [_thread_blocked, id=3164, stack(0x000000001b540000,0x000000001b640000)]
  0x0000000019fb4800 JavaThread "Daemon periodic checks" [_thread_blocked, id=17220, stack(0x000000001b440000,0x000000001b540000)]
  0x0000000019fb1800 JavaThread "Incoming local TCP Connector on port 52747" [_thread_in_native, id=5804, stack(0x00000000194a0000,0x00000000195a0000)]
  0x000000001a40a000 JavaThread "Daemon health stats" [_thread_blocked, id=17324, stack(0x00000000193a0000,0x00000000194a0000)]
  0x00000000174ae800 JavaThread "Service Thread" daemon [_thread_blocked, id=6804, stack(0x00000000191a0000,0x00000000192a0000)]
  0x00000000174ab800 JavaThread "C1 CompilerThread2" daemon [_thread_blocked, id=5332, stack(0x00000000190a0000,0x00000000191a0000)]
  0x0000000017460000 JavaThread "C2 CompilerThread1" daemon [_thread_in_native, id=5944, stack(0x0000000018ba0000,0x0000000018ca0000)]
=>0x000000001745c800 JavaThread "C2 CompilerThread0" daemon [_thread_in_native, id=5560, stack(0x0000000018aa0000,0x0000000018ba0000)]
  0x00000000174a7000 JavaThread "Attach Listener" daemon [_thread_blocked, id=13076, stack(0x00000000189a0000,0x0000000018aa0000)]
  0x00000000174a6800 JavaThread "Signal Dispatcher" daemon [_thread_blocked, id=4544, stack(0x00000000188a0000,0x00000000189a0000)]
  0x0000000002826800 JavaThread "Finalizer" daemon [_thread_blocked, id=17344, stack(0x00000000186b0000,0x00000000187b0000)]
  0x0000000017439000 JavaThread "Reference Handler" daemon [_thread_blocked, id=360, stack(0x00000000185b0000,0x00000000186b0000)]
  0x000000000272d800 JavaThread "main" [_thread_blocked, id=12384, stack(0x00000000025c0000,0x00000000026c0000)]

Other Threads:
  0x0000000017416800 VMThread [stack: 0x00000000184b0000,0x00000000185b0000] [id=4504]
  0x0000000018cf3800 WatcherThread [stack: 0x00000000192a0000,0x00000000193a0000] [id=852]

VM state:not at safepoint (normal execution)

VM Mutex/Monitor currently owned by a thread: None

heap address: 0x0000000080000000, size: 2048 MB, Compressed Oops mode: 32-bit
Narrow klass base: 0x0000000000000000, Narrow klass shift: 3
Compressed class space size: 1073741824 Address: 0x0000000100000000

Heap:
 PSYoungGen      total 86016K, used 71393K [0x00000000d5580000, 0x00000000dba00000, 0x0000000100000000)
  eden space 72192K, 79% used [0x00000000d5580000,0x00000000d8db9198,0x00000000d9c00000)
  from space 13824K, 99% used [0x00000000d9c00000,0x00000000da97f330,0x00000000da980000)
  to   space 12288K, 0% used [0x00000000da980000,0x00000000da980000,0x00000000db580000)
 ParOldGen       total 124928K, used 22739K [0x0000000080000000, 0x0000000087a00000, 0x00000000d5580000)
  object space 124928K, 18% used [0x0000000080000000,0x0000000081634c30,0x0000000087a00000)
 Metaspace       used 56592K, capacity 58676K, committed 58920K, reserved 1099776K
  class space    used 7628K, capacity 8124K, committed 8232K, reserved 1048576K

Card table byte_map: [0x0000000011bf0000,0x0000000012000000] byte_map_base: 0x00000000117f0000

Marking Bits: (ParMarkBitMap*) 0x00000000692df030
 Begin Bits: [0x00000000126b0000, 0x00000000146b0000)
 End Bits:   [0x00000000146b0000, 0x00000000166b0000)

Polling page: 0x0000000000840000

CodeCache: size=245760Kb used=17751Kb max_used=17912Kb free=228008Kb
 bounds [0x0000000002830000, 0x00000000039c0000, 0x0000000011830000]
 total_blobs=5907 nmethods=5132 adapters=687
 compilation: enabled

Compilation events (10 events):
Event: 52.821 Thread 0x00000000174ab800 5626       3       com.google.common.collect.LinkedHashMultimap::put (7 bytes)
Event: 52.821 Thread 0x00000000174ab800 nmethod 5626 0x0000000002c8ead0 code [0x0000000002c8ec40, 0x0000000002c8ee28]
Event: 52.821 Thread 0x00000000174ab800 5627       3       com.google.common.collect.LinkedHashMultimap$ValueSet::add (144 bytes)
Event: 52.824 Thread 0x00000000174ab800 nmethod 5627 0x0000000002ece590 code [0x0000000002ece840, 0x0000000002ecff78]
Event: 52.824 Thread 0x00000000174ab800 5628       3       com.google.common.collect.Hashing::needsResizing (22 bytes)
Event: 52.824 Thread 0x00000000174ab800 nmethod 5628 0x0000000002e0a390 code [0x0000000002e0a4e0, 0x0000000002e0a6d0]
Event: 52.826 Thread 0x00000000174ab800 5629       3       org.gradle.internal.instantiation.generator.AbstractClassGenerator$ExtensibleTypePropertyHandler::applyTo (207 bytes)
Event: 52.828 Thread 0x00000000174ab800 nmethod 5629 0x0000000003232c10 code [0x0000000003232f00, 0x00000000032344e8]
Event: 52.831 Thread 0x000000001745c800 nmethod 5625 0x0000000002c8e150 code [0x0000000002c8e2c0, 0x0000000002c8e658]
Event: 52.908 Thread 0x000000001745c800 5630       4       sun.reflect.generics.parser.SignatureParser::parsePackageNameAndSimpleClassTypeSignature (139 bytes)

GC Heap History (10 events):
Event: 34.508 GC heap before
{Heap before GC invocations=9 (full 2):
 PSYoungGen      total 71168K, used 10134K [0x00000000d5580000, 0x00000000da900000, 0x0000000100000000)
  eden space 60928K, 0% used [0x00000000d5580000,0x00000000d5580000,0x00000000d9100000)
  from space 10240K, 98% used [0x00000000d9200000,0x00000000d9be5b40,0x00000000d9c00000)
  to   space 12288K, 0% used [0x00000000d9d00000,0x00000000d9d00000,0x00000000da900000)
 ParOldGen       total 73728K, used 7439K [0x0000000080000000, 0x0000000084800000, 0x00000000d5580000)
  object space 73728K, 10% used [0x0000000080000000,0x0000000080743f28,0x0000000084800000)
 Metaspace       used 34397K, capacity 35382K, committed 35496K, reserved 1079296K
  class space    used 4657K, capacity 4941K, committed 5032K, reserved 1048576K
Event: 34.678 GC heap after
Heap after GC invocations=9 (full 2):
 PSYoungGen      total 71168K, used 0K [0x00000000d5580000, 0x00000000da900000, 0x0000000100000000)
  eden space 60928K, 0% used [0x00000000d5580000,0x00000000d5580000,0x00000000d9100000)
  from space 10240K, 0% used [0x00000000d9200000,0x00000000d9200000,0x00000000d9c00000)
  to   space 12288K, 0% used [0x00000000d9d00000,0x00000000d9d00000,0x00000000da900000)
 ParOldGen       total 124928K, used 16662K [0x0000000080000000, 0x0000000087a00000, 0x00000000d5580000)
  object space 124928K, 13% used [0x0000000080000000,0x00000000810458e0,0x0000000087a00000)
 Metaspace       used 34397K, capacity 35382K, committed 35496K, reserved 1079296K
  class space    used 4657K, capacity 4941K, committed 5032K, reserved 1048576K
}
Event: 37.459 GC heap before
{Heap before GC invocations=10 (full 2):
 PSYoungGen      total 71168K, used 60928K [0x00000000d5580000, 0x00000000da900000, 0x0000000100000000)
  eden space 60928K, 100% used [0x00000000d5580000,0x00000000d9100000,0x00000000d9100000)
  from space 10240K, 0% used [0x00000000d9200000,0x00000000d9200000,0x00000000d9c00000)
  to   space 12288K, 0% used [0x00000000d9d00000,0x00000000d9d00000,0x00000000da900000)
 ParOldGen       total 124928K, used 16662K [0x0000000080000000, 0x0000000087a00000, 0x00000000d5580000)
  object space 124928K, 13% used [0x0000000080000000,0x00000000810458e0,0x0000000087a00000)
 Metaspace       used 36673K, capacity 37950K, committed 38184K, reserved 1081344K
  class space    used 5039K, capacity 5344K, committed 5416K, reserved 1048576K
Event: 37.477 GC heap after
Heap after GC invocations=10 (full 2):
 PSYoungGen      total 72704K, used 4934K [0x00000000d5580000, 0x00000000dbf00000, 0x0000000100000000)
  eden space 60416K, 0% used [0x00000000d5580000,0x00000000d5580000,0x00000000d9080000)
  from space 12288K, 40% used [0x00000000d9d00000,0x00000000da1d1a30,0x00000000da900000)
  to   space 12800K, 0% used [0x00000000d9080000,0x00000000d9080000,0x00000000d9d00000)
 ParOldGen       total 124928K, used 16662K [0x0000000080000000, 0x0000000087a00000, 0x00000000d5580000)
  object space 124928K, 13% used [0x0000000080000000,0x00000000810458e0,0x0000000087a00000)
 Metaspace       used 36673K, capacity 37950K, committed 38184K, reserved 1081344K
  class space    used 5039K, capacity 5344K, committed 5416K, reserved 1048576K
}
Event: 41.158 GC heap before
{Heap before GC invocations=11 (full 2):
 PSYoungGen      total 72704K, used 65350K [0x00000000d5580000, 0x00000000dbf00000, 0x0000000100000000)
  eden space 60416K, 100% used [0x00000000d5580000,0x00000000d9080000,0x00000000d9080000)
  from space 12288K, 40% used [0x00000000d9d00000,0x00000000da1d1a30,0x00000000da900000)
  to   space 12800K, 0% used [0x00000000d9080000,0x00000000d9080000,0x00000000d9d00000)
 ParOldGen       total 124928K, used 16662K [0x0000000080000000, 0x0000000087a00000, 0x00000000d5580000)
  object space 124928K, 13% used [0x0000000080000000,0x00000000810458e0,0x0000000087a00000)
 Metaspace       used 40812K, capacity 42442K, committed 42664K, reserved 1085440K
  class space    used 5585K, capacity 5948K, committed 6056K, reserved 1048576K
Event: 41.184 GC heap after
Heap after GC invocations=11 (full 2):
 PSYoungGen      total 73216K, used 8490K [0x00000000d5580000, 0x00000000db580000, 0x0000000100000000)
  eden space 60416K, 0% used [0x00000000d5580000,0x00000000d5580000,0x00000000d9080000)
  from space 12800K, 66% used [0x00000000d9080000,0x00000000d98cabd0,0x00000000d9d00000)
  to   space 12288K, 0% used [0x00000000da980000,0x00000000da980000,0x00000000db580000)
 ParOldGen       total 124928K, used 16670K [0x0000000080000000, 0x0000000087a00000, 0x00000000d5580000)
  object space 124928K, 13% used [0x0000000080000000,0x00000000810478e0,0x0000000087a00000)
 Metaspace       used 40812K, capacity 42442K, committed 42664K, reserved 1085440K
  class space    used 5585K, capacity 5948K, committed 6056K, reserved 1048576K
}
Event: 43.717 GC heap before
{Heap before GC invocations=12 (full 2):
 PSYoungGen      total 73216K, used 68906K [0x00000000d5580000, 0x00000000db580000, 0x0000000100000000)
  eden space 60416K, 100% used [0x00000000d5580000,0x00000000d9080000,0x00000000d9080000)
  from space 12800K, 66% used [0x00000000d9080000,0x00000000d98cabd0,0x00000000d9d00000)
  to   space 12288K, 0% used [0x00000000da980000,0x00000000da980000,0x00000000db580000)
 ParOldGen       total 124928K, used 16670K [0x0000000080000000, 0x0000000087a00000, 0x00000000d5580000)
  object space 124928K, 13% used [0x0000000080000000,0x00000000810478e0,0x0000000087a00000)
 Metaspace       used 46349K, capacity 48008K, committed 48168K, reserved 1091584K
  class space    used 6253K, capacity 6611K, committed 6696K, reserved 1048576K
Event: 43.744 GC heap after
Heap after GC invocations=12 (full 2):
 PSYoungGen      total 84480K, used 12277K [0x00000000d5580000, 0x00000000dba00000, 0x0000000100000000)
  eden space 72192K, 0% used [0x00000000d5580000,0x00000000d5580000,0x00000000d9c00000)
  from space 12288K, 99% used [0x00000000da980000,0x00000000db57d420,0x00000000db580000)
  to   space 13824K, 0% used [0x00000000d9c00000,0x00000000d9c00000,0x00000000da980000)
 ParOldGen       total 124928K, used 17947K [0x0000000080000000, 0x0000000087a00000, 0x00000000d5580000)
  object space 124928K, 14% used [0x0000000080000000,0x0000000081186c70,0x0000000087a00000)
 Metaspace       used 46349K, capacity 48008K, committed 48168K, reserved 1091584K
  class space    used 6253K, capacity 6611K, committed 6696K, reserved 1048576K
}
Event: 48.427 GC heap before
{Heap before GC invocations=13 (full 2):
 PSYoungGen      total 84480K, used 84469K [0x00000000d5580000, 0x00000000dba00000, 0x0000000100000000)
  eden space 72192K, 100% used [0x00000000d5580000,0x00000000d9c00000,0x00000000d9c00000)
  from space 12288K, 99% used [0x00000000da980000,0x00000000db57d420,0x00000000db580000)
  to   space 13824K, 0% used [0x00000000d9c00000,0x00000000d9c00000,0x00000000da980000)
 ParOldGen       total 124928K, used 17947K [0x0000000080000000, 0x0000000087a00000, 0x00000000d5580000)
  object space 124928K, 14% used [0x0000000080000000,0x0000000081186c70,0x0000000087a00000)
 Metaspace       used 52528K, capacity 54456K, committed 54568K, reserved 1095680K
  class space    used 6975K, capacity 7414K, committed 7464K, reserved 1048576K
Event: 48.953 GC heap after
Heap after GC invocations=13 (full 2):
 PSYoungGen      total 86016K, used 13820K [0x00000000d5580000, 0x00000000dba00000, 0x0000000100000000)
  eden space 72192K, 0% used [0x00000000d5580000,0x00000000d5580000,0x00000000d9c00000)
  from space 13824K, 99% used [0x00000000d9c00000,0x00000000da97f330,0x00000000da980000)
  to   space 12288K, 0% used [0x00000000da980000,0x00000000da980000,0x00000000db580000)
 ParOldGen       total 124928K, used 22739K [0x0000000080000000, 0x0000000087a00000, 0x00000000d5580000)
  object space 124928K, 18% used [0x0000000080000000,0x0000000081634c30,0x0000000087a00000)
 Metaspace       used 52528K, capacity 54456K, committed 54568K, reserved 1095680K
  class space    used 6975K, capacity 7414K, committed 7464K, reserved 1048576K
}

Deoptimization events (10 events):
Event: 46.652 Thread 0x000000001a997800 Uncommon trap: reason=unstable_if action=reinterpret pc=0x00000000035e021c method=org.gradle.internal.service.DefaultServiceRegistry$OwnServices.getService(Ljava/lang/reflect/Type;)Lorg/gradle/internal/service/Service; @ 27
Event: 46.911 Thread 0x000000001a997800 Uncommon trap: reason=unstable_if action=reinterpret pc=0x0000000002c0cee4 method=java.lang.String.lastIndexOf([CII[CIII)I @ 17
Event: 46.911 Thread 0x000000001a997800 Uncommon trap: reason=unstable_if action=reinterpret pc=0x000000000331b75c method=sun.net.www.protocol.jar.Handler.parseURL(Ljava/net/URL;Ljava/lang/String;II)V @ 116
Event: 46.942 Thread 0x000000001a997800 Uncommon trap: reason=unstable_if action=reinterpret pc=0x00000000035bfd9c method=java.util.concurrent.ConcurrentHashMap.putVal(Ljava/lang/Object;Ljava/lang/Object;Z)Ljava/lang/Object; @ 195
Event: 48.388 Thread 0x000000001a997800 Uncommon trap: reason=unstable_if action=reinterpret pc=0x0000000003560938 method=groovy.lang.MetaClassImpl.filterPropertyMethod(Ljava/lang/Object;ZZ)Ljava/lang/Object; @ 72
Event: 49.448 Thread 0x000000001a997800 Uncommon trap: reason=bimorphic action=maybe_recompile pc=0x0000000003324380 method=org.codehaus.groovy.runtime.metaclass.MetaMethodIndex.addMethodToList(Ljava/lang/Object;Lgroovy/lang/MetaMethod;)Ljava/lang/Object; @ 102
Event: 49.448 Thread 0x000000001a997800 Uncommon trap: reason=bimorphic action=maybe_recompile pc=0x0000000003324380 method=org.codehaus.groovy.runtime.metaclass.MetaMethodIndex.addMethodToList(Ljava/lang/Object;Lgroovy/lang/MetaMethod;)Ljava/lang/Object; @ 102
Event: 49.448 Thread 0x000000001a997800 Uncommon trap: reason=bimorphic action=maybe_recompile pc=0x0000000003324380 method=org.codehaus.groovy.runtime.metaclass.MetaMethodIndex.addMethodToList(Ljava/lang/Object;Lgroovy/lang/MetaMethod;)Ljava/lang/Object; @ 102
Event: 49.458 Thread 0x000000001a997800 Uncommon trap: reason=class_check action=maybe_recompile pc=0x00000000038c4154 method=groovy.lang.MetaMethod.isStatic()Z @ 1
Event: 49.458 Thread 0x000000001a997800 Uncommon trap: reason=class_check action=maybe_recompile pc=0x00000000038c4154 method=groovy.lang.MetaMethod.isStatic()Z @ 1

Classes redefined (0 events):
No events

Internal exceptions (10 events):
Event: 49.510 Thread 0x000000001a997800 Exception <a 'java/lang/ClassNotFoundException': org/gradle/api/internal/plugins/DefaultPluginContainerCustomizer> (0x00000000d67a8518) thrown at [C:\src\AOSP-openjdk-git\hotspot\src\share\vm\classfile\systemDictionary.cpp, line 210]
Event: 49.550 Thread 0x000000001a997800 Exception <a 'java/lang/ClassNotFoundException': org/gradle/api/internal/DefaultDomainObjectSet_DecoratedBeanInfo> (0x00000000d69ebb80) thrown at [C:\src\AOSP-openjdk-git\hotspot\src\share\vm\classfile\systemDictionary.cpp, line 210]
Event: 49.551 Thread 0x000000001a997800 Exception <a 'java/lang/ClassNotFoundException': org/gradle/api/internal/DefaultDomainObjectSet_DecoratedCustomizer> (0x00000000d6a2f808) thrown at [C:\src\AOSP-openjdk-git\hotspot\src\share\vm\classfile\systemDictionary.cpp, line 210]
Event: 50.006 Thread 0x000000001a997800 Exception <a 'java/lang/NoSuchMethodError': java.lang.Object.lambda$comparingInt$7b0bb60$1(Ljava/util/function/ToIntFunction;Ljava/lang/Object;Ljava/lang/Object;)I> (0x00000000d70ecbd0) thrown at [C:\src\AOSP-openjdk-git\hotspot\src\share\vm\interpreter\l
Event: 52.524 Thread 0x000000001a997800 Exception <a 'java/lang/ClassNotFoundException': com/android/build/gradle/internal/api/ApkVariantOutputImpl_DecoratedBeanInfo> (0x00000000d88a4538) thrown at [C:\src\AOSP-openjdk-git\hotspot\src\share\vm\classfile\systemDictionary.cpp, line 210]
Event: 52.526 Thread 0x000000001a997800 Exception <a 'java/lang/ClassNotFoundException': com/android/build/gradle/internal/api/ApkVariantOutputImplBeanInfo> (0x00000000d88c40a8) thrown at [C:\src\AOSP-openjdk-git\hotspot\src\share\vm\classfile\systemDictionary.cpp, line 210]
Event: 52.527 Thread 0x000000001a997800 Exception <a 'java/lang/ClassNotFoundException': com/android/build/gradle/internal/api/BaseVariantOutputImplBeanInfo> (0x00000000d88e5218) thrown at [C:\src\AOSP-openjdk-git\hotspot\src\share\vm\classfile\systemDictionary.cpp, line 210]
Event: 52.527 Thread 0x000000001a997800 Exception <a 'java/lang/ClassNotFoundException': com/android/build/gradle/internal/api/BaseVariantOutputImplCustomizer> (0x00000000d8906998) thrown at [C:\src\AOSP-openjdk-git\hotspot\src\share\vm\classfile\systemDictionary.cpp, line 210]
Event: 52.529 Thread 0x000000001a997800 Exception <a 'java/lang/ClassNotFoundException': com/android/build/gradle/internal/api/ApkVariantOutputImplCustomizer> (0x00000000d8941c60) thrown at [C:\src\AOSP-openjdk-git\hotspot\src\share\vm\classfile\systemDictionary.cpp, line 210]
Event: 52.535 Thread 0x000000001a997800 Exception <a 'java/lang/ClassNotFoundException': com/android/build/gradle/internal/api/ApkVariantOutputImpl_DecoratedCustomizer> (0x00000000d89789d8) thrown at [C:\src\AOSP-openjdk-git\hotspot\src\share\vm\classfile\systemDictionary.cpp, line 210]

Events (10 events):
Event: 52.773 loading class org/gradle/api/tasks/compile/CompileOptions
Event: 52.773 loading class org/gradle/api/tasks/compile/CompileOptions done
Event: 52.899 loading class org/gradle/api/tasks/compile/AbstractCompile$BackwardCompatibilityOutputDirectoryConvention
Event: 52.899 loading class org/gradle/api/tasks/compile/AbstractCompile$BackwardCompatibilityOutputDirectoryConvention done
Event: 52.901 loading class org/gradle/api/tasks/compile/JavaCompile$1
Event: 52.901 loading class org/gradle/api/tasks/compile/JavaCompile$1 done
Event: 52.903 loading class org/gradle/api/tasks/compile/DebugOptions
Event: 52.903 loading class org/gradle/api/tasks/compile/DebugOptions done
Event: 52.904 loading class org/gradle/api/tasks/compile/ForkOptions
Event: 52.904 loading class org/gradle/api/tasks/compile/ForkOptions done


Dynamic libraries:
0x00007ff70c380000 - 0x00007ff70c3b1000 	C:\Program Files\Android\Android Studio\jre\bin\java.exe
0x00007ffd05470000 - 0x00007ffd05651000 	C:\WINDOWS\SYSTEM32\ntdll.dll
0x00007ffd028f0000 - 0x00007ffd029a1000 	C:\WINDOWS\System32\KERNEL32.DLL
0x00007ffd01b40000 - 0x00007ffd01db3000 	C:\WINDOWS\System32\KERNELBASE.dll
0x00007ffd031d0000 - 0x00007ffd03271000 	C:\WINDOWS\System32\ADVAPI32.dll
0x00007ffd05130000 - 0x00007ffd051ce000 	C:\WINDOWS\System32\msvcrt.dll
0x00007ffd03c80000 - 0x00007ffd03cdb000 	C:\WINDOWS\System32\sechost.dll
0x00007ffd052e0000 - 0x00007ffd05404000 	C:\WINDOWS\System32\RPCRT4.dll
0x00007ffd03a70000 - 0x00007ffd03c00000 	C:\WINDOWS\System32\USER32.dll
0x00007ffd026c0000 - 0x00007ffd026e0000 	C:\WINDOWS\System32\win32u.dll
0x00007ffd052b0000 - 0x00007ffd052d8000 	C:\WINDOWS\System32\GDI32.dll
0x00007ffd02520000 - 0x00007ffd026b1000 	C:\WINDOWS\System32\gdi32full.dll
0x00007ffd018b0000 - 0x00007ffd0194f000 	C:\WINDOWS\System32\msvcp_win.dll
0x00007ffd026e0000 - 0x00007ffd027d8000 	C:\WINDOWS\System32\ucrtbase.dll
0x00007ffcefef0000 - 0x00007ffcf0159000 	C:\WINDOWS\WinSxS\amd64_microsoft.windows.common-controls_6595b64144ccf1df_6.0.17134.1246_none_d3ffb9d77c90723d\COMCTL32.dll
0x00007ffd02c60000 - 0x00007ffd02f81000 	C:\WINDOWS\System32\combase.dll
0x00007ffd01830000 - 0x00007ffd018a9000 	C:\WINDOWS\System32\bcryptPrimitives.dll
0x00007ffd03580000 - 0x00007ffd035ad000 	C:\WINDOWS\System32\IMM32.DLL
0x0000000068920000 - 0x00000000689f2000 	C:\Program Files\Android\Android Studio\jre\jre\bin\msvcr100.dll
0x0000000068b10000 - 0x000000006935b000 	C:\Program Files\Android\Android Studio\jre\jre\bin\server\jvm.dll
0x00007ffd05430000 - 0x00007ffd05438000 	C:\WINDOWS\System32\PSAPI.DLL
0x00007ffcfdb60000 - 0x00007ffcfdb69000 	C:\WINDOWS\SYSTEM32\WSOCK32.dll
0x00007ffd03390000 - 0x00007ffd033fc000 	C:\WINDOWS\System32\WS2_32.dll
0x00007ffcfe3a0000 - 0x00007ffcfe3c3000 	C:\WINDOWS\SYSTEM32\WINMM.dll
0x00007ffcf2990000 - 0x00007ffcf299a000 	C:\WINDOWS\SYSTEM32\VERSION.dll
0x00007ffcfe370000 - 0x00007ffcfe39a000 	C:\WINDOWS\SYSTEM32\WINMMBASE.dll
0x00007ffd024d0000 - 0x00007ffd02519000 	C:\WINDOWS\System32\cfgmgr32.dll
0x00007ffcfdb50000 - 0x00007ffcfdb5f000 	C:\Program Files\Android\Android Studio\jre\jre\bin\verify.dll
0x00007ffced780000 - 0x00007ffced7a9000 	C:\Program Files\Android\Android Studio\jre\jre\bin\java.dll
0x00007ffcee5c0000 - 0x00007ffcee5d6000 	C:\Program Files\Android\Android Studio\jre\jre\bin\zip.dll
0x00007ffd03ce0000 - 0x00007ffd05125000 	C:\WINDOWS\System32\SHELL32.dll
0x00007ffd032e0000 - 0x00007ffd03389000 	C:\WINDOWS\System32\shcore.dll
0x00007ffd01dc0000 - 0x00007ffd024d0000 	C:\WINDOWS\System32\windows.storage.dll
0x00007ffd03280000 - 0x00007ffd032d1000 	C:\WINDOWS\System32\shlwapi.dll
0x00007ffd01810000 - 0x00007ffd01821000 	C:\WINDOWS\System32\kernel.appcore.dll
0x00007ffd01770000 - 0x00007ffd0178f000 	C:\WINDOWS\System32\profapi.dll
0x00007ffd017c0000 - 0x00007ffd0180c000 	C:\WINDOWS\System32\powrprof.dll
0x00007ffd017b0000 - 0x00007ffd017ba000 	C:\WINDOWS\System32\FLTLIB.DLL
0x00007ffcee4b0000 - 0x00007ffcee4ca000 	C:\Program Files\Android\Android Studio\jre\jre\bin\net.dll
0x00007ffd00ff0000 - 0x00007ffd01056000 	C:\WINDOWS\system32\mswsock.dll
0x00007ffcee520000 - 0x00007ffcee533000 	C:\Program Files\Android\Android Studio\jre\jre\bin\nio.dll
0x00007ffcfa530000 - 0x00007ffcfa556000 	C:\Users\Ahmed\.gradle\native\31\windows-amd64\native-platform.dll
0x00007ffcf4eb0000 - 0x00007ffcf4ebd000 	C:\Program Files\Android\Android Studio\jre\jre\bin\management.dll
0x00007ffd011a0000 - 0x00007ffd011b7000 	C:\WINDOWS\SYSTEM32\CRYPTSP.dll
0x00007ffd00ba0000 - 0x00007ffd00bd3000 	C:\WINDOWS\system32\rsaenh.dll
0x00007ffd012d0000 - 0x00007ffd012f5000 	C:\WINDOWS\SYSTEM32\bcrypt.dll
0x00007ffd016a0000 - 0x00007ffd016c8000 	C:\WINDOWS\SYSTEM32\USERENV.dll
0x00007ffd011c0000 - 0x00007ffd011cb000 	C:\WINDOWS\SYSTEM32\CRYPTBASE.dll
0x00007ffd00d40000 - 0x00007ffd00d78000 	C:\WINDOWS\SYSTEM32\IPHLPAPI.DLL
0x00007ffd051d0000 - 0x00007ffd051d8000 	C:\WINDOWS\System32\NSI.dll
0x00007ffcf9a10000 - 0x00007ffcf9a26000 	C:\WINDOWS\SYSTEM32\dhcpcsvc6.DLL
0x00007ffcf99f0000 - 0x00007ffcf9a0a000 	C:\WINDOWS\SYSTEM32\dhcpcsvc.DLL

VM Arguments:
jvm_args: -Xmx2048m -Dfile.encoding=windows-1256 -Duser.country=GB -Duser.language=en -Duser.variant 
java_command: org.gradle.launcher.daemon.bootstrap.GradleDaemon 6.1.1
java_class_path (initial): C:\Users\Ahmed\.gradle\wrapper\dists\gradle-6.1.1-all\cfmwm155h49vnt3hynmlrsdst\gradle-6.1.1\lib\gradle-launcher-6.1.1.jar
Launcher Type: SUN_STANDARD

Environment Variables:
PATH=C:\Program Files (x86)\Common Files\Oracle\Java\javapath;C:\WINDOWS\system32;C:\WINDOWS;C:\WINDOWS\System32\Wbem;C:\WINDOWS\System32\WindowsPowerShell\v1.0\;C:\Program Files\nodejs\;C:\WINDOWS\System32\OpenSSH\;C:\Program Files\Git\cmd;C:\Users\Ahmed\AppData\Roaming\npm;%USERPROFILE%\AppData\Local\Microsoft\WindowsApps;
USERNAME=Ahmed
OS=Windows_NT
PROCESSOR_IDENTIFIER=Intel64 Family 6 Model 58 Stepping 9, GenuineIntel



---------------  S Y S T E M  ---------------

OS: Windows 10.0 , 64 bit Build 17134 (10.0.17134.753)

CPU:total 4 (initial active 4) (2 cores per cpu, 2 threads per core) family 6 model 58 stepping 9, cmov, cx8, fxsr, mmx, sse, sse2, sse3, ssse3, sse4.1, sse4.2, popcnt, avx, aes, clmul, erms, ht, tsc, tscinvbit, tscinv

Memory: 4k page, physical 16637484k(2908028k free), swap 34924008k(5132k free)

vm_info: OpenJDK 64-Bit Server VM (25.242-b01) for windows-amd64 JRE (1.8.0_242-release-1644-b01), built by "builder" with MS VC++ 10.0 (VS2010)

time: Tue Oct 20 14:11:24 2020
timezone: Egypt Standard Time
elapsed time: 52 seconds (0d 0h 0m 52s)

