#
# There is insufficient memory for the Java Runtime Environment to continue.
# Native memory allocation (malloc) failed to allocate 1185936 bytes for Chunk::new
# Possible reasons:
#   The system is out of physical RAM or swap space
#   The process is running with CompressedOops enabled, and the Java Heap may be blocking the growth of the native heap
# Possible solutions:
#   Reduce memory load on the system
#   Increase physical memory or swap space
#   Check if swap backing store is full
#   Decrease Java heap size (-Xmx/-Xms)
#   Decrease number of Java threads
#   Decrease Java thread stack sizes (-Xss)
#   Set larger code cache with -XX:ReservedCodeCacheSize=
#   JVM is running with Unscaled Compressed Oops mode in which the Java heap is
#     placed in the first 4GB address space. The Java Heap base address is the
#     maximum limit for the native heap growth. Please use -XX:HeapBaseMinAddress
#     to set the Java Heap base and to place the Java Heap above 4GB virtual address.
# This output file may be truncated or incomplete.
#
#  Out of Memory Error (allocation.cpp:389), pid=8260, tid=0x00000000000029d8
#
# JRE version: OpenJDK Runtime Environment (8.0_242-b01) (build 1.8.0_242-release-1644-b01)
# Java VM: OpenJDK 64-Bit Server VM (25.242-b01 mixed mode windows-amd64 compressed oops)
# Failed to write core dump. Minidumps are not enabled by default on client versions of Windows
#

---------------  T H R E A D  ---------------

Current thread (0x0000000016685000):  JavaThread "C2 CompilerThread0" daemon [_thread_in_native, id=10712, stack(0x0000000017ce0000,0x0000000017de0000)]

Stack: [0x0000000017ce0000,0x0000000017de0000]
[error occurred during error reporting (printing stack bounds), id 0xc0000005]

Native frames: (J=compiled Java code, j=interpreted, Vv=VM code, C=native code)


Current CompileTask:
C2:  63569 6776       4       org.gradle.internal.instantiation.generator.AbstractClassGenerator::inspectType (559 bytes)


---------------  P R O C E S S  ---------------

Java Threads: ( => current thread )
  0x0000000019166800 JavaThread "Cache worker for execution history cache (E:\Cairo Cart\Cairo Cart\.gradle\6.1.1\executionHistory)" [_thread_blocked, id=308, stack(0x0000000023da0000,0x0000000023ea0000)]
  0x0000000019168000 JavaThread "Cache worker for Build Output Cleanup Cache (E:\Cairo Cart\Cairo Cart\.gradle\buildOutputCleanup)" [_thread_blocked, id=9236, stack(0x0000000021d50000,0x0000000021e50000)]
  0x0000000019169800 JavaThread "pool-1-thread-1" [_thread_blocked, id=6428, stack(0x0000000021850000,0x0000000021950000)]
  0x000000001916b000 JavaThread "Build operations Thread 4" [_thread_blocked, id=11244, stack(0x0000000021550000,0x0000000021650000)]
  0x000000001915f000 JavaThread "Build operations Thread 3" [_thread_blocked, id=10252, stack(0x0000000021450000,0x0000000021550000)]
  0x0000000019166000 JavaThread "Build operations Thread 2" [_thread_blocked, id=7356, stack(0x0000000021350000,0x0000000021450000)]
  0x000000001915e800 JavaThread "Build operations" [_thread_blocked, id=12912, stack(0x0000000021250000,0x0000000021350000)]
  0x0000000019ced000 JavaThread "Cache worker for execution history cache (C:\Users\Ahmed\.gradle\caches\6.1.1\executionHistory)" [_thread_blocked, id=13984, stack(0x000000001f180000,0x000000001f280000)]
  0x0000000019ce9000 JavaThread "Cache worker for cache directory md-rule (C:\Users\Ahmed\.gradle\caches\6.1.1\md-rule)" [_thread_blocked, id=16264, stack(0x000000001f080000,0x000000001f180000)]
  0x0000000019cea000 JavaThread "Cache worker for cache directory md-supplier (C:\Users\Ahmed\.gradle\caches\6.1.1\md-supplier)" [_thread_blocked, id=8796, stack(0x000000001ef80000,0x000000001f080000)]
  0x0000000019ce7800 JavaThread "Cache worker for file hash cache (E:\Cairo Cart\Cairo Cart\.gradle\6.1.1\fileHashes)" [_thread_blocked, id=16036, stack(0x000000001d830000,0x000000001d930000)]
  0x0000000019ceb800 JavaThread "Cache worker for checksums cache (E:\Cairo Cart\Cairo Cart\.gradle\checksums)" [_thread_blocked, id=12128, stack(0x000000001d730000,0x000000001d830000)]
  0x0000000019cec000 JavaThread "File lock release action executor" [_thread_blocked, id=10936, stack(0x000000001c660000,0x000000001c760000)]
  0x0000000019ced800 JavaThread "Cache worker for file hash cache (C:\Users\Ahmed\.gradle\caches\6.1.1\fileHashes)" [_thread_blocked, id=16276, stack(0x000000001c460000,0x000000001c560000)]
  0x0000000019ce7000 JavaThread "File lock request listener" [_thread_in_native, id=2420, stack(0x000000001c360000,0x000000001c460000)]
  0x0000000018faa800 JavaThread "Cache worker for journal cache (C:\Users\Ahmed\.gradle\caches\journal-1)" [_thread_blocked, id=8816, stack(0x000000001c260000,0x000000001c360000)]
  0x0000000019c70000 JavaThread "Thread-9" [_thread_blocked, id=384, stack(0x000000001af90000,0x000000001b090000)]
  0x0000000019c69000 JavaThread "Stdin handler" [_thread_blocked, id=14032, stack(0x000000001ae90000,0x000000001af90000)]
  0x0000000019bdd800 JavaThread "Asynchronous log dispatcher for DefaultDaemonConnection: socket connection from /127.0.0.1:52741 to /127.0.0.1:52742" [_thread_blocked, id=17008, stack(0x000000001ad90000,0x000000001ae90000)]
  0x00000000197ec800 JavaThread "Daemon worker" [_thread_in_native, id=10956, stack(0x000000001ac90000,0x000000001ad90000)]
  0x00000000197e5800 JavaThread "Cancel handler" [_thread_blocked, id=16080, stack(0x000000001ab90000,0x000000001ac90000)]
  0x00000000197e2800 JavaThread "Handler for socket connection from /127.0.0.1:52741 to /127.0.0.1:52742" [_thread_in_native, id=7548, stack(0x000000001a890000,0x000000001a990000)]
  0x0000000019aae000 JavaThread "Daemon" [_thread_blocked, id=17144, stack(0x000000001a790000,0x000000001a890000)]
  0x0000000019845000 JavaThread "Daemon periodic checks" [_thread_blocked, id=15836, stack(0x000000001a690000,0x000000001a790000)]
  0x0000000019791000 JavaThread "Incoming local TCP Connector on port 52741" [_thread_in_native, id=7476, stack(0x00000000186e0000,0x00000000187e0000)]
  0x0000000019949000 JavaThread "Daemon health stats" [_thread_blocked, id=16996, stack(0x00000000185e0000,0x00000000186e0000)]
  0x0000000017f3a000 JavaThread "Service Thread" daemon [_thread_blocked, id=10136, stack(0x00000000183e0000,0x00000000184e0000)]
  0x000000001668e800 JavaThread "C1 CompilerThread2" daemon [_thread_blocked, id=16936, stack(0x00000000182e0000,0x00000000183e0000)]
  0x0000000016689000 JavaThread "C2 CompilerThread1" daemon [_thread_blocked, id=6388, stack(0x0000000017de0000,0x0000000017ee0000)]
=>0x0000000016685000 JavaThread "C2 CompilerThread0" daemon [_thread_in_native, id=10712, stack(0x0000000017ce0000,0x0000000017de0000)]
  0x0000000016683800 JavaThread "Attach Listener" daemon [_thread_blocked, id=7700, stack(0x0000000017be0000,0x0000000017ce0000)]
  0x00000000166d4800 JavaThread "Signal Dispatcher" daemon [_thread_blocked, id=9328, stack(0x0000000017ae0000,0x0000000017be0000)]
  0x0000000002d0c800 JavaThread "Finalizer" daemon [_thread_blocked, id=17244, stack(0x00000000178d0000,0x00000000179d0000)]
  0x0000000016669000 JavaThread "Reference Handler" daemon [_thread_blocked, id=4336, stack(0x00000000177d0000,0x00000000178d0000)]
  0x000000000101d800 JavaThread "main" [_thread_blocked, id=6632, stack(0x0000000002ad0000,0x0000000002bd0000)]

Other Threads:
  0x0000000016647000 VMThread [stack: 0x00000000176d0000,0x00000000177d0000] [id=1076]
  0x0000000017f3b800 WatcherThread [stack: 0x00000000184e0000,0x00000000185e0000] [id=10304]

VM state:not at safepoint (normal execution)

VM Mutex/Monitor currently owned by a thread: None

heap address: 0x00000000a0000000, size: 1536 MB, Compressed Oops mode: 32-bit
Narrow klass base: 0x0000000000000000, Narrow klass shift: 3
Compressed class space size: 1073741824 Address: 0x0000000100000000

Heap:
 PSYoungGen      total 131584K, used 99211K [0x00000000e0000000, 0x00000000e9f80000, 0x0000000100000000)
  eden space 119296K, 77% used [0x00000000e0000000,0x00000000e5a4a980,0x00000000e7480000)
  from space 12288K, 54% used [0x00000000e9380000,0x00000000e9a18470,0x00000000e9f80000)
  to   space 22016K, 0% used [0x00000000e7480000,0x00000000e7480000,0x00000000e8a00000)
 ParOldGen       total 168960K, used 35700K [0x00000000a0000000, 0x00000000aa500000, 0x00000000e0000000)
  object space 168960K, 21% used [0x00000000a0000000,0x00000000a22dd0d8,0x00000000aa500000)
 Metaspace       used 65277K, capacity 67956K, committed 68264K, reserved 1107968K
  class space    used 8962K, capacity 9539K, committed 9640K, reserved 1048576K

Card table byte_map: [0x00000000120d0000,0x00000000123e0000] byte_map_base: 0x0000000011bd0000

Marking Bits: (ParMarkBitMap*) 0x00000000692df030
 Begin Bits: [0x00000000129e0000, 0x00000000141e0000)
 End Bits:   [0x00000000141e0000, 0x00000000159e0000)

Polling page: 0x0000000000bf0000

CodeCache: size=245760Kb used=22568Kb max_used=22580Kb free=223191Kb
 bounds [0x0000000002d10000, 0x0000000004340000, 0x0000000011d10000]
 total_blobs=7374 nmethods=6586 adapters=699
 compilation: enabled

Compilation events (10 events):
Event: 63.546 Thread 0x000000001668e800 7353       3       java.util.Collections$UnmodifiableCollection::size (10 bytes)
Event: 63.546 Thread 0x000000001668e800 nmethod 7353 0x000000000432f690 code [0x000000000432f800, 0x000000000432fa28]
Event: 63.546 Thread 0x000000001668e800 7354       3       com.google.common.base.CharMatcher$IsEither::matches (22 bytes)
Event: 63.547 Thread 0x000000001668e800 nmethod 7354 0x000000000432fad0 code [0x000000000432fc20, 0x000000000432fe10]
Event: 63.547 Thread 0x0000000016689000 7355       4       com.google.common.base.CharMatcher::indexIn (48 bytes)
Event: 63.547 Thread 0x000000001668e800 7356       3       java.util.Collections$UnmodifiableList::get (11 bytes)
Event: 63.547 Thread 0x000000001668e800 nmethod 7356 0x000000000432fe90 code [0x0000000004330000, 0x0000000004330228]
Event: 63.548 Thread 0x000000001668e800 7357       3       com.google.common.base.Preconditions::checkState (28 bytes)
Event: 63.548 Thread 0x000000001668e800 nmethod 7357 0x00000000043302d0 code [0x0000000004330460, 0x00000000043308c8]
Event: 63.555 Thread 0x0000000016689000 nmethod 7355 0x0000000004333a90 code [0x0000000004333be0, 0x0000000004333fb8]

GC Heap History (10 events):
Event: 45.971 GC heap before
{Heap before GC invocations=13 (full 2):
 PSYoungGen      total 81920K, used 81912K [0x00000000e0000000, 0x00000000e6900000, 0x0000000100000000)
  eden space 69120K, 100% used [0x00000000e0000000,0x00000000e4380000,0x00000000e4380000)
  from space 12800K, 99% used [0x00000000e5280000,0x00000000e5efe168,0x00000000e5f00000)
  to   space 15360K, 0% used [0x00000000e4380000,0x00000000e4380000,0x00000000e5280000)
 ParOldGen       total 124416K, used 19373K [0x00000000a0000000, 0x00000000a7980000, 0x00000000e0000000)
  object space 124416K, 15% used [0x00000000a0000000,0x00000000a12eb7b0,0x00000000a7980000)
 Metaspace       used 51962K, capacity 53966K, committed 54056K, reserved 1095680K
  class space    used 6936K, capacity 7416K, committed 7464K, reserved 1048576K
Event: 46.017 GC heap after
Heap after GC invocations=13 (full 2):
 PSYoungGen      total 84480K, used 15340K [0x00000000e0000000, 0x00000000e7c80000, 0x0000000100000000)
  eden space 69120K, 0% used [0x00000000e0000000,0x00000000e0000000,0x00000000e4380000)
  from space 15360K, 99% used [0x00000000e4380000,0x00000000e527b330,0x00000000e5280000)
  to   space 19456K, 0% used [0x00000000e6980000,0x00000000e6980000,0x00000000e7c80000)
 ParOldGen       total 124416K, used 24777K [0x00000000a0000000, 0x00000000a7980000, 0x00000000e0000000)
  object space 124416K, 19% used [0x00000000a0000000,0x00000000a1832668,0x00000000a7980000)
 Metaspace       used 51962K, capacity 53966K, committed 54056K, reserved 1095680K
  class space    used 6936K, capacity 7416K, committed 7464K, reserved 1048576K
}
Event: 51.293 GC heap before
{Heap before GC invocations=14 (full 2):
 PSYoungGen      total 84480K, used 84460K [0x00000000e0000000, 0x00000000e7c80000, 0x0000000100000000)
  eden space 69120K, 100% used [0x00000000e0000000,0x00000000e4380000,0x00000000e4380000)
  from space 15360K, 99% used [0x00000000e4380000,0x00000000e527b330,0x00000000e5280000)
  to   space 19456K, 0% used [0x00000000e6980000,0x00000000e6980000,0x00000000e7c80000)
 ParOldGen       total 124416K, used 24777K [0x00000000a0000000, 0x00000000a7980000, 0x00000000e0000000)
  object space 124416K, 19% used [0x00000000a0000000,0x00000000a1832668,0x00000000a7980000)
 Metaspace       used 56517K, capacity 58742K, committed 58920K, reserved 1099776K
  class space    used 7675K, capacity 8196K, committed 8232K, reserved 1048576K
Event: 51.404 GC heap after
Heap after GC invocations=14 (full 2):
 PSYoungGen      total 104448K, used 19430K [0x00000000e0000000, 0x00000000e8600000, 0x0000000100000000)
  eden space 84992K, 0% used [0x00000000e0000000,0x00000000e0000000,0x00000000e5300000)
  from space 19456K, 99% used [0x00000000e6980000,0x00000000e7c79aa0,0x00000000e7c80000)
  to   space 23040K, 0% used [0x00000000e5300000,0x00000000e5300000,0x00000000e6980000)
 ParOldGen       total 124416K, used 28408K [0x00000000a0000000, 0x00000000a7980000, 0x00000000e0000000)
  object space 124416K, 22% used [0x00000000a0000000,0x00000000a1bbe170,0x00000000a7980000)
 Metaspace       used 56517K, capacity 58742K, committed 58920K, reserved 1099776K
  class space    used 7675K, capacity 8196K, committed 8232K, reserved 1048576K
}
Event: 52.223 GC heap before
{Heap before GC invocations=15 (full 2):
 PSYoungGen      total 104448K, used 40731K [0x00000000e0000000, 0x00000000e8600000, 0x0000000100000000)
  eden space 84992K, 25% used [0x00000000e0000000,0x00000000e14cd490,0x00000000e5300000)
  from space 19456K, 99% used [0x00000000e6980000,0x00000000e7c79aa0,0x00000000e7c80000)
  to   space 23040K, 0% used [0x00000000e5300000,0x00000000e5300000,0x00000000e6980000)
 ParOldGen       total 124416K, used 28408K [0x00000000a0000000, 0x00000000a7980000, 0x00000000e0000000)
  object space 124416K, 22% used [0x00000000a0000000,0x00000000a1bbe170,0x00000000a7980000)
 Metaspace       used 56783K, capacity 59018K, committed 59160K, reserved 1099776K
  class space    used 7714K, capacity 8280K, committed 8360K, reserved 1048576K
Event: 52.474 GC heap after
Heap after GC invocations=15 (full 2):
 PSYoungGen      total 108032K, used 9777K [0x00000000e0000000, 0x00000000ea900000, 0x0000000100000000)
  eden space 84992K, 0% used [0x00000000e0000000,0x00000000e0000000,0x00000000e5300000)
  from space 23040K, 42% used [0x00000000e5300000,0x00000000e5c8c660,0x00000000e6980000)
  to   space 22016K, 0% used [0x00000000e9380000,0x00000000e9380000,0x00000000ea900000)
 ParOldGen       total 124416K, used 37555K [0x00000000a0000000, 0x00000000a7980000, 0x00000000e0000000)
  object space 124416K, 30% used [0x00000000a0000000,0x00000000a24acc58,0x00000000a7980000)
 Metaspace       used 56783K, capacity 59018K, committed 59160K, reserved 1099776K
  class space    used 7714K, capacity 8280K, committed 8360K, reserved 1048576K
}
Event: 52.474 GC heap before
{Heap before GC invocations=16 (full 3):
 PSYoungGen      total 108032K, used 9777K [0x00000000e0000000, 0x00000000ea900000, 0x0000000100000000)
  eden space 84992K, 0% used [0x00000000e0000000,0x00000000e0000000,0x00000000e5300000)
  from space 23040K, 42% used [0x00000000e5300000,0x00000000e5c8c660,0x00000000e6980000)
  to   space 22016K, 0% used [0x00000000e9380000,0x00000000e9380000,0x00000000ea900000)
 ParOldGen       total 124416K, used 37555K [0x00000000a0000000, 0x00000000a7980000, 0x00000000e0000000)
  object space 124416K, 30% used [0x00000000a0000000,0x00000000a24acc58,0x00000000a7980000)
 Metaspace       used 56783K, capacity 59018K, committed 59160K, reserved 1099776K
  class space    used 7714K, capacity 8280K, committed 8360K, reserved 1048576K
Event: 53.525 GC heap after
Heap after GC invocations=16 (full 3):
 PSYoungGen      total 108032K, used 0K [0x00000000e0000000, 0x00000000ea900000, 0x0000000100000000)
  eden space 84992K, 0% used [0x00000000e0000000,0x00000000e0000000,0x00000000e5300000)
  from space 23040K, 0% used [0x00000000e5300000,0x00000000e5300000,0x00000000e6980000)
  to   space 22016K, 0% used [0x00000000e9380000,0x00000000e9380000,0x00000000ea900000)
 ParOldGen       total 168960K, used 35692K [0x00000000a0000000, 0x00000000aa500000, 0x00000000e0000000)
  object space 168960K, 21% used [0x00000000a0000000,0x00000000a22db0d8,0x00000000aa500000)
 Metaspace       used 56769K, capacity 58970K, committed 59160K, reserved 1099776K
  class space    used 7709K, capacity 8272K, committed 8360K, reserved 1048576K
}
Event: 58.269 GC heap before
{Heap before GC invocations=17 (full 3):
 PSYoungGen      total 108032K, used 84992K [0x00000000e0000000, 0x00000000ea900000, 0x0000000100000000)
  eden space 84992K, 100% used [0x00000000e0000000,0x00000000e5300000,0x00000000e5300000)
  from space 23040K, 0% used [0x00000000e5300000,0x00000000e5300000,0x00000000e6980000)
  to   space 22016K, 0% used [0x00000000e9380000,0x00000000e9380000,0x00000000ea900000)
 ParOldGen       total 168960K, used 35692K [0x00000000a0000000, 0x00000000aa500000, 0x00000000e0000000)
  object space 168960K, 21% used [0x00000000a0000000,0x00000000a22db0d8,0x00000000aa500000)
 Metaspace       used 61088K, capacity 63328K, committed 63400K, reserved 1103872K
  class space    used 8366K, capacity 8860K, committed 8872K, reserved 1048576K
Event: 58.284 GC heap after
Heap after GC invocations=17 (full 3):
 PSYoungGen      total 131584K, used 6753K [0x00000000e0000000, 0x00000000e9f80000, 0x0000000100000000)
  eden space 119296K, 0% used [0x00000000e0000000,0x00000000e0000000,0x00000000e7480000)
  from space 12288K, 54% used [0x00000000e9380000,0x00000000e9a18470,0x00000000e9f80000)
  to   space 22016K, 0% used [0x00000000e7480000,0x00000000e7480000,0x00000000e8a00000)
 ParOldGen       total 168960K, used 35700K [0x00000000a0000000, 0x00000000aa500000, 0x00000000e0000000)
  object space 168960K, 21% used [0x00000000a0000000,0x00000000a22dd0d8,0x00000000aa500000)
 Metaspace       used 61088K, capacity 63328K, committed 63400K, reserved 1103872K
  class space    used 8366K, capacity 8860K, committed 8872K, reserved 1048576K
}

Deoptimization events (10 events):
Event: 60.475 Thread 0x00000000197ec800 Uncommon trap: reason=unstable_if action=reinterpret pc=0x0000000003758af0 method=org.objectweb.asm.Type.getArgumentsAndReturnSizes(Ljava/lang/String;)I @ 109
Event: 60.475 Thread 0x00000000197ec800 Uncommon trap: reason=unstable_if action=reinterpret pc=0x0000000003dc9e7c method=org.objectweb.asm.Type.getArgumentsAndReturnSizes(Ljava/lang/String;)I @ 19
Event: 61.286 Thread 0x00000000197ec800 Uncommon trap: reason=bimorphic action=maybe_recompile pc=0x00000000041556b4 method=java.util.Comparator.lambda$comparing$77a9974f$1(Ljava/util/function/Function;Ljava/lang/Object;Ljava/lang/Object;)I @ 2
Event: 61.286 Thread 0x00000000197ec800 Uncommon trap: reason=bimorphic action=maybe_recompile pc=0x00000000041556b4 method=java.util.Comparator.lambda$comparing$77a9974f$1(Ljava/util/function/Function;Ljava/lang/Object;Ljava/lang/Object;)I @ 2
Event: 61.286 Thread 0x00000000197ec800 Uncommon trap: reason=bimorphic action=maybe_recompile pc=0x00000000041556b4 method=java.util.Comparator.lambda$comparing$77a9974f$1(Ljava/util/function/Function;Ljava/lang/Object;Ljava/lang/Object;)I @ 2
Event: 61.286 Thread 0x00000000197ec800 Uncommon trap: reason=bimorphic action=maybe_recompile pc=0x00000000041556b4 method=java.util.Comparator.lambda$comparing$77a9974f$1(Ljava/util/function/Function;Ljava/lang/Object;Ljava/lang/Object;)I @ 2
Event: 62.362 Thread 0x00000000197ec800 Uncommon trap: reason=unstable_if action=reinterpret pc=0x00000000032691a8 method=java.util.regex.Pattern$BmpCharProperty.match(Ljava/util/regex/Matcher;ILjava/lang/CharSequence;)Z @ 34
Event: 62.370 Thread 0x00000000197ec800 Uncommon trap: reason=null_check action=make_not_entrant pc=0x000000000420a64c method=org.gradle.internal.instantiation.generator.AbstractClassGenerator.isPropertyProperty(Ljava/lang/Class;)Z @ 3
Event: 63.135 Thread 0x00000000197ec800 Uncommon trap: reason=unstable_if action=reinterpret pc=0x0000000003aebb68 method=com.esotericsoftware.kryo.io.Input.readString()Ljava/lang/String; @ 38
Event: 63.536 Thread 0x00000000197ec800 Uncommon trap: reason=predicate action=maybe_recompile pc=0x0000000002f774e0 method=com.google.common.base.CharMatcher.indexIn(Ljava/lang/CharSequence;I)I @ 22

Classes redefined (0 events):
No events

Internal exceptions (10 events):
Event: 59.541 Thread 0x00000000197ec800 Exception <a 'java/lang/ClassNotFoundException': com/android/build/gradle/tasks/MergeResources_DecoratedBeanInfo> (0x00000000e1eef3a0) thrown at [C:\src\AOSP-openjdk-git\hotspot\src\share\vm\classfile\systemDictionary.cpp, line 210]
Event: 59.542 Thread 0x00000000197ec800 Exception <a 'java/lang/ClassNotFoundException': com/android/build/gradle/tasks/MergeResourcesBeanInfo> (0x00000000e1f0c4a0) thrown at [C:\src\AOSP-openjdk-git\hotspot\src\share\vm\classfile\systemDictionary.cpp, line 210]
Event: 59.544 Thread 0x00000000197ec800 Exception <a 'java/lang/ClassNotFoundException': com/android/build/gradle/tasks/ResourceAwareTaskBeanInfo> (0x00000000e1f2ac18) thrown at [C:\src\AOSP-openjdk-git\hotspot\src\share\vm\classfile\systemDictionary.cpp, line 210]
Event: 59.545 Thread 0x00000000197ec800 Exception <a 'java/lang/ClassNotFoundException': com/android/build/gradle/internal/tasks/IncrementalTaskBeanInfo> (0x00000000e1f4b570) thrown at [C:\src\AOSP-openjdk-git\hotspot\src\share\vm\classfile\systemDictionary.cpp, line 210]
Event: 59.546 Thread 0x00000000197ec800 Exception <a 'java/lang/ClassNotFoundException': com/android/build/gradle/internal/tasks/AndroidVariantTaskBeanInfo> (0x00000000e1f6c7c0) thrown at [C:\src\AOSP-openjdk-git\hotspot\src\share\vm\classfile\systemDictionary.cpp, line 210]
Event: 59.548 Thread 0x00000000197ec800 Exception <a 'java/lang/ClassNotFoundException': com/android/build/gradle/internal/tasks/AndroidVariantTaskCustomizer> (0x00000000e1f8ed30) thrown at [C:\src\AOSP-openjdk-git\hotspot\src\share\vm\classfile\systemDictionary.cpp, line 210]
Event: 59.550 Thread 0x00000000197ec800 Exception <a 'java/lang/ClassNotFoundException': com/android/build/gradle/internal/tasks/IncrementalTaskCustomizer> (0x00000000e1fc87a0) thrown at [C:\src\AOSP-openjdk-git\hotspot\src\share\vm\classfile\systemDictionary.cpp, line 210]
Event: 59.552 Thread 0x00000000197ec800 Exception <a 'java/lang/ClassNotFoundException': com/android/build/gradle/tasks/ResourceAwareTaskCustomizer> (0x00000000e1ffcac0) thrown at [C:\src\AOSP-openjdk-git\hotspot\src\share\vm\classfile\systemDictionary.cpp, line 210]
Event: 59.554 Thread 0x00000000197ec800 Exception <a 'java/lang/ClassNotFoundException': com/android/build/gradle/tasks/MergeResourcesCustomizer> (0x00000000e203b670) thrown at [C:\src\AOSP-openjdk-git\hotspot\src\share\vm\classfile\systemDictionary.cpp, line 210]
Event: 59.556 Thread 0x00000000197ec800 Exception <a 'java/lang/ClassNotFoundException': com/android/build/gradle/tasks/MergeResources_DecoratedCustomizer> (0x00000000e209c2c0) thrown at [C:\src\AOSP-openjdk-git\hotspot\src\share\vm\classfile\systemDictionary.cpp, line 210]

Events (10 events):
Event: 63.561 Executing VM operation: Deoptimize
Event: 63.562 Executing VM operation: Deoptimize done
Event: 63.563 loading class org/gradle/api/internal/artifacts/transform/TransformationResult
Event: 63.563 loading class org/gradle/api/internal/artifacts/transform/TransformationResult done
Event: 63.564 loading class org/gradle/api/internal/artifacts/transform/DefaultExecutionGraphDependenciesResolver
Event: 63.564 loading class org/gradle/api/internal/artifacts/transform/DefaultExecutionGraphDependenciesResolver done
Event: 63.566 loading class org/gradle/api/internal/artifacts/transform/ArtifactTransformDependencies
Event: 63.566 loading class org/gradle/api/internal/artifacts/transform/ArtifactTransformDependencies done
Event: 63.567 loading class org/gradle/api/internal/artifacts/transform/DefaultExecutionGraphDependenciesResolver$1
Event: 63.567 loading class org/gradle/api/internal/artifacts/transform/DefaultExecutionGraphDependenciesResolver$1 done


Dynamic libraries:
0x00007ff70c380000 - 0x00007ff70c3b1000 	C:\Program Files\Android\Android Studio\jre\bin\java.exe
0x00007ffd05470000 - 0x00007ffd05651000 	C:\WINDOWS\SYSTEM32\ntdll.dll
0x00007ffd028f0000 - 0x00007ffd029a1000 	C:\WINDOWS\System32\KERNEL32.DLL
0x00007ffd01b40000 - 0x00007ffd01db3000 	C:\WINDOWS\System32\KERNELBASE.dll
0x00007ffd031d0000 - 0x00007ffd03271000 	C:\WINDOWS\System32\ADVAPI32.dll
0x00007ffd05130000 - 0x00007ffd051ce000 	C:\WINDOWS\System32\msvcrt.dll
0x00007ffd03c80000 - 0x00007ffd03cdb000 	C:\WINDOWS\System32\sechost.dll
0x00007ffd052e0000 - 0x00007ffd05404000 	C:\WINDOWS\System32\RPCRT4.dll
0x00007ffd03a70000 - 0x00007ffd03c00000 	C:\WINDOWS\System32\USER32.dll
0x00007ffd026c0000 - 0x00007ffd026e0000 	C:\WINDOWS\System32\win32u.dll
0x00007ffd052b0000 - 0x00007ffd052d8000 	C:\WINDOWS\System32\GDI32.dll
0x00007ffd02520000 - 0x00007ffd026b1000 	C:\WINDOWS\System32\gdi32full.dll
0x00007ffd018b0000 - 0x00007ffd0194f000 	C:\WINDOWS\System32\msvcp_win.dll
0x00007ffd026e0000 - 0x00007ffd027d8000 	C:\WINDOWS\System32\ucrtbase.dll
0x00007ffcefef0000 - 0x00007ffcf0159000 	C:\WINDOWS\WinSxS\amd64_microsoft.windows.common-controls_6595b64144ccf1df_6.0.17134.1246_none_d3ffb9d77c90723d\COMCTL32.dll
0x00007ffd02c60000 - 0x00007ffd02f81000 	C:\WINDOWS\System32\combase.dll
0x00007ffd01830000 - 0x00007ffd018a9000 	C:\WINDOWS\System32\bcryptPrimitives.dll
0x00007ffd03580000 - 0x00007ffd035ad000 	C:\WINDOWS\System32\IMM32.DLL
0x0000000068920000 - 0x00000000689f2000 	C:\Program Files\Android\Android Studio\jre\jre\bin\msvcr100.dll
0x0000000068b10000 - 0x000000006935b000 	C:\Program Files\Android\Android Studio\jre\jre\bin\server\jvm.dll
0x00007ffd05430000 - 0x00007ffd05438000 	C:\WINDOWS\System32\PSAPI.DLL
0x00007ffcfdb60000 - 0x00007ffcfdb69000 	C:\WINDOWS\SYSTEM32\WSOCK32.dll
0x00007ffd03390000 - 0x00007ffd033fc000 	C:\WINDOWS\System32\WS2_32.dll
0x00007ffcfe3a0000 - 0x00007ffcfe3c3000 	C:\WINDOWS\SYSTEM32\WINMM.dll
0x00007ffcf2990000 - 0x00007ffcf299a000 	C:\WINDOWS\SYSTEM32\VERSION.dll
0x00007ffcfe370000 - 0x00007ffcfe39a000 	C:\WINDOWS\SYSTEM32\WINMMBASE.dll
0x00007ffd024d0000 - 0x00007ffd02519000 	C:\WINDOWS\System32\cfgmgr32.dll
0x00007ffcfdb50000 - 0x00007ffcfdb5f000 	C:\Program Files\Android\Android Studio\jre\jre\bin\verify.dll
0x00007ffced780000 - 0x00007ffced7a9000 	C:\Program Files\Android\Android Studio\jre\jre\bin\java.dll
0x00007ffcee5c0000 - 0x00007ffcee5d6000 	C:\Program Files\Android\Android Studio\jre\jre\bin\zip.dll
0x00007ffd03ce0000 - 0x00007ffd05125000 	C:\WINDOWS\System32\SHELL32.dll
0x00007ffd032e0000 - 0x00007ffd03389000 	C:\WINDOWS\System32\shcore.dll
0x00007ffd01dc0000 - 0x00007ffd024d0000 	C:\WINDOWS\System32\windows.storage.dll
0x00007ffd03280000 - 0x00007ffd032d1000 	C:\WINDOWS\System32\shlwapi.dll
0x00007ffd01810000 - 0x00007ffd01821000 	C:\WINDOWS\System32\kernel.appcore.dll
0x00007ffd01770000 - 0x00007ffd0178f000 	C:\WINDOWS\System32\profapi.dll
0x00007ffd017c0000 - 0x00007ffd0180c000 	C:\WINDOWS\System32\powrprof.dll
0x00007ffd017b0000 - 0x00007ffd017ba000 	C:\WINDOWS\System32\FLTLIB.DLL
0x00007ffcee4b0000 - 0x00007ffcee4ca000 	C:\Program Files\Android\Android Studio\jre\jre\bin\net.dll
0x00007ffd00ff0000 - 0x00007ffd01056000 	C:\WINDOWS\system32\mswsock.dll
0x00007ffcee520000 - 0x00007ffcee533000 	C:\Program Files\Android\Android Studio\jre\jre\bin\nio.dll
0x00007ffcfa530000 - 0x00007ffcfa556000 	C:\Users\Ahmed\.gradle\native\31\windows-amd64\native-platform.dll
0x00007ffcf4eb0000 - 0x00007ffcf4ebd000 	C:\Program Files\Android\Android Studio\jre\jre\bin\management.dll
0x00007ffd011a0000 - 0x00007ffd011b7000 	C:\WINDOWS\SYSTEM32\CRYPTSP.dll
0x00007ffd00ba0000 - 0x00007ffd00bd3000 	C:\WINDOWS\system32\rsaenh.dll
0x00007ffd012d0000 - 0x00007ffd012f5000 	C:\WINDOWS\SYSTEM32\bcrypt.dll
0x00007ffd016a0000 - 0x00007ffd016c8000 	C:\WINDOWS\SYSTEM32\USERENV.dll
0x00007ffd011c0000 - 0x00007ffd011cb000 	C:\WINDOWS\SYSTEM32\CRYPTBASE.dll
0x00007ffd00d40000 - 0x00007ffd00d78000 	C:\WINDOWS\SYSTEM32\IPHLPAPI.DLL
0x00007ffd051d0000 - 0x00007ffd051d8000 	C:\WINDOWS\System32\NSI.dll
0x00007ffcf9a10000 - 0x00007ffcf9a26000 	C:\WINDOWS\SYSTEM32\dhcpcsvc6.DLL
0x00007ffcf99f0000 - 0x00007ffcf9a0a000 	C:\WINDOWS\SYSTEM32\dhcpcsvc.DLL

VM Arguments:
jvm_args: -Xmx1536m -Dfile.encoding=windows-1256 -Duser.country=GB -Duser.language=en -Duser.variant 
java_command: org.gradle.launcher.daemon.bootstrap.GradleDaemon 6.1.1
java_class_path (initial): C:\Users\Ahmed\.gradle\wrapper\dists\gradle-6.1.1-all\cfmwm155h49vnt3hynmlrsdst\gradle-6.1.1\lib\gradle-launcher-6.1.1.jar
Launcher Type: SUN_STANDARD

Environment Variables:
PATH=C:\Program Files (x86)\Common Files\Oracle\Java\javapath;C:\WINDOWS\system32;C:\WINDOWS;C:\WINDOWS\System32\Wbem;C:\WINDOWS\System32\WindowsPowerShell\v1.0\;C:\Program Files\nodejs\;C:\WINDOWS\System32\OpenSSH\;C:\Program Files\Git\cmd;C:\Users\Ahmed\AppData\Roaming\npm;%USERPROFILE%\AppData\Local\Microsoft\WindowsApps;
USERNAME=Ahmed
OS=Windows_NT
PROCESSOR_IDENTIFIER=Intel64 Family 6 Model 58 Stepping 9, GenuineIntel



---------------  S Y S T E M  ---------------

OS: Windows 10.0 , 64 bit Build 17134 (10.0.17134.753)

CPU:total 4 (initial active 4) (2 cores per cpu, 2 threads per core) family 6 model 58 stepping 9, cmov, cx8, fxsr, mmx, sse, sse2, sse3, ssse3, sse4.1, sse4.2, popcnt, avx, aes, clmul, erms, ht, tsc, tscinvbit, tscinv

Memory: 4k page, physical 16637484k(3107180k free), swap 34924008k(5844k free)

vm_info: OpenJDK 64-Bit Server VM (25.242-b01) for windows-amd64 JRE (1.8.0_242-release-1644-b01), built by "builder" with MS VC++ 10.0 (VS2010)

time: Tue Oct 20 14:11:35 2020
timezone: Egypt Standard Time
elapsed time: 63 seconds (0d 0h 1m 3s)

